<?xml version="1.0" encoding="UTF-8"?>
<!-- Generated by org.testng.reporters.JUnitXMLReporter -->
<testsuite hostname="AASHYD-4B6B2X2" ignored="0" name="Asset" tests="465" failures="1" timestamp="2020-11-09T23:11:14 IST" time="9746.327" errors="0">
  <testcase name="ASST01" time="1.327" classname="com.vrt.testcases.assetCreationTest"/>
  <testcase name="ASST02" time="5.264" classname="com.vrt.testcases.assetCreationTest"/>
  <testcase name="ASST02" time="5.185" classname="com.vrt.testcases.assetCreationTest"/>
  <testcase name="ASST02" time="5.269" classname="com.vrt.testcases.assetCreationTest"/>
  <testcase name="ASST02" time="5.495" classname="com.vrt.testcases.assetCreationTest"/>
  <testcase name="ASST02" time="5.13" classname="com.vrt.testcases.assetCreationTest"/>
  <testcase name="ASST02" time="5.177" classname="com.vrt.testcases.assetCreationTest"/>
  <testcase name="ASST02" time="5.35" classname="com.vrt.testcases.assetCreationTest"/>
  <testcase name="ASST02" time="5.268" classname="com.vrt.testcases.assetCreationTest"/>
  <testcase name="ASST03" time="0.449" classname="com.vrt.testcases.assetCreationTest">
    <failure type="org.testng.internal.reflect.MethodMatcherException" message="
[public void com.vrt.testcases.assetCreationTest.ASST03(java.lang.String,java.lang.String,java.lang.String,java.lang.String,java.lang.String,java.lang.String) throws java.lang.InterruptedException] has no parameters defined but was found to be using a data provider (either explicitly specified or inherited from class level annotation).
Data provider mismatch
Method: ASST03([Parameter{index=0, type=java.lang.String, declaredAnnotations=[]}, Parameter{index=1, type=java.lang.String, declaredAnnotations=[]}, Parameter{index=2, type=java.lang.String, declaredAnnotations=[]}, Parameter{index=3, type=java.lang.String, declaredAnnotations=[]}, Parameter{index=4, type=java.lang.String, declaredAnnotations=[]}, Parameter{index=5, type=java.lang.String, declaredAnnotations=[]}])
Arguments: [(java.lang.String)   ,(java.lang.String) testID,(java.lang.String) HeatBath,(java.lang.String) AAS,(java.lang.String) Hyderabad,(java.lang.String) Name is mandatory, please enter Name,(java.lang.String) 5.0,(java.lang.String) Welcome5@AM]">
      <![CDATA[org.testng.internal.reflect.MethodMatcherException: 
[public void com.vrt.testcases.assetCreationTest.ASST03(java.lang.String,java.lang.String,java.lang.String,java.lang.String,java.lang.String,java.lang.String) throws java.lang.InterruptedException] has no parameters defined but was found to be using a data provider (either explicitly specified or inherited from class level annotation).
Data provider mismatch
Method: ASST03([Parameter{index=0, type=java.lang.String, declaredAnnotations=[]}, Parameter{index=1, type=java.lang.String, declaredAnnotations=[]}, Parameter{index=2, type=java.lang.String, declaredAnnotations=[]}, Parameter{index=3, type=java.lang.String, declaredAnnotations=[]}, Parameter{index=4, type=java.lang.String, declaredAnnotations=[]}, Parameter{index=5, type=java.lang.String, declaredAnnotations=[]}])
Arguments: [(java.lang.String)   ,(java.lang.String) testID,(java.lang.String) HeatBath,(java.lang.String) AAS,(java.lang.String) Hyderabad,(java.lang.String) Name is mandatory, please enter Name,(java.lang.String) 5.0,(java.lang.String) Welcome5@AM]
at org.testng.internal.reflect.DataProviderMethodMatcher.getConformingArguments(DataProviderMethodMatcher.java:43)
at org.testng.internal.Parameters.injectParameters(Parameters.java:905)
at org.testng.internal.MethodRunner.runInSequence(MethodRunner.java:34)
at org.testng.internal.TestInvoker$MethodInvocationAgent.invoke(TestInvoker.java:822)
at org.testng.internal.TestInvoker.invokeTestMethods(TestInvoker.java:147)
at org.testng.internal.TestMethodWorker.invokeTestMethods(TestMethodWorker.java:146)
at org.testng.internal.TestMethodWorker.run(TestMethodWorker.java:128)
at java.util.ArrayList.forEach(Unknown Source)
at org.testng.TestRunner.privateRun(TestRunner.java:764)
at org.testng.TestRunner.run(TestRunner.java:585)
at org.testng.SuiteRunner.runTest(SuiteRunner.java:384)
at org.testng.SuiteRunner.runSequentially(SuiteRunner.java:378)
at org.testng.SuiteRunner.privateRun(SuiteRunner.java:337)
at org.testng.SuiteRunner.run(SuiteRunner.java:286)
at org.testng.SuiteRunnerWorker.runSuite(SuiteRunnerWorker.java:53)
at org.testng.SuiteRunnerWorker.run(SuiteRunnerWorker.java:96)
at org.testng.TestNG.runSuitesSequentially(TestNG.java:1218)
at org.testng.TestNG.runSuitesLocally(TestNG.java:1140)
at org.testng.TestNG.runSuites(TestNG.java:1069)
at org.testng.TestNG.run(TestNG.java:1037)
at org.testng.remote.AbstractRemoteTestNG.run(AbstractRemoteTestNG.java:115)
at org.testng.remote.RemoteTestNG.initAndRun(RemoteTestNG.java:251)
at org.testng.remote.RemoteTestNG.main(RemoteTestNG.java:77)
]]>
    </failure>
  </testcase> <!-- ASST03 -->
  <testcase name="ASST04" time="0.892" classname="com.vrt.testcases.assetCreationTest"/>
  <testcase name="ASST05" time="5.206" classname="com.vrt.testcases.assetCreationTest"/>
  <testcase name="ASST05" time="5.261" classname="com.vrt.testcases.assetCreationTest"/>
  <testcase name="ASST05" time="5.408" classname="com.vrt.testcases.assetCreationTest"/>
  <testcase name="ASST05" time="5.373" classname="com.vrt.testcases.assetCreationTest"/>
  <testcase name="ASST05" time="5.298" classname="com.vrt.testcases.assetCreationTest"/>
  <testcase name="ASST05" time="5.317" classname="com.vrt.testcases.assetCreationTest"/>
  <testcase name="ASST05" time="5.476" classname="com.vrt.testcases.assetCreationTest"/>
  <testcase name="ASST05" time="5.369" classname="com.vrt.testcases.assetCreationTest"/>
  <testcase name="ASST06" time="5.357" classname="com.vrt.testcases.assetCreationTest"/>
  <testcase name="ASST06" time="5.21" classname="com.vrt.testcases.assetCreationTest"/>
  <testcase name="ASST06" time="5.324" classname="com.vrt.testcases.assetCreationTest"/>
  <testcase name="ASST06" time="5.446" classname="com.vrt.testcases.assetCreationTest"/>
  <testcase name="ASST06" time="5.389" classname="com.vrt.testcases.assetCreationTest"/>
  <testcase name="ASST06" time="5.237" classname="com.vrt.testcases.assetCreationTest"/>
  <testcase name="ASST06" time="5.495" classname="com.vrt.testcases.assetCreationTest"/>
  <testcase name="ASST06" time="5.243" classname="com.vrt.testcases.assetCreationTest"/>
  <testcase name="ASST06" time="5.345" classname="com.vrt.testcases.assetCreationTest"/>
  <testcase name="ASST06" time="5.463" classname="com.vrt.testcases.assetCreationTest"/>
  <testcase name="ASST06" time="5.291" classname="com.vrt.testcases.assetCreationTest"/>
  <testcase name="ASST06" time="5.281" classname="com.vrt.testcases.assetCreationTest"/>
  <testcase name="ASST06" time="5.344" classname="com.vrt.testcases.assetCreationTest"/>
  <testcase name="ASST06" time="5.328" classname="com.vrt.testcases.assetCreationTest"/>
  <testcase name="ASST06" time="5.296" classname="com.vrt.testcases.assetCreationTest"/>
  <testcase name="ASST06" time="5.462" classname="com.vrt.testcases.assetCreationTest"/>
  <testcase name="ASST06" time="5.581" classname="com.vrt.testcases.assetCreationTest"/>
  <testcase name="ASST06" time="5.389" classname="com.vrt.testcases.assetCreationTest"/>
  <testcase name="ASST06" time="5.342" classname="com.vrt.testcases.assetCreationTest"/>
  <testcase name="ASST06" time="5.353" classname="com.vrt.testcases.assetCreationTest"/>
  <testcase name="ASST06" time="5.138" classname="com.vrt.testcases.assetCreationTest"/>
  <testcase name="ASST06" time="5.357" classname="com.vrt.testcases.assetCreationTest"/>
  <testcase name="ASST06" time="5.237" classname="com.vrt.testcases.assetCreationTest"/>
  <testcase name="ASST06" time="5.338" classname="com.vrt.testcases.assetCreationTest"/>
  <testcase name="ASST06" time="5.366" classname="com.vrt.testcases.assetCreationTest"/>
  <testcase name="ASST06" time="5.348" classname="com.vrt.testcases.assetCreationTest"/>
  <testcase name="ASST07" time="0.018" classname="com.vrt.testcases.assetCreationTest"/>
  <testcase name="ASST08" time="2.531" classname="com.vrt.testcases.assetCreationTest"/>
  <testcase name="ASST09" time="5.133" classname="com.vrt.testcases.assetCreationTest"/>
  <testcase name="ASST09" time="5.148" classname="com.vrt.testcases.assetCreationTest"/>
  <testcase name="ASST09" time="5.262" classname="com.vrt.testcases.assetCreationTest"/>
  <testcase name="ASST09" time="5.367" classname="com.vrt.testcases.assetCreationTest"/>
  <testcase name="ASST09" time="5.196" classname="com.vrt.testcases.assetCreationTest"/>
  <testcase name="ASST09" time="5.297" classname="com.vrt.testcases.assetCreationTest"/>
  <testcase name="ASST09" time="5.172" classname="com.vrt.testcases.assetCreationTest"/>
  <testcase name="ASST09" time="5.296" classname="com.vrt.testcases.assetCreationTest"/>
  <testcase name="ASST10" time="4.57" classname="com.vrt.testcases.assetCreationTest"/>
  <testcase name="ASST10" time="4.92" classname="com.vrt.testcases.assetCreationTest"/>
  <testcase name="ASST10" time="4.763" classname="com.vrt.testcases.assetCreationTest"/>
  <testcase name="ASST10" time="4.963" classname="com.vrt.testcases.assetCreationTest"/>
  <testcase name="ASST10" time="4.805" classname="com.vrt.testcases.assetCreationTest"/>
  <testcase name="ASST10" time="5.057" classname="com.vrt.testcases.assetCreationTest"/>
  <testcase name="ASST10" time="5.146" classname="com.vrt.testcases.assetCreationTest"/>
  <testcase name="ASST10" time="5.194" classname="com.vrt.testcases.assetCreationTest"/>
  <testcase name="ASST10" time="5.28" classname="com.vrt.testcases.assetCreationTest"/>
  <testcase name="ASST10" time="5.189" classname="com.vrt.testcases.assetCreationTest"/>
  <testcase name="ASST10" time="5.218" classname="com.vrt.testcases.assetCreationTest"/>
  <testcase name="ASST10" time="5.196" classname="com.vrt.testcases.assetCreationTest"/>
  <testcase name="ASST10" time="5.228" classname="com.vrt.testcases.assetCreationTest"/>
  <testcase name="ASST10" time="5.21" classname="com.vrt.testcases.assetCreationTest"/>
  <testcase name="ASST10" time="5.196" classname="com.vrt.testcases.assetCreationTest"/>
  <testcase name="ASST10" time="5.258" classname="com.vrt.testcases.assetCreationTest"/>
  <testcase name="ASST10" time="5.231" classname="com.vrt.testcases.assetCreationTest"/>
  <testcase name="ASST10" time="5.225" classname="com.vrt.testcases.assetCreationTest"/>
  <testcase name="ASST10" time="5.224" classname="com.vrt.testcases.assetCreationTest"/>
  <testcase name="ASST10" time="5.205" classname="com.vrt.testcases.assetCreationTest"/>
  <testcase name="ASST10" time="5.211" classname="com.vrt.testcases.assetCreationTest"/>
  <testcase name="ASST10" time="5.375" classname="com.vrt.testcases.assetCreationTest"/>
  <testcase name="ASST10" time="5.153" classname="com.vrt.testcases.assetCreationTest"/>
  <testcase name="ASST10" time="5.227" classname="com.vrt.testcases.assetCreationTest"/>
  <testcase name="ASST10" time="5.232" classname="com.vrt.testcases.assetCreationTest"/>
  <testcase name="ASST10" time="5.199" classname="com.vrt.testcases.assetCreationTest"/>
  <testcase name="ASST11" time="50.567" classname="com.vrt.testcases.assetCreationTest"/>
  <testcase name="ASST12" time="0.034" classname="com.vrt.testcases.assetCreationTest"/>
  <testcase name="ASST122a" time="6.007" classname="com.vrt.testcases.assetCreationTest"/>
  <testcase name="ASST122a" time="5.884" classname="com.vrt.testcases.assetCreationTest"/>
  <testcase name="ASST122a" time="6.187" classname="com.vrt.testcases.assetCreationTest"/>
  <testcase name="ASST122a" time="5.719" classname="com.vrt.testcases.assetCreationTest"/>
  <testcase name="ASST122a" time="5.988" classname="com.vrt.testcases.assetCreationTest"/>
  <testcase name="ASST122a" time="6.135" classname="com.vrt.testcases.assetCreationTest"/>
  <testcase name="ASST122a" time="5.743" classname="com.vrt.testcases.assetCreationTest"/>
  <testcase name="ASST122a" time="5.721" classname="com.vrt.testcases.assetCreationTest"/>
  <testcase name="ASST122a" time="5.834" classname="com.vrt.testcases.assetCreationTest"/>
  <testcase name="ASST122a" time="6.101" classname="com.vrt.testcases.assetCreationTest"/>
  <testcase name="ASST122a" time="5.93" classname="com.vrt.testcases.assetCreationTest"/>
  <testcase name="ASST122a" time="5.945" classname="com.vrt.testcases.assetCreationTest"/>
  <testcase name="ASST122a" time="5.706" classname="com.vrt.testcases.assetCreationTest"/>
  <testcase name="ASST122a" time="5.863" classname="com.vrt.testcases.assetCreationTest"/>
  <testcase name="ASST122a" time="6.183" classname="com.vrt.testcases.assetCreationTest"/>
  <testcase name="ASST122a" time="5.787" classname="com.vrt.testcases.assetCreationTest"/>
  <testcase name="ASST122a" time="5.818" classname="com.vrt.testcases.assetCreationTest"/>
  <testcase name="ASST122a" time="6.08" classname="com.vrt.testcases.assetCreationTest"/>
  <testcase name="ASST122a" time="6.109" classname="com.vrt.testcases.assetCreationTest"/>
  <testcase name="ASST122a" time="5.998" classname="com.vrt.testcases.assetCreationTest"/>
  <testcase name="ASST122a" time="5.999" classname="com.vrt.testcases.assetCreationTest"/>
  <testcase name="ASST122a" time="5.939" classname="com.vrt.testcases.assetCreationTest"/>
  <testcase name="ASST122a" time="5.916" classname="com.vrt.testcases.assetCreationTest"/>
  <testcase name="ASST122a" time="6.006" classname="com.vrt.testcases.assetCreationTest"/>
  <testcase name="ASST122a" time="5.977" classname="com.vrt.testcases.assetCreationTest"/>
  <testcase name="ASST122a" time="6.101" classname="com.vrt.testcases.assetCreationTest"/>
  <testcase name="ASST13" time="5.172" classname="com.vrt.testcases.assetCreationTest"/>
  <testcase name="ASST14a" time="5.15" classname="com.vrt.testcases.assetCreationTest"/>
  <testcase name="ASST14a" time="5.229" classname="com.vrt.testcases.assetCreationTest"/>
  <testcase name="ASST14a" time="5.151" classname="com.vrt.testcases.assetCreationTest"/>
  <testcase name="ASST14a" time="5.154" classname="com.vrt.testcases.assetCreationTest"/>
  <testcase name="ASST14a" time="5.204" classname="com.vrt.testcases.assetCreationTest"/>
  <testcase name="ASST14a" time="5.171" classname="com.vrt.testcases.assetCreationTest"/>
  <testcase name="ASST14a" time="5.17" classname="com.vrt.testcases.assetCreationTest"/>
  <testcase name="ASST14a" time="5.125" classname="com.vrt.testcases.assetCreationTest"/>
  <testcase name="ASST14b" time="1.899" classname="com.vrt.testcases.assetCreationTest"/>
  <testcase name="ASST16" time="12.994" classname="com.vrt.testcases.assetCreationTest"/>
  <testcase name="ASST17" time="5.172" classname="com.vrt.testcases.assetCreationTest"/>
  <testcase name="ASST18" time="5.344" classname="com.vrt.testcases.assetCreationTest"/>
  <testcase name="ASST18" time="5.153" classname="com.vrt.testcases.assetCreationTest"/>
  <testcase name="ASST18" time="5.288" classname="com.vrt.testcases.assetCreationTest"/>
  <testcase name="ASST18" time="5.379" classname="com.vrt.testcases.assetCreationTest"/>
  <testcase name="ASST18" time="5.218" classname="com.vrt.testcases.assetCreationTest"/>
  <testcase name="ASST18" time="5.344" classname="com.vrt.testcases.assetCreationTest"/>
  <testcase name="ASST18" time="5.292" classname="com.vrt.testcases.assetCreationTest"/>
  <testcase name="ASST18" time="5.122" classname="com.vrt.testcases.assetCreationTest"/>
  <testcase name="ASST19" time="5.744" classname="com.vrt.testcases.assetCreationTest"/>
  <testcase name="ASST19" time="5.616" classname="com.vrt.testcases.assetCreationTest"/>
  <testcase name="ASST19" time="5.563" classname="com.vrt.testcases.assetCreationTest"/>
  <testcase name="ASST19" time="5.652" classname="com.vrt.testcases.assetCreationTest"/>
  <testcase name="ASST19" time="5.83" classname="com.vrt.testcases.assetCreationTest"/>
  <testcase name="ASST19" time="5.561" classname="com.vrt.testcases.assetCreationTest"/>
  <testcase name="ASST19" time="5.707" classname="com.vrt.testcases.assetCreationTest"/>
  <testcase name="ASST19" time="5.792" classname="com.vrt.testcases.assetCreationTest"/>
  <testcase name="ASST19" time="5.54" classname="com.vrt.testcases.assetCreationTest"/>
  <testcase name="ASST19" time="5.589" classname="com.vrt.testcases.assetCreationTest"/>
  <testcase name="ASST19" time="5.589" classname="com.vrt.testcases.assetCreationTest"/>
  <testcase name="ASST19" time="5.568" classname="com.vrt.testcases.assetCreationTest"/>
  <testcase name="ASST19" time="5.555" classname="com.vrt.testcases.assetCreationTest"/>
  <testcase name="ASST19" time="5.824" classname="com.vrt.testcases.assetCreationTest"/>
  <testcase name="ASST19" time="5.584" classname="com.vrt.testcases.assetCreationTest"/>
  <testcase name="ASST19" time="5.543" classname="com.vrt.testcases.assetCreationTest"/>
  <testcase name="ASST19" time="5.64" classname="com.vrt.testcases.assetCreationTest"/>
  <testcase name="ASST19" time="5.547" classname="com.vrt.testcases.assetCreationTest"/>
  <testcase name="ASST19" time="5.527" classname="com.vrt.testcases.assetCreationTest"/>
  <testcase name="ASST19" time="5.558" classname="com.vrt.testcases.assetCreationTest"/>
  <testcase name="ASST19" time="5.843" classname="com.vrt.testcases.assetCreationTest"/>
  <testcase name="ASST19" time="5.651" classname="com.vrt.testcases.assetCreationTest"/>
  <testcase name="ASST19" time="5.616" classname="com.vrt.testcases.assetCreationTest"/>
  <testcase name="ASST19" time="5.631" classname="com.vrt.testcases.assetCreationTest"/>
  <testcase name="ASST19" time="5.8" classname="com.vrt.testcases.assetCreationTest"/>
  <testcase name="ASST19" time="5.618" classname="com.vrt.testcases.assetCreationTest"/>
  <testcase name="ASST20" time="2.339" classname="com.vrt.testcases.assetCreationTest"/>
  <testcase name="ASST21" time="5.798" classname="com.vrt.testcases.assetCreationTest"/>
  <testcase name="ASST21" time="5.711" classname="com.vrt.testcases.assetCreationTest"/>
  <testcase name="ASST21" time="5.78" classname="com.vrt.testcases.assetCreationTest"/>
  <testcase name="ASST21" time="5.737" classname="com.vrt.testcases.assetCreationTest"/>
  <testcase name="ASST21" time="5.724" classname="com.vrt.testcases.assetCreationTest"/>
  <testcase name="ASST21" time="5.865" classname="com.vrt.testcases.assetCreationTest"/>
  <testcase name="ASST21" time="5.907" classname="com.vrt.testcases.assetCreationTest"/>
  <testcase name="ASST21" time="6.035" classname="com.vrt.testcases.assetCreationTest"/>
  <testcase name="ASST22" time="5.727" classname="com.vrt.testcases.assetCreationTest"/>
  <testcase name="ASST22" time="5.776" classname="com.vrt.testcases.assetCreationTest"/>
  <testcase name="ASST22" time="5.924" classname="com.vrt.testcases.assetCreationTest"/>
  <testcase name="ASST22" time="5.664" classname="com.vrt.testcases.assetCreationTest"/>
  <testcase name="ASST22" time="6.071" classname="com.vrt.testcases.assetCreationTest"/>
  <testcase name="ASST22" time="5.786" classname="com.vrt.testcases.assetCreationTest"/>
  <testcase name="ASST22" time="5.817" classname="com.vrt.testcases.assetCreationTest"/>
  <testcase name="ASST22" time="5.757" classname="com.vrt.testcases.assetCreationTest"/>
  <testcase name="ASST22" time="6.166" classname="com.vrt.testcases.assetCreationTest"/>
  <testcase name="ASST22" time="5.959" classname="com.vrt.testcases.assetCreationTest"/>
  <testcase name="ASST22" time="5.769" classname="com.vrt.testcases.assetCreationTest"/>
  <testcase name="ASST22" time="5.791" classname="com.vrt.testcases.assetCreationTest"/>
  <testcase name="ASST22" time="6.164" classname="com.vrt.testcases.assetCreationTest"/>
  <testcase name="ASST22" time="5.884" classname="com.vrt.testcases.assetCreationTest"/>
  <testcase name="ASST22" time="5.745" classname="com.vrt.testcases.assetCreationTest"/>
  <testcase name="ASST22" time="6.086" classname="com.vrt.testcases.assetCreationTest"/>
  <testcase name="ASST22" time="5.924" classname="com.vrt.testcases.assetCreationTest"/>
  <testcase name="ASST22" time="5.788" classname="com.vrt.testcases.assetCreationTest"/>
  <testcase name="ASST22" time="5.982" classname="com.vrt.testcases.assetCreationTest"/>
  <testcase name="ASST22" time="5.728" classname="com.vrt.testcases.assetCreationTest"/>
  <testcase name="ASST22" time="5.789" classname="com.vrt.testcases.assetCreationTest"/>
  <testcase name="ASST22" time="5.767" classname="com.vrt.testcases.assetCreationTest"/>
  <testcase name="ASST22" time="5.743" classname="com.vrt.testcases.assetCreationTest"/>
  <testcase name="ASST22" time="5.841" classname="com.vrt.testcases.assetCreationTest"/>
  <testcase name="ASST23" time="6.257" classname="com.vrt.testcases.assetCreationTest"/>
  <testcase name="ASST24" time="6.368" classname="com.vrt.testcases.assetCreationTest"/>
  <testcase name="ASST24" time="6.304" classname="com.vrt.testcases.assetCreationTest"/>
  <testcase name="ASST24" time="6.67" classname="com.vrt.testcases.assetCreationTest"/>
  <testcase name="ASST24" time="6.734" classname="com.vrt.testcases.assetCreationTest"/>
  <testcase name="ASST24" time="6.491" classname="com.vrt.testcases.assetCreationTest"/>
  <testcase name="ASST24" time="6.384" classname="com.vrt.testcases.assetCreationTest"/>
  <testcase name="ASST24" time="6.669" classname="com.vrt.testcases.assetCreationTest"/>
  <testcase name="ASST24" time="6.395" classname="com.vrt.testcases.assetCreationTest"/>
  <testcase name="ASST25" time="5.904" classname="com.vrt.testcases.assetCreationTest"/>
  <testcase name="ASST25" time="5.894" classname="com.vrt.testcases.assetCreationTest"/>
  <testcase name="ASST25" time="5.843" classname="com.vrt.testcases.assetCreationTest"/>
  <testcase name="ASST25" time="6.205" classname="com.vrt.testcases.assetCreationTest"/>
  <testcase name="ASST25" time="6.313" classname="com.vrt.testcases.assetCreationTest"/>
  <testcase name="ASST25" time="6.237" classname="com.vrt.testcases.assetCreationTest"/>
  <testcase name="ASST25" time="5.833" classname="com.vrt.testcases.assetCreationTest"/>
  <testcase name="ASST25" time="5.832" classname="com.vrt.testcases.assetCreationTest"/>
  <testcase name="ASST25" time="5.837" classname="com.vrt.testcases.assetCreationTest"/>
  <testcase name="ASST25" time="5.989" classname="com.vrt.testcases.assetCreationTest"/>
  <testcase name="ASST25" time="5.856" classname="com.vrt.testcases.assetCreationTest"/>
  <testcase name="ASST25" time="5.878" classname="com.vrt.testcases.assetCreationTest"/>
  <testcase name="ASST25" time="5.917" classname="com.vrt.testcases.assetCreationTest"/>
  <testcase name="ASST25" time="6.003" classname="com.vrt.testcases.assetCreationTest"/>
  <testcase name="ASST25" time="6.169" classname="com.vrt.testcases.assetCreationTest"/>
  <testcase name="ASST25" time="5.8" classname="com.vrt.testcases.assetCreationTest"/>
  <testcase name="ASST25" time="5.85" classname="com.vrt.testcases.assetCreationTest"/>
  <testcase name="ASST25" time="6.08" classname="com.vrt.testcases.assetCreationTest"/>
  <testcase name="ASST25" time="5.88" classname="com.vrt.testcases.assetCreationTest"/>
  <testcase name="ASST25" time="6.603" classname="com.vrt.testcases.assetCreationTest"/>
  <testcase name="ASST25" time="6.296" classname="com.vrt.testcases.assetCreationTest"/>
  <testcase name="ASST25" time="6.333" classname="com.vrt.testcases.assetCreationTest"/>
  <testcase name="ASST25" time="6.272" classname="com.vrt.testcases.assetCreationTest"/>
  <testcase name="ASST25" time="6.33" classname="com.vrt.testcases.assetCreationTest"/>
  <testcase name="ASST25" time="6.737" classname="com.vrt.testcases.assetCreationTest"/>
  <testcase name="ASST25" time="6.462" classname="com.vrt.testcases.assetCreationTest"/>
  <testcase name="ASST25" time="6.787" classname="com.vrt.testcases.assetCreationTest"/>
  <testcase name="ASST25" time="6.626" classname="com.vrt.testcases.assetCreationTest"/>
  <testcase name="ASST25" time="6.421" classname="com.vrt.testcases.assetCreationTest"/>
  <testcase name="ASST25" time="6.437" classname="com.vrt.testcases.assetCreationTest"/>
  <testcase name="ASST26a" time="14.012" classname="com.vrt.testcases.assetCreationTest"/>
  <testcase name="ASST26b" time="0.016" classname="com.vrt.testcases.assetCreationTest"/>
  <testcase name="ASST26c" time="0.741" classname="com.vrt.testcases.assetCreationTest"/>
  <testcase name="ASST27" time="2.57" classname="com.vrt.testcases.assetCreationTest"/>
  <testcase name="ASST28" time="6.156" classname="com.vrt.testcases.assetCreationTest"/>
  <testcase name="ASST28" time="6.315" classname="com.vrt.testcases.assetCreationTest"/>
  <testcase name="ASST28" time="6.449" classname="com.vrt.testcases.assetCreationTest"/>
  <testcase name="ASST28" time="6.486" classname="com.vrt.testcases.assetCreationTest"/>
  <testcase name="ASST28" time="6.356" classname="com.vrt.testcases.assetCreationTest"/>
  <testcase name="ASST28" time="6.276" classname="com.vrt.testcases.assetCreationTest"/>
  <testcase name="ASST28" time="6.33" classname="com.vrt.testcases.assetCreationTest"/>
  <testcase name="ASST28" time="6.411" classname="com.vrt.testcases.assetCreationTest"/>
  <testcase name="ASST28" time="6.355" classname="com.vrt.testcases.assetCreationTest"/>
  <testcase name="ASST28" time="6.737" classname="com.vrt.testcases.assetCreationTest"/>
  <testcase name="ASST29" time="6.434" classname="com.vrt.testcases.assetCreationTest"/>
  <testcase name="ASST29" time="6.395" classname="com.vrt.testcases.assetCreationTest"/>
  <testcase name="ASST29" time="6.601" classname="com.vrt.testcases.assetCreationTest"/>
  <testcase name="ASST29" time="6.487" classname="com.vrt.testcases.assetCreationTest"/>
  <testcase name="ASST29" time="6.46" classname="com.vrt.testcases.assetCreationTest"/>
  <testcase name="ASST29" time="6.405" classname="com.vrt.testcases.assetCreationTest"/>
  <testcase name="ASST29" time="6.524" classname="com.vrt.testcases.assetCreationTest"/>
  <testcase name="ASST29" time="6.535" classname="com.vrt.testcases.assetCreationTest"/>
  <testcase name="ASST29" time="6.647" classname="com.vrt.testcases.assetCreationTest"/>
  <testcase name="ASST29" time="6.509" classname="com.vrt.testcases.assetCreationTest"/>
  <testcase name="ASST29" time="6.598" classname="com.vrt.testcases.assetCreationTest"/>
  <testcase name="ASST29" time="6.491" classname="com.vrt.testcases.assetCreationTest"/>
  <testcase name="ASST29" time="6.491" classname="com.vrt.testcases.assetCreationTest"/>
  <testcase name="ASST29" time="6.637" classname="com.vrt.testcases.assetCreationTest"/>
  <testcase name="ASST29" time="6.438" classname="com.vrt.testcases.assetCreationTest"/>
  <testcase name="ASST29" time="6.403" classname="com.vrt.testcases.assetCreationTest"/>
  <testcase name="ASST29" time="6.461" classname="com.vrt.testcases.assetCreationTest"/>
  <testcase name="ASST29" time="6.464" classname="com.vrt.testcases.assetCreationTest"/>
  <testcase name="ASST29" time="6.636" classname="com.vrt.testcases.assetCreationTest"/>
  <testcase name="ASST29" time="6.445" classname="com.vrt.testcases.assetCreationTest"/>
  <testcase name="ASST29" time="6.568" classname="com.vrt.testcases.assetCreationTest"/>
  <testcase name="ASST29" time="6.627" classname="com.vrt.testcases.assetCreationTest"/>
  <testcase name="ASST29" time="6.467" classname="com.vrt.testcases.assetCreationTest"/>
  <testcase name="ASST29" time="6.344" classname="com.vrt.testcases.assetCreationTest"/>
  <testcase name="ASST29" time="6.291" classname="com.vrt.testcases.assetCreationTest"/>
  <testcase name="ASST30a" time="0.036" classname="com.vrt.testcases.assetCreationTest"/>
  <testcase name="ASST30b" time="35.398" classname="com.vrt.testcases.assetCreationTest"/>
  <testcase name="ASST31a" time="0.077" classname="com.vrt.testcases.assetCreationTest"/>
  <testcase name="ASST31b" time="9.607" classname="com.vrt.testcases.assetCreationTest"/>
  <testcase name="ASST31c" time="0.838" classname="com.vrt.testcases.assetCreationTest"/>
  <testcase name="ASST31d" time="2.458" classname="com.vrt.testcases.assetCreationTest"/>
  <testcase name="ASST31e" time="2.49" classname="com.vrt.testcases.assetCreationTest"/>
  <testcase name="ASST32a" time="39.628" classname="com.vrt.testcases.assetCreationTest"/>
  <testcase name="ASST32b" time="36.612" classname="com.vrt.testcases.assetCreationTest"/>
  <testcase name="ASST32c" time="39.643" classname="com.vrt.testcases.assetCreationTest"/>
  <testcase name="ASST33" time="10.526" classname="com.vrt.testcases.assetCreationTest"/>
  <testcase name="ASST34" time="6.032" classname="com.vrt.testcases.assetCreationTest"/>
  <testcase name="ASST35" time="45.79" classname="com.vrt.testcases.assetCreationTest"/>
  <testcase name="ASST36" time="46.565" classname="com.vrt.testcases.assetCreationTest"/>
  <testcase name="ASST37" time="61.178" classname="com.vrt.testcases.assetCreationTest"/>
  <testcase name="ASST38" time="37.799" classname="com.vrt.testcases.assetCreationTest"/>
  <testcase name="ASST39" time="22.983" classname="com.vrt.testcases.assetCreationTest"/>
  <testcase name="ASST40" time="7.304" classname="com.vrt.testcases.assetCreationTest"/>
  <testcase name="ASST41" time="18.297" classname="com.vrt.testcases.assetCreationTest"/>
  <testcase name="ASST42" time="17.2" classname="com.vrt.testcases.assetCreationTest"/>
  <testcase name="ASST45" time="81.378" classname="com.vrt.testcases.assetCreationTest"/>
  <testcase name="ASST46a" time="82.532" classname="com.vrt.testcases.assetCreationTest"/>
  <testcase name="ASST46b" time="82.92" classname="com.vrt.testcases.assetCreationTest"/>
  <testcase name="ASST46c" time="83.488" classname="com.vrt.testcases.assetCreationTest"/>
  <testcase name="ASST47" time="22.137" classname="com.vrt.testcases.assetCreationTest"/>
  <testcase name="ASST48" time="13.359" classname="com.vrt.testcases.assetCreationTest"/>
  <testcase name="ASST49" time="74.623" classname="com.vrt.testcases.assetCreationTest"/>
  <testcase name="ASST50" time="0.806" classname="com.vrt.testcases.assetCreationTest"/>
  <testcase name="ASST51" time="1.502" classname="com.vrt.testcases.assetCreationTest"/>
  <testcase name="ASST52" time="1.386" classname="com.vrt.testcases.assetCreationTest"/>
  <testcase name="ASST54" time="1.254" classname="com.vrt.testcases.assetCreationTest"/>
  <testcase name="ASSTHB001" time="0.034" classname="com.vrt.testcases.assetHubTest"/>
  <testcase name="ASSTHB002" time="0.058" classname="com.vrt.testcases.assetHubTest"/>
  <testcase name="ASSTHB003" time="0.103" classname="com.vrt.testcases.assetHubTest"/>
  <testcase name="ASSTHB004" time="0.063" classname="com.vrt.testcases.assetHubTest"/>
  <testcase name="ASSTHB005" time="2.792" classname="com.vrt.testcases.assetHubTest"/>
  <testcase name="ASSTHB006a" time="21.453" classname="com.vrt.testcases.assetHubTest"/>
  <testcase name="ASSTHB006b" time="20.209" classname="com.vrt.testcases.assetHubTest"/>
  <testcase name="ASSTHB007" time="1.622" classname="com.vrt.testcases.assetHubTest"/>
  <testcase name="ASSTHB008" time="16.763" classname="com.vrt.testcases.assetHubTest"/>
  <testcase name="ASSTHB009" time="12.245" classname="com.vrt.testcases.assetHubTest"/>
  <testcase name="ASSTHB010" time="17.538" classname="com.vrt.testcases.assetHubTest"/>
  <testcase name="ASSTHB011" time="3.639" classname="com.vrt.testcases.assetHubTest"/>
  <testcase name="ASST001" time="0.13" classname="com.vrt.testcases.assetDetailsTest1"/>
  <testcase name="ASST001A" time="0.035" classname="com.vrt.testcases.assetDetailsTest1"/>
  <testcase name="ASST001B" time="31.643" classname="com.vrt.testcases.assetDetailsTest1"/>
  <testcase name="ASST002" time="1.359" classname="com.vrt.testcases.assetDetailsTest1"/>
  <testcase name="ASST003" time="2.803" classname="com.vrt.testcases.assetDetailsTest1"/>
  <testcase name="ASST004" time="20.782" classname="com.vrt.testcases.assetDetailsTest1"/>
  <testcase name="ASST006" time="5.067" classname="com.vrt.testcases.assetDetailsTest1"/>
  <testcase name="ASST007" time="3.838" classname="com.vrt.testcases.assetDetailsTest1"/>
  <testcase name="ASST008" time="12.486" classname="com.vrt.testcases.assetDetailsTest1"/>
  <testcase name="ASST009" time="12.842" classname="com.vrt.testcases.assetDetailsTest1"/>
  <testcase name="ASST012" time="8.617" classname="com.vrt.testcases.assetDetailsTest1"/>
  <testcase name="ASST013" time="0.123" classname="com.vrt.testcases.assetDetailsTest1"/>
  <testcase name="ASST014" time="4.673" classname="com.vrt.testcases.assetDetailsTest1"/>
  <testcase name="ASST015" time="3.819" classname="com.vrt.testcases.assetDetailsTest1"/>
  <testcase name="ASST017" time="1.229" classname="com.vrt.testcases.assetDetailsTest1"/>
  <testcase name="ASST018" time="5.403" classname="com.vrt.testcases.assetDetailsTest1"/>
  <testcase name="ASST020" time="13.427" classname="com.vrt.testcases.assetDetailsTest1"/>
  <testcase name="ASST023" time="4.203" classname="com.vrt.testcases.assetDetailsTest1"/>
  <testcase name="ASST024STP" time="5.658" classname="com.vrt.testcases.assetDetailsTest1"/>
  <testcase name="ASST024_A" time="5.644" classname="com.vrt.testcases.assetDetailsTest1"/>
  <testcase name="ASST024_A" time="5.692" classname="com.vrt.testcases.assetDetailsTest1"/>
  <testcase name="ASST024_A" time="5.597" classname="com.vrt.testcases.assetDetailsTest1"/>
  <testcase name="ASST024_A" time="5.515" classname="com.vrt.testcases.assetDetailsTest1"/>
  <testcase name="ASST024_A" time="5.699" classname="com.vrt.testcases.assetDetailsTest1"/>
  <testcase name="ASST024_A" time="23.329" classname="com.vrt.testcases.assetDetailsTest1">
    <skipped/>
  </testcase> <!-- ASST024_A -->
  <testcase name="ASST024_A" time="5.53" classname="com.vrt.testcases.assetDetailsTest1"/>
  <testcase name="ASST024_A" time="5.563" classname="com.vrt.testcases.assetDetailsTest1"/>
  <testcase name="ASST024_A" time="5.578" classname="com.vrt.testcases.assetDetailsTest1"/>
  <testcase name="ASST024_B" time="25.219" classname="com.vrt.testcases.assetDetailsTest1">
    <skipped/>
  </testcase> <!-- ASST024_B -->
  <testcase name="ASST024_B" time="25.882" classname="com.vrt.testcases.assetDetailsTest1">
    <skipped/>
  </testcase> <!-- ASST024_B -->
  <testcase name="ASST024_B" time="7.478" classname="com.vrt.testcases.assetDetailsTest1"/>
  <testcase name="ASST024_B" time="7.591" classname="com.vrt.testcases.assetDetailsTest1"/>
  <testcase name="ASST024_B" time="25.271" classname="com.vrt.testcases.assetDetailsTest1">
    <skipped/>
  </testcase> <!-- ASST024_B -->
  <testcase name="ASST024_B" time="25.474" classname="com.vrt.testcases.assetDetailsTest1">
    <skipped/>
  </testcase> <!-- ASST024_B -->
  <testcase name="ASST024_B" time="7.604" classname="com.vrt.testcases.assetDetailsTest1"/>
  <testcase name="ASST024_B" time="7.487" classname="com.vrt.testcases.assetDetailsTest1"/>
  <testcase name="ASST024_B" time="7.551" classname="com.vrt.testcases.assetDetailsTest1"/>
  <testcase name="ASST024_B" time="7.562" classname="com.vrt.testcases.assetDetailsTest1"/>
  <testcase name="ASST024_C" time="7.834" classname="com.vrt.testcases.assetDetailsTest1"/>
  <testcase name="ASST024_D" time="6.1" classname="com.vrt.testcases.assetDetailsTest1"/>
  <testcase name="ASST024_D" time="6.171" classname="com.vrt.testcases.assetDetailsTest1"/>
  <testcase name="ASST024_D" time="6.21" classname="com.vrt.testcases.assetDetailsTest1"/>
  <testcase name="ASST024_D" time="6.163" classname="com.vrt.testcases.assetDetailsTest1"/>
  <testcase name="ASST024_E" time="6.15" classname="com.vrt.testcases.assetDetailsTest1"/>
  <testcase name="ASST024_E" time="5.993" classname="com.vrt.testcases.assetDetailsTest1"/>
  <testcase name="ASST024_E" time="6.02" classname="com.vrt.testcases.assetDetailsTest1"/>
  <testcase name="ASST024_E" time="6.049" classname="com.vrt.testcases.assetDetailsTest1"/>
  <testcase name="ASST024_E" time="5.974" classname="com.vrt.testcases.assetDetailsTest1"/>
  <testcase name="ASST024_E" time="5.955" classname="com.vrt.testcases.assetDetailsTest1"/>
  <testcase name="ASST024_E" time="6.079" classname="com.vrt.testcases.assetDetailsTest1"/>
  <testcase name="ASST024_E" time="6.27" classname="com.vrt.testcases.assetDetailsTest1"/>
  <testcase name="ASST024_F" time="6.233" classname="com.vrt.testcases.assetDetailsTest1"/>
  <testcase name="ASST025STP" time="52.843" classname="com.vrt.testcases.assetDetailsTest1"/>
  <testcase name="ASST026STP" time="35.221" classname="com.vrt.testcases.assetDetailsTest1"/>
  <testcase name="ASST027" time="47.51" classname="com.vrt.testcases.assetDetailsTest1"/>
  <testcase name="ASST029" time="10.812" classname="com.vrt.testcases.assetDetailsTest1"/>
  <testcase name="ASST030" time="10.438" classname="com.vrt.testcases.assetDetailsTest1"/>
  <testcase name="ASST032" time="6.07" classname="com.vrt.testcases.assetDetailsTest1"/>
  <testcase name="ASST033" time="9.277" classname="com.vrt.testcases.assetDetailsTest1"/>
  <testcase name="ASST034" time="9.189" classname="com.vrt.testcases.assetDetailsTest1"/>
  <testcase name="ASST037" time="60.272" classname="com.vrt.testcases.assetDetailsTest1"/>
  <testcase name="ASST038" time="8.311" classname="com.vrt.testcases.assetDetailsTest1"/>
  <testcase name="ASST043" time="6.816" classname="com.vrt.testcases.assetDetailsTest1"/>
  <testcase name="ASST044" time="23.675" classname="com.vrt.testcases.assetDetailsTest1"/>
  <testcase name="ASST047" time="5.585" classname="com.vrt.testcases.assetDetailsTest1"/>
  <testcase name="ASST048" time="5.772" classname="com.vrt.testcases.assetDetailsTest1"/>
  <testcase name="ASST050" time="7.04" classname="com.vrt.testcases.assetDetailsTest1"/>
  <testcase name="ASST052A" time="5.573" classname="com.vrt.testcases.assetDetailsTest1"/>
  <testcase name="ASST052B" time="4.653" classname="com.vrt.testcases.assetDetailsTest1"/>
  <testcase name="ASST053A" time="23.965" classname="com.vrt.testcases.assetDetailsTest1"/>
  <testcase name="ASST053B" time="11.2" classname="com.vrt.testcases.assetDetailsTest1"/>
  <testcase name="ASST054A_REP" time="14.412" classname="com.vrt.testcases.assetDetailsTest1"/>
  <testcase name="ASST056" time="9.263" classname="com.vrt.testcases.assetDetailsTest1"/>
  <testcase name="ASST059" time="24.49" classname="com.vrt.testcases.assetDetailsTest1"/>
  <testcase name="ASST062" time="24.575" classname="com.vrt.testcases.assetDetailsTest1"/>
  <testcase name="ASST065" time="21.026" classname="com.vrt.testcases.assetDetailsTest1"/>
  <testcase name="ASST068" time="10.302" classname="com.vrt.testcases.assetDetailsTest1"/>
  <testcase name="ASST074" time="7.234" classname="com.vrt.testcases.assetDetailsTest1"/>
  <testcase name="ASST075" time="9.938" classname="com.vrt.testcases.assetDetailsTest1"/>
  <testcase name="ASST076" time="10.352" classname="com.vrt.testcases.assetDetailsTest1"/>
  <testcase name="ASST077" time="27.812" classname="com.vrt.testcases.assetDetailsTest1"/>
  <testcase name="ASST078" time="23.147" classname="com.vrt.testcases.assetDetailsTest1"/>
  <testcase name="ASST081" time="11.243" classname="com.vrt.testcases.assetDetailsTest1"/>
  <testcase name="ASST084" time="10.579" classname="com.vrt.testcases.assetDetailsTest1"/>
  <testcase name="ASST086" time="0.65" classname="com.vrt.testcases.assetDetailsTest1"/>
  <testcase name="ASST087" time="1.416" classname="com.vrt.testcases.assetDetailsTest1"/>
  <testcase name="ASST088" time="1.175" classname="com.vrt.testcases.assetDetailsTest1"/>
  <testcase name="ASST090" time="1.16" classname="com.vrt.testcases.assetDetailsTest1"/>
  <testcase name="ASST001" time="20.964" classname="com.vrt.testcases.assetDetailsTest2"/>
  <testcase name="ASST001A" time="3.364" classname="com.vrt.testcases.assetDetailsTest2"/>
  <testcase name="ASST002" time="13.033" classname="com.vrt.testcases.assetDetailsTest2"/>
  <testcase name="ASST003" time="12.27" classname="com.vrt.testcases.assetDetailsTest2"/>
  <testcase name="ASST004" time="12.667" classname="com.vrt.testcases.assetDetailsTest2"/>
  <testcase name="ASST005" time="12.329" classname="com.vrt.testcases.assetDetailsTest2"/>
  <testcase name="ASST006" time="14.433" classname="com.vrt.testcases.assetDetailsTest2"/>
  <testcase name="ASST007" time="12.016" classname="com.vrt.testcases.assetDetailsTest2"/>
  <testcase name="ASST008" time="11.756" classname="com.vrt.testcases.assetDetailsTest2"/>
  <testcase name="ASST009" time="13.806" classname="com.vrt.testcases.assetDetailsTest2"/>
  <testcase name="CA001" time="0.976" classname="com.vrt.testcases.copyAssetTest"/>
  <testcase name="CA002" time="24.064" classname="com.vrt.testcases.copyAssetTest"/>
  <testcase name="CA003A" time="2.54" classname="com.vrt.testcases.copyAssetTest"/>
  <testcase name="CA004" time="2.465" classname="com.vrt.testcases.copyAssetTest"/>
  <testcase name="CA004" time="2.504" classname="com.vrt.testcases.copyAssetTest"/>
  <testcase name="CA004" time="2.627" classname="com.vrt.testcases.copyAssetTest"/>
  <testcase name="CA004" time="2.415" classname="com.vrt.testcases.copyAssetTest"/>
  <testcase name="CA004" time="3.132" classname="com.vrt.testcases.copyAssetTest"/>
  <testcase name="CA004" time="2.802" classname="com.vrt.testcases.copyAssetTest"/>
  <testcase name="CA004" time="2.902" classname="com.vrt.testcases.copyAssetTest"/>
  <testcase name="CA005" time="2.743" classname="com.vrt.testcases.copyAssetTest"/>
  <testcase name="CA005" time="2.204" classname="com.vrt.testcases.copyAssetTest"/>
  <testcase name="CA005" time="2.751" classname="com.vrt.testcases.copyAssetTest"/>
  <testcase name="CA005" time="2.192" classname="com.vrt.testcases.copyAssetTest"/>
  <testcase name="CA005A" time="2.161" classname="com.vrt.testcases.copyAssetTest"/>
  <testcase name="CA005B" time="9.451" classname="com.vrt.testcases.copyAssetTest"/>
  <testcase name="CA005C" time="2.143" classname="com.vrt.testcases.copyAssetTest"/>
  <testcase name="CA006" time="2.102" classname="com.vrt.testcases.copyAssetTest"/>
  <testcase name="CA007" time="2.51" classname="com.vrt.testcases.copyAssetTest"/>
  <testcase name="CA007" time="2.499" classname="com.vrt.testcases.copyAssetTest"/>
  <testcase name="CA007" time="2.595" classname="com.vrt.testcases.copyAssetTest"/>
  <testcase name="CA007" time="2.392" classname="com.vrt.testcases.copyAssetTest"/>
  <testcase name="CA007" time="2.618" classname="com.vrt.testcases.copyAssetTest"/>
  <testcase name="CA007" time="2.891" classname="com.vrt.testcases.copyAssetTest"/>
  <testcase name="CA007" time="2.943" classname="com.vrt.testcases.copyAssetTest"/>
  <testcase name="CA008" time="2.638" classname="com.vrt.testcases.copyAssetTest"/>
  <testcase name="CA008" time="2.194" classname="com.vrt.testcases.copyAssetTest"/>
  <testcase name="CA008" time="2.848" classname="com.vrt.testcases.copyAssetTest"/>
  <testcase name="CA008" time="2.124" classname="com.vrt.testcases.copyAssetTest"/>
  <testcase name="CA008A" time="2.205" classname="com.vrt.testcases.copyAssetTest"/>
  <testcase name="CA008B" time="2.985" classname="com.vrt.testcases.copyAssetTest"/>
  <testcase name="CA009" time="10.164" classname="com.vrt.testcases.copyAssetTest"/>
  <testcase name="CA010" time="4.548" classname="com.vrt.testcases.copyAssetTest"/>
  <testcase name="CA011" time="13.122" classname="com.vrt.testcases.copyAssetTest"/>
  <testcase name="CA012" time="12.647" classname="com.vrt.testcases.copyAssetTest"/>
  <testcase name="CA013" time="13.927" classname="com.vrt.testcases.copyAssetTest"/>
  <testcase name="CA015" time="9.408" classname="com.vrt.testcases.copyAssetTest"/>
  <testcase name="CA016" time="9.653" classname="com.vrt.testcases.copyAssetTest"/>
  <testcase name="CS001" time="1.818" classname="com.vrt.testcases.copySetupTest"/>
  <testcase name="CS002" time="50.232" classname="com.vrt.testcases.copySetupTest"/>
  <testcase name="CS0023" time="1.172" classname="com.vrt.testcases.copySetupTest"/>
  <testcase name="CS003" time="1.212" classname="com.vrt.testcases.copySetupTest"/>
  <testcase name="CS004" time="1.506" classname="com.vrt.testcases.copySetupTest"/>
  <testcase name="CS006" time="1.093" classname="com.vrt.testcases.copySetupTest"/>
  <testcase name="CS007" time="1.173" classname="com.vrt.testcases.copySetupTest"/>
  <testcase name="CS008" time="1.187" classname="com.vrt.testcases.copySetupTest"/>
  <testcase name="CS009" time="1.099" classname="com.vrt.testcases.copySetupTest"/>
  <testcase name="CS010" time="1.099" classname="com.vrt.testcases.copySetupTest"/>
  <testcase name="CS012" time="34.075" classname="com.vrt.testcases.copySetupTest"/>
  <testcase name="CS013" time="50.091" classname="com.vrt.testcases.copySetupTest"/>
  <testcase name="CS014" time="3.422" classname="com.vrt.testcases.copySetupTest"/>
  <testcase name="CS015A" time="10.336" classname="com.vrt.testcases.copySetupTest"/>
  <testcase name="CS015B" time="10.435" classname="com.vrt.testcases.copySetupTest"/>
  <testcase name="CS017" time="3.584" classname="com.vrt.testcases.copySetupTest"/>
  <testcase name="CS018A" time="4.072" classname="com.vrt.testcases.copySetupTest"/>
  <testcase name="CS018B" time="3.964" classname="com.vrt.testcases.copySetupTest"/>
  <testcase name="CS019" time="21.228" classname="com.vrt.testcases.copySetupTest"/>
  <testcase name="CS021" time="6.199" classname="com.vrt.testcases.copySetupTest"/>
</testsuite> <!-- Asset -->
