<?xml version="1.0" encoding="UTF-8"?>
<testng-results skipped="18" failed="7" ignored="0" total="220" passed="195">
  <reporter-output>
  </reporter-output>
  <suite name="UMRegressionSuite" duration-ms="4141120" started-at="2020-08-05T20:28:02Z" finished-at="2020-08-05T21:37:03Z">
    <groups>
      <group name="Sanity">
        <method signature="UM1.ADMN006()[pri:0, instance:com.vrt.testcases.UM1@6d7b4f4c]" name="ADMN006" class="com.vrt.testcases.UM1"/>
      </group> <!-- Sanity -->
      <group name="Regression">
        <method signature="UM1.ADMN006()[pri:0, instance:com.vrt.testcases.UM1@6d7b4f4c]" name="ADMN006" class="com.vrt.testcases.UM1"/>
        <method signature="UM1.ADMN007()[pri:0, instance:com.vrt.testcases.UM1@6d7b4f4c]" name="ADMN007" class="com.vrt.testcases.UM1"/>
        <method signature="UM1.ADMN008([Ljava.lang.Object;)[pri:0, instance:com.vrt.testcases.UM1@6d7b4f4c]" name="ADMN008" class="com.vrt.testcases.UM1"/>
        <method signature="UM1.ADMN009([Ljava.lang.Object;)[pri:0, instance:com.vrt.testcases.UM1@6d7b4f4c]" name="ADMN009" class="com.vrt.testcases.UM1"/>
        <method signature="UM1.ADMN009A()[pri:0, instance:com.vrt.testcases.UM1@6d7b4f4c]" name="ADMN009A" class="com.vrt.testcases.UM1"/>
        <method signature="UM1.ADMN010([Ljava.lang.Object;)[pri:0, instance:com.vrt.testcases.UM1@6d7b4f4c]" name="ADMN010" class="com.vrt.testcases.UM1"/>
        <method signature="UM1.ADMN011(java.lang.String, java.lang.String, java.lang.String, java.lang.String, java.lang.String, java.lang.String)[pri:0, instance:com.vrt.testcases.UM1@6d7b4f4c]" name="ADMN011" class="com.vrt.testcases.UM1"/>
        <method signature="UM1.ADMN011A()[pri:0, instance:com.vrt.testcases.UM1@6d7b4f4c]" name="ADMN011A" class="com.vrt.testcases.UM1"/>
        <method signature="UM1.ADMN012(java.lang.String, java.lang.String, java.lang.String, java.lang.String, java.lang.String, java.lang.String, java.lang.String)[pri:0, instance:com.vrt.testcases.UM1@6d7b4f4c]" name="ADMN012" class="com.vrt.testcases.UM1"/>
        <method signature="UM1.ADMN013()[pri:0, instance:com.vrt.testcases.UM1@6d7b4f4c]" name="ADMN013" class="com.vrt.testcases.UM1"/>
        <method signature="UM1.ADMN014()[pri:0, instance:com.vrt.testcases.UM1@6d7b4f4c]" name="ADMN014" class="com.vrt.testcases.UM1"/>
        <method signature="UM1.ADMN014A()[pri:0, instance:com.vrt.testcases.UM1@6d7b4f4c]" name="ADMN014A" class="com.vrt.testcases.UM1"/>
        <method signature="UM1.ADMN014B()[pri:0, instance:com.vrt.testcases.UM1@6d7b4f4c]" name="ADMN014B" class="com.vrt.testcases.UM1"/>
        <method signature="UM1.ADMN015(java.lang.String, java.lang.String, java.lang.String, java.lang.String, java.lang.String, java.lang.String)[pri:0, instance:com.vrt.testcases.UM1@6d7b4f4c]" name="ADMN015" class="com.vrt.testcases.UM1"/>
        <method signature="UM1.ADMN015A()[pri:0, instance:com.vrt.testcases.UM1@6d7b4f4c]" name="ADMN015A" class="com.vrt.testcases.UM1"/>
        <method signature="UM1.ADMN016([Ljava.lang.Object;)[pri:0, instance:com.vrt.testcases.UM1@6d7b4f4c]" name="ADMN016" class="com.vrt.testcases.UM1"/>
        <method signature="UM1.ADMN016a()[pri:0, instance:com.vrt.testcases.UM1@6d7b4f4c]" name="ADMN016a" class="com.vrt.testcases.UM1"/>
        <method signature="UM1.ADMN017(java.lang.String, java.lang.String, java.lang.String, java.lang.String, java.lang.String, java.lang.String)[pri:0, instance:com.vrt.testcases.UM1@6d7b4f4c]" name="ADMN017" class="com.vrt.testcases.UM1"/>
        <method signature="UM1.ADMN017a()[pri:0, instance:com.vrt.testcases.UM1@6d7b4f4c]" name="ADMN017a" class="com.vrt.testcases.UM1"/>
        <method signature="UM1.ADMN018([Ljava.lang.Object;)[pri:0, instance:com.vrt.testcases.UM1@6d7b4f4c]" name="ADMN018" class="com.vrt.testcases.UM1"/>
        <method signature="UM1.ADMN019()[pri:0, instance:com.vrt.testcases.UM1@6d7b4f4c]" name="ADMN019" class="com.vrt.testcases.UM1"/>
        <method signature="UM1.ADMN020()[pri:0, instance:com.vrt.testcases.UM1@6d7b4f4c]" name="ADMN020" class="com.vrt.testcases.UM1"/>
        <method signature="UM1.ADMN021(java.lang.String, java.lang.String, java.lang.String, java.lang.String, java.lang.String, java.lang.String)[pri:0, instance:com.vrt.testcases.UM1@6d7b4f4c]" name="ADMN021" class="com.vrt.testcases.UM1"/>
        <method signature="UM1.ADMN021A()[pri:0, instance:com.vrt.testcases.UM1@6d7b4f4c]" name="ADMN021A" class="com.vrt.testcases.UM1"/>
        <method signature="UM1.ADMN022(java.lang.String, java.lang.String, java.lang.String, java.lang.String, java.lang.String, java.lang.String, java.lang.String)[pri:0, instance:com.vrt.testcases.UM1@6d7b4f4c]" name="ADMN022" class="com.vrt.testcases.UM1"/>
        <method signature="UM1.ADMN024()[pri:0, instance:com.vrt.testcases.UM1@6d7b4f4c]" name="ADMN024" class="com.vrt.testcases.UM1"/>
        <method signature="UM1.ADMN025([Ljava.lang.Object;)[pri:0, instance:com.vrt.testcases.UM1@6d7b4f4c]" name="ADMN025" class="com.vrt.testcases.UM1"/>
        <method signature="UM1.ADMN026(java.lang.String, java.lang.String, java.lang.String, java.lang.String, java.lang.String, java.lang.String, java.lang.String, java.lang.String, java.lang.String)[pri:0, instance:com.vrt.testcases.UM1@6d7b4f4c]" name="ADMN026" class="com.vrt.testcases.UM1"/>
        <method signature="UM1.ADMN027()[pri:0, instance:com.vrt.testcases.UM1@6d7b4f4c]" name="ADMN027" class="com.vrt.testcases.UM1"/>
        <method signature="UM1.ADMN028([Ljava.lang.Object;)[pri:0, instance:com.vrt.testcases.UM1@6d7b4f4c]" name="ADMN028" class="com.vrt.testcases.UM1"/>
        <method signature="UM1.ADMN029([Ljava.lang.Object;)[pri:0, instance:com.vrt.testcases.UM1@6d7b4f4c]" name="ADMN029" class="com.vrt.testcases.UM1"/>
        <method signature="UM1.ADMN030()[pri:0, instance:com.vrt.testcases.UM1@6d7b4f4c]" name="ADMN030" class="com.vrt.testcases.UM1"/>
        <method signature="UM1.ADMN031()[pri:0, instance:com.vrt.testcases.UM1@6d7b4f4c]" name="ADMN031" class="com.vrt.testcases.UM1"/>
        <method signature="UM1.ADMN032()[pri:0, instance:com.vrt.testcases.UM1@6d7b4f4c]" name="ADMN032" class="com.vrt.testcases.UM1"/>
        <method signature="UM1.ADMN032A()[pri:0, instance:com.vrt.testcases.UM1@6d7b4f4c]" name="ADMN032A" class="com.vrt.testcases.UM1"/>
        <method signature="UM1.ADMN033()[pri:0, instance:com.vrt.testcases.UM1@6d7b4f4c]" name="ADMN033" class="com.vrt.testcases.UM1"/>
        <method signature="UM1.ADMN034()[pri:0, instance:com.vrt.testcases.UM1@6d7b4f4c]" name="ADMN034" class="com.vrt.testcases.UM1"/>
        <method signature="UM1.ADMN034A()[pri:0, instance:com.vrt.testcases.UM1@6d7b4f4c]" name="ADMN034A" class="com.vrt.testcases.UM1"/>
        <method signature="UM1.ADMN034B()[pri:0, instance:com.vrt.testcases.UM1@6d7b4f4c]" name="ADMN034B" class="com.vrt.testcases.UM1"/>
        <method signature="UM1.ADMN034C()[pri:0, instance:com.vrt.testcases.UM1@6d7b4f4c]" name="ADMN034C" class="com.vrt.testcases.UM1"/>
        <method signature="UM1.ADMN034D()[pri:0, instance:com.vrt.testcases.UM1@6d7b4f4c]" name="ADMN034D" class="com.vrt.testcases.UM1"/>
        <method signature="UM1.ADMN035()[pri:0, instance:com.vrt.testcases.UM1@6d7b4f4c]" name="ADMN035" class="com.vrt.testcases.UM1"/>
        <method signature="UM1.ADMN036A()[pri:0, instance:com.vrt.testcases.UM1@6d7b4f4c]" name="ADMN036A" class="com.vrt.testcases.UM1"/>
        <method signature="UM1.ADMN036B()[pri:0, instance:com.vrt.testcases.UM1@6d7b4f4c]" name="ADMN036B" class="com.vrt.testcases.UM1"/>
        <method signature="UM1.ADMN036C()[pri:0, instance:com.vrt.testcases.UM1@6d7b4f4c]" name="ADMN036C" class="com.vrt.testcases.UM1"/>
        <method signature="UM1.ADMN036D()[pri:0, instance:com.vrt.testcases.UM1@6d7b4f4c]" name="ADMN036D" class="com.vrt.testcases.UM1"/>
        <method signature="UM1.ADMN037A(java.lang.String, java.lang.String, java.lang.String, java.lang.String, java.lang.String, java.lang.String)[pri:0, instance:com.vrt.testcases.UM1@6d7b4f4c]" name="ADMN037A" class="com.vrt.testcases.UM1"/>
        <method signature="UM1.ADMN037B()[pri:0, instance:com.vrt.testcases.UM1@6d7b4f4c]" name="ADMN037B" class="com.vrt.testcases.UM1"/>
        <method signature="UM1.ADMN037C()[pri:0, instance:com.vrt.testcases.UM1@6d7b4f4c]" name="ADMN037C" class="com.vrt.testcases.UM1"/>
        <method signature="UM1.ADMN037D()[pri:0, instance:com.vrt.testcases.UM1@6d7b4f4c]" name="ADMN037D" class="com.vrt.testcases.UM1"/>
        <method signature="UM1.ADMN037E()[pri:0, instance:com.vrt.testcases.UM1@6d7b4f4c]" name="ADMN037E" class="com.vrt.testcases.UM1"/>
        <method signature="UM1.ADMN037F(java.lang.String, java.lang.String, java.lang.String, java.lang.String, java.lang.String)[pri:0, instance:com.vrt.testcases.UM1@6d7b4f4c]" name="ADMN037F" class="com.vrt.testcases.UM1"/>
        <method signature="UM1.ADMN037G()[pri:0, instance:com.vrt.testcases.UM1@6d7b4f4c]" name="ADMN037G" class="com.vrt.testcases.UM1"/>
        <method signature="UM1.ADMN039A()[pri:0, instance:com.vrt.testcases.UM1@6d7b4f4c]" name="ADMN039A" class="com.vrt.testcases.UM1"/>
        <method signature="UM1.ADMN039B()[pri:0, instance:com.vrt.testcases.UM1@6d7b4f4c]" name="ADMN039B" class="com.vrt.testcases.UM1"/>
        <method signature="UM1.ADMN040A()[pri:0, instance:com.vrt.testcases.UM1@6d7b4f4c]" name="ADMN040A" class="com.vrt.testcases.UM1"/>
        <method signature="UM1.ADMN040B()[pri:0, instance:com.vrt.testcases.UM1@6d7b4f4c]" name="ADMN040B" class="com.vrt.testcases.UM1"/>
        <method signature="UM1.ADMN041A()[pri:0, instance:com.vrt.testcases.UM1@6d7b4f4c]" name="ADMN041A" class="com.vrt.testcases.UM1"/>
        <method signature="UM1.ADMN041B()[pri:0, instance:com.vrt.testcases.UM1@6d7b4f4c]" name="ADMN041B" class="com.vrt.testcases.UM1"/>
        <method signature="UM1.ADMN042()[pri:0, instance:com.vrt.testcases.UM1@6d7b4f4c]" name="ADMN042" class="com.vrt.testcases.UM1"/>
        <method signature="UM1.ADMN042A()[pri:0, instance:com.vrt.testcases.UM1@6d7b4f4c]" name="ADMN042A" class="com.vrt.testcases.UM1"/>
        <method signature="UM1.ADMN042B()[pri:0, instance:com.vrt.testcases.UM1@6d7b4f4c]" name="ADMN042B" class="com.vrt.testcases.UM1"/>
        <method signature="UM1.ADMN043()[pri:0, instance:com.vrt.testcases.UM1@6d7b4f4c]" name="ADMN043" class="com.vrt.testcases.UM1"/>
        <method signature="UM1.ADMN043A()[pri:0, instance:com.vrt.testcases.UM1@6d7b4f4c]" name="ADMN043A" class="com.vrt.testcases.UM1"/>
        <method signature="UM1.ADMN044()[pri:0, instance:com.vrt.testcases.UM1@6d7b4f4c]" name="ADMN044" class="com.vrt.testcases.UM1"/>
        <method signature="UM1.ADMN045()[pri:0, instance:com.vrt.testcases.UM1@6d7b4f4c]" name="ADMN045" class="com.vrt.testcases.UM1"/>
        <method signature="UM1.ADMN045A()[pri:0, instance:com.vrt.testcases.UM1@6d7b4f4c]" name="ADMN045A" class="com.vrt.testcases.UM1"/>
        <method signature="UM1.ADMN067A(java.lang.String, java.lang.String, java.lang.String, java.lang.String, java.lang.String)[pri:0, instance:com.vrt.testcases.UM1@6d7b4f4c]" name="ADMN067A" class="com.vrt.testcases.UM1"/>
        <method signature="UM1.ADMN067B()[pri:0, instance:com.vrt.testcases.UM1@6d7b4f4c]" name="ADMN067B" class="com.vrt.testcases.UM1"/>
        <method signature="UM1.ADMN069A()[pri:0, instance:com.vrt.testcases.UM1@6d7b4f4c]" name="ADMN069A" class="com.vrt.testcases.UM1"/>
        <method signature="UM1.ADMN069B()[pri:0, instance:com.vrt.testcases.UM1@6d7b4f4c]" name="ADMN069B" class="com.vrt.testcases.UM1"/>
        <method signature="UM1.ADMN069C()[pri:0, instance:com.vrt.testcases.UM1@6d7b4f4c]" name="ADMN069C" class="com.vrt.testcases.UM1"/>
        <method signature="UM1.ADMN069D()[pri:0, instance:com.vrt.testcases.UM1@6d7b4f4c]" name="ADMN069D" class="com.vrt.testcases.UM1"/>
        <method signature="UM1.ADMN069E()[pri:0, instance:com.vrt.testcases.UM1@6d7b4f4c]" name="ADMN069E" class="com.vrt.testcases.UM1"/>
        <method signature="UM1.ADMN069F(java.lang.String, java.lang.String, java.lang.String, java.lang.String, java.lang.String)[pri:0, instance:com.vrt.testcases.UM1@6d7b4f4c]" name="ADMN069F" class="com.vrt.testcases.UM1"/>
        <method signature="UM1.ADMN069G(java.lang.String, java.lang.String, java.lang.String, java.lang.String, java.lang.String)[pri:0, instance:com.vrt.testcases.UM1@6d7b4f4c]" name="ADMN069G" class="com.vrt.testcases.UM1"/>
        <method signature="UM1.ADMN069H()[pri:0, instance:com.vrt.testcases.UM1@6d7b4f4c]" name="ADMN069H" class="com.vrt.testcases.UM1"/>
        <method signature="UM1.ADMN069I()[pri:0, instance:com.vrt.testcases.UM1@6d7b4f4c]" name="ADMN069I" class="com.vrt.testcases.UM1"/>
        <method signature="UM1.ADMN069J()[pri:0, instance:com.vrt.testcases.UM1@6d7b4f4c]" name="ADMN069J" class="com.vrt.testcases.UM1"/>
        <method signature="UM1.ADMN126()[pri:0, instance:com.vrt.testcases.UM1@6d7b4f4c]" name="ADMN126" class="com.vrt.testcases.UM1"/>
        <method signature="UM1.ADMN126A()[pri:0, instance:com.vrt.testcases.UM1@6d7b4f4c]" name="ADMN126A" class="com.vrt.testcases.UM1"/>
        <method signature="UM1.ADMN127()[pri:0, instance:com.vrt.testcases.UM1@6d7b4f4c]" name="ADMN127" class="com.vrt.testcases.UM1"/>
        <method signature="UM1.ADMN128()[pri:0, instance:com.vrt.testcases.UM1@6d7b4f4c]" name="ADMN128" class="com.vrt.testcases.UM1"/>
        <method signature="UM1.ADMN129()[pri:0, instance:com.vrt.testcases.UM1@6d7b4f4c]" name="ADMN129" class="com.vrt.testcases.UM1"/>
        <method signature="UM1.ADMN130()[pri:0, instance:com.vrt.testcases.UM1@6d7b4f4c]" name="ADMN130" class="com.vrt.testcases.UM1"/>
        <method signature="UM1.ADMN132()[pri:0, instance:com.vrt.testcases.UM1@6d7b4f4c]" name="ADMN132" class="com.vrt.testcases.UM1"/>
        <method signature="UM1.ADMN133()[pri:0, instance:com.vrt.testcases.UM1@6d7b4f4c]" name="ADMN133" class="com.vrt.testcases.UM1"/>
        <method signature="UM2.ADMN046()[pri:0, instance:com.vrt.testcases.UM2@527740a2]" name="ADMN046" class="com.vrt.testcases.UM2"/>
        <method signature="UM2.ADMN047()[pri:0, instance:com.vrt.testcases.UM2@527740a2]" name="ADMN047" class="com.vrt.testcases.UM2"/>
        <method signature="UM2.ADMN048A()[pri:0, instance:com.vrt.testcases.UM2@527740a2]" name="ADMN048A" class="com.vrt.testcases.UM2"/>
        <method signature="UM2.ADMN048B()[pri:0, instance:com.vrt.testcases.UM2@527740a2]" name="ADMN048B" class="com.vrt.testcases.UM2"/>
        <method signature="UM2.ADMN049()[pri:0, instance:com.vrt.testcases.UM2@527740a2]" name="ADMN049" class="com.vrt.testcases.UM2"/>
        <method signature="UM2.ADMN050()[pri:0, instance:com.vrt.testcases.UM2@527740a2]" name="ADMN050" class="com.vrt.testcases.UM2"/>
        <method signature="UM2.ADMN050A()[pri:0, instance:com.vrt.testcases.UM2@527740a2]" name="ADMN050A" class="com.vrt.testcases.UM2"/>
        <method signature="UM2.ADMN052()[pri:0, instance:com.vrt.testcases.UM2@527740a2]" name="ADMN052" class="com.vrt.testcases.UM2"/>
        <method signature="UM2.ADMN053()[pri:0, instance:com.vrt.testcases.UM2@527740a2]" name="ADMN053" class="com.vrt.testcases.UM2"/>
        <method signature="UM2.ADMN054()[pri:0, instance:com.vrt.testcases.UM2@527740a2]" name="ADMN054" class="com.vrt.testcases.UM2"/>
        <method signature="UM2.ADMN054A()[pri:0, instance:com.vrt.testcases.UM2@527740a2]" name="ADMN054A" class="com.vrt.testcases.UM2"/>
        <method signature="UM2.ADMN055()[pri:0, instance:com.vrt.testcases.UM2@527740a2]" name="ADMN055" class="com.vrt.testcases.UM2"/>
        <method signature="UM2.ADMN059()[pri:0, instance:com.vrt.testcases.UM2@527740a2]" name="ADMN059" class="com.vrt.testcases.UM2"/>
        <method signature="UM2.ADMN062(java.lang.String, java.lang.String, java.lang.String, java.lang.String, java.lang.String)[pri:0, instance:com.vrt.testcases.UM2@527740a2]" name="ADMN062" class="com.vrt.testcases.UM2"/>
        <method signature="UM2.ADMN064()[pri:0, instance:com.vrt.testcases.UM2@527740a2]" name="ADMN064" class="com.vrt.testcases.UM2"/>
        <method signature="UM2.ADMN072()[pri:0, instance:com.vrt.testcases.UM2@527740a2]" name="ADMN072" class="com.vrt.testcases.UM2"/>
        <method signature="UM2.ADMN073()[pri:0, instance:com.vrt.testcases.UM2@527740a2]" name="ADMN073" class="com.vrt.testcases.UM2"/>
        <method signature="UM2.ADMN074(java.lang.String, java.lang.String, java.lang.String, java.lang.String, java.lang.String)[pri:0, instance:com.vrt.testcases.UM2@527740a2]" name="ADMN074" class="com.vrt.testcases.UM2"/>
        <method signature="UM2.ADMN074A()[pri:0, instance:com.vrt.testcases.UM2@527740a2]" name="ADMN074A" class="com.vrt.testcases.UM2"/>
        <method signature="UM2.ADMN075()[pri:0, instance:com.vrt.testcases.UM2@527740a2]" name="ADMN075" class="com.vrt.testcases.UM2"/>
        <method signature="UM2.ADMN076()[pri:0, instance:com.vrt.testcases.UM2@527740a2]" name="ADMN076" class="com.vrt.testcases.UM2"/>
        <method signature="UM2.ADMN077A()[pri:0, instance:com.vrt.testcases.UM2@527740a2]" name="ADMN077A" class="com.vrt.testcases.UM2"/>
        <method signature="UM2.ADMN077B()[pri:0, instance:com.vrt.testcases.UM2@527740a2]" name="ADMN077B" class="com.vrt.testcases.UM2"/>
        <method signature="UM2.ADMN078()[pri:0, instance:com.vrt.testcases.UM2@527740a2]" name="ADMN078" class="com.vrt.testcases.UM2"/>
        <method signature="UM2.ADMN080()[pri:0, instance:com.vrt.testcases.UM2@527740a2]" name="ADMN080" class="com.vrt.testcases.UM2"/>
        <method signature="UM2.ADMN082()[pri:0, instance:com.vrt.testcases.UM2@527740a2]" name="ADMN082" class="com.vrt.testcases.UM2"/>
        <method signature="UM2.ADMN083()[pri:0, instance:com.vrt.testcases.UM2@527740a2]" name="ADMN083" class="com.vrt.testcases.UM2"/>
        <method signature="UM2.ADMN084()[pri:0, instance:com.vrt.testcases.UM2@527740a2]" name="ADMN084" class="com.vrt.testcases.UM2"/>
        <method signature="UM2.ADMN086()[pri:0, instance:com.vrt.testcases.UM2@527740a2]" name="ADMN086" class="com.vrt.testcases.UM2"/>
        <method signature="UM2.ADMN088()[pri:0, instance:com.vrt.testcases.UM2@527740a2]" name="ADMN088" class="com.vrt.testcases.UM2"/>
        <method signature="UM2.ADMN094()[pri:0, instance:com.vrt.testcases.UM2@527740a2]" name="ADMN094" class="com.vrt.testcases.UM2"/>
        <method signature="UM2.ADMN094A()[pri:0, instance:com.vrt.testcases.UM2@527740a2]" name="ADMN094A" class="com.vrt.testcases.UM2"/>
        <method signature="UM2.ADMN096()[pri:0, instance:com.vrt.testcases.UM2@527740a2]" name="ADMN096" class="com.vrt.testcases.UM2"/>
        <method signature="UM2.ADMN097()[pri:0, instance:com.vrt.testcases.UM2@527740a2]" name="ADMN097" class="com.vrt.testcases.UM2"/>
        <method signature="UM2.ADMN098()[pri:0, instance:com.vrt.testcases.UM2@527740a2]" name="ADMN098" class="com.vrt.testcases.UM2"/>
        <method signature="UM2.ADMN099()[pri:0, instance:com.vrt.testcases.UM2@527740a2]" name="ADMN099" class="com.vrt.testcases.UM2"/>
        <method signature="UM2.ADMN100()[pri:0, instance:com.vrt.testcases.UM2@527740a2]" name="ADMN100" class="com.vrt.testcases.UM2"/>
        <method signature="UM2.ADMN101()[pri:0, instance:com.vrt.testcases.UM2@527740a2]" name="ADMN101" class="com.vrt.testcases.UM2"/>
        <method signature="UM2.ADMN105()[pri:0, instance:com.vrt.testcases.UM2@527740a2]" name="ADMN105" class="com.vrt.testcases.UM2"/>
        <method signature="UM2.ADMN106()[pri:0, instance:com.vrt.testcases.UM2@527740a2]" name="ADMN106" class="com.vrt.testcases.UM2"/>
        <method signature="UM2.ADMN107()[pri:0, instance:com.vrt.testcases.UM2@527740a2]" name="ADMN107" class="com.vrt.testcases.UM2"/>
        <method signature="UM2.ADMN108()[pri:0, instance:com.vrt.testcases.UM2@527740a2]" name="ADMN108" class="com.vrt.testcases.UM2"/>
        <method signature="UM2.ADMN109()[pri:0, instance:com.vrt.testcases.UM2@527740a2]" name="ADMN109" class="com.vrt.testcases.UM2"/>
        <method signature="UM2.ADMN109A()[pri:0, instance:com.vrt.testcases.UM2@527740a2]" name="ADMN109A" class="com.vrt.testcases.UM2"/>
        <method signature="UM2.ADMN115()[pri:0, instance:com.vrt.testcases.UM2@527740a2]" name="ADMN115" class="com.vrt.testcases.UM2"/>
        <method signature="UM2.ADMN116()[pri:0, instance:com.vrt.testcases.UM2@527740a2]" name="ADMN116" class="com.vrt.testcases.UM2"/>
        <method signature="UM2.ADMN117A()[pri:0, instance:com.vrt.testcases.UM2@527740a2]" name="ADMN117A" class="com.vrt.testcases.UM2"/>
        <method signature="UM2.ADMN117B()[pri:0, instance:com.vrt.testcases.UM2@527740a2]" name="ADMN117B" class="com.vrt.testcases.UM2"/>
        <method signature="UM2.ADMN118()[pri:0, instance:com.vrt.testcases.UM2@527740a2]" name="ADMN118" class="com.vrt.testcases.UM2"/>
        <method signature="UM2.ADMN119()[pri:0, instance:com.vrt.testcases.UM2@527740a2]" name="ADMN119" class="com.vrt.testcases.UM2"/>
        <method signature="UM2.ADMN119A()[pri:0, instance:com.vrt.testcases.UM2@527740a2]" name="ADMN119A" class="com.vrt.testcases.UM2"/>
        <method signature="UM2.ADMN119B()[pri:0, instance:com.vrt.testcases.UM2@527740a2]" name="ADMN119B" class="com.vrt.testcases.UM2"/>
        <method signature="UM2.ADMN133()[pri:0, instance:com.vrt.testcases.UM2@527740a2]" name="ADMN133" class="com.vrt.testcases.UM2"/>
        <method signature="UM3.ADMN058A()[pri:0, instance:com.vrt.testcases.UM3@13a5fe33]" name="ADMN058A" class="com.vrt.testcases.UM3"/>
        <method signature="UM3.ADMN058B()[pri:0, instance:com.vrt.testcases.UM3@13a5fe33]" name="ADMN058B" class="com.vrt.testcases.UM3"/>
        <method signature="UM3.ADMN060()[pri:0, instance:com.vrt.testcases.UM3@13a5fe33]" name="ADMN060" class="com.vrt.testcases.UM3"/>
        <method signature="UM3.ADMN085A()[pri:0, instance:com.vrt.testcases.UM3@13a5fe33]" name="ADMN085A" class="com.vrt.testcases.UM3"/>
        <method signature="UM3.ADMN085B()[pri:0, instance:com.vrt.testcases.UM3@13a5fe33]" name="ADMN085B" class="com.vrt.testcases.UM3"/>
        <method signature="UM3.ADMN087()[pri:0, instance:com.vrt.testcases.UM3@13a5fe33]" name="ADMN087" class="com.vrt.testcases.UM3"/>
        <method signature="UM3.ADMN111()[pri:0, instance:com.vrt.testcases.UM3@13a5fe33]" name="ADMN111" class="com.vrt.testcases.UM3"/>
        <method signature="UM3.ADMN111A()[pri:0, instance:com.vrt.testcases.UM3@13a5fe33]" name="ADMN111A" class="com.vrt.testcases.UM3"/>
        <method signature="UM3.ADMN112()[pri:0, instance:com.vrt.testcases.UM3@13a5fe33]" name="ADMN112" class="com.vrt.testcases.UM3"/>
        <method signature="UM3.CADMN1()[pri:0, instance:com.vrt.testcases.UM3@13a5fe33]" name="CADMN1" class="com.vrt.testcases.UM3"/>
        <method signature="UM3.CADMN10()[pri:0, instance:com.vrt.testcases.UM3@13a5fe33]" name="CADMN10" class="com.vrt.testcases.UM3"/>
        <method signature="UM3.CADMN11()[pri:0, instance:com.vrt.testcases.UM3@13a5fe33]" name="CADMN11" class="com.vrt.testcases.UM3"/>
        <method signature="UM3.CADMN12()[pri:0, instance:com.vrt.testcases.UM3@13a5fe33]" name="CADMN12" class="com.vrt.testcases.UM3"/>
        <method signature="UM3.CADMN14()[pri:0, instance:com.vrt.testcases.UM3@13a5fe33]" name="CADMN14" class="com.vrt.testcases.UM3"/>
        <method signature="UM3.CADMN15()[pri:0, instance:com.vrt.testcases.UM3@13a5fe33]" name="CADMN15" class="com.vrt.testcases.UM3"/>
        <method signature="UM3.CADMN16()[pri:0, instance:com.vrt.testcases.UM3@13a5fe33]" name="CADMN16" class="com.vrt.testcases.UM3"/>
        <method signature="UM3.CADMN19()[pri:0, instance:com.vrt.testcases.UM3@13a5fe33]" name="CADMN19" class="com.vrt.testcases.UM3"/>
        <method signature="UM3.CADMN2()[pri:0, instance:com.vrt.testcases.UM3@13a5fe33]" name="CADMN2" class="com.vrt.testcases.UM3"/>
        <method signature="UM3.CADMN20()[pri:0, instance:com.vrt.testcases.UM3@13a5fe33]" name="CADMN20" class="com.vrt.testcases.UM3"/>
        <method signature="UM3.CADMN21()[pri:0, instance:com.vrt.testcases.UM3@13a5fe33]" name="CADMN21" class="com.vrt.testcases.UM3"/>
        <method signature="UM3.CADMN22()[pri:0, instance:com.vrt.testcases.UM3@13a5fe33]" name="CADMN22" class="com.vrt.testcases.UM3"/>
        <method signature="UM3.CADMN23A()[pri:0, instance:com.vrt.testcases.UM3@13a5fe33]" name="CADMN23A" class="com.vrt.testcases.UM3"/>
        <method signature="UM3.CADMN23B()[pri:0, instance:com.vrt.testcases.UM3@13a5fe33]" name="CADMN23B" class="com.vrt.testcases.UM3"/>
        <method signature="UM3.CADMN24()[pri:0, instance:com.vrt.testcases.UM3@13a5fe33]" name="CADMN24" class="com.vrt.testcases.UM3"/>
        <method signature="UM3.CADMN25()[pri:0, instance:com.vrt.testcases.UM3@13a5fe33]" name="CADMN25" class="com.vrt.testcases.UM3"/>
        <method signature="UM3.CADMN26()[pri:0, instance:com.vrt.testcases.UM3@13a5fe33]" name="CADMN26" class="com.vrt.testcases.UM3"/>
        <method signature="UM3.CADMN27()[pri:0, instance:com.vrt.testcases.UM3@13a5fe33]" name="CADMN27" class="com.vrt.testcases.UM3"/>
        <method signature="UM3.CADMN28()[pri:0, instance:com.vrt.testcases.UM3@13a5fe33]" name="CADMN28" class="com.vrt.testcases.UM3"/>
        <method signature="UM3.CADMN29()[pri:0, instance:com.vrt.testcases.UM3@13a5fe33]" name="CADMN29" class="com.vrt.testcases.UM3"/>
        <method signature="UM3.CADMN30()[pri:0, instance:com.vrt.testcases.UM3@13a5fe33]" name="CADMN30" class="com.vrt.testcases.UM3"/>
        <method signature="UM3.CADMN31()[pri:0, instance:com.vrt.testcases.UM3@13a5fe33]" name="CADMN31" class="com.vrt.testcases.UM3"/>
        <method signature="UM3.CADMN32()[pri:0, instance:com.vrt.testcases.UM3@13a5fe33]" name="CADMN32" class="com.vrt.testcases.UM3"/>
        <method signature="UM3.CADMN35()[pri:0, instance:com.vrt.testcases.UM3@13a5fe33]" name="CADMN35" class="com.vrt.testcases.UM3"/>
        <method signature="UM3.CADMN36()[pri:0, instance:com.vrt.testcases.UM3@13a5fe33]" name="CADMN36" class="com.vrt.testcases.UM3"/>
        <method signature="UM3.CADMN37()[pri:0, instance:com.vrt.testcases.UM3@13a5fe33]" name="CADMN37" class="com.vrt.testcases.UM3"/>
        <method signature="UM3.CADMN38()[pri:0, instance:com.vrt.testcases.UM3@13a5fe33]" name="CADMN38" class="com.vrt.testcases.UM3"/>
        <method signature="UM3.CADMN39()[pri:0, instance:com.vrt.testcases.UM3@13a5fe33]" name="CADMN39" class="com.vrt.testcases.UM3"/>
        <method signature="UM3.CADMN40()[pri:0, instance:com.vrt.testcases.UM3@13a5fe33]" name="CADMN40" class="com.vrt.testcases.UM3"/>
        <method signature="UM3.CADMN5()[pri:0, instance:com.vrt.testcases.UM3@13a5fe33]" name="CADMN5" class="com.vrt.testcases.UM3"/>
        <method signature="UM3.CADMN6()[pri:0, instance:com.vrt.testcases.UM3@13a5fe33]" name="CADMN6" class="com.vrt.testcases.UM3"/>
        <method signature="UM3.CADMN7()[pri:0, instance:com.vrt.testcases.UM3@13a5fe33]" name="CADMN7" class="com.vrt.testcases.UM3"/>
        <method signature="UM3.CADMN8()[pri:0, instance:com.vrt.testcases.UM3@13a5fe33]" name="CADMN8" class="com.vrt.testcases.UM3"/>
        <method signature="UM3.CADMN9()[pri:0, instance:com.vrt.testcases.UM3@13a5fe33]" name="CADMN9" class="com.vrt.testcases.UM3"/>
        <method signature="UM4.ADMN051()[pri:0, instance:com.vrt.testcases.UM4@3108bc]" name="ADMN051" class="com.vrt.testcases.UM4"/>
        <method signature="UM4.ADMN063()[pri:0, instance:com.vrt.testcases.UM4@3108bc]" name="ADMN063" class="com.vrt.testcases.UM4"/>
        <method signature="UM4.ADMN065()[pri:0, instance:com.vrt.testcases.UM4@3108bc]" name="ADMN065" class="com.vrt.testcases.UM4"/>
        <method signature="UM4.ADMN065A()[pri:0, instance:com.vrt.testcases.UM4@3108bc]" name="ADMN065A" class="com.vrt.testcases.UM4"/>
        <method signature="UM4.ADMN065B()[pri:0, instance:com.vrt.testcases.UM4@3108bc]" name="ADMN065B" class="com.vrt.testcases.UM4"/>
        <method signature="UM4.ADMN065C()[pri:0, instance:com.vrt.testcases.UM4@3108bc]" name="ADMN065C" class="com.vrt.testcases.UM4"/>
        <method signature="UM4.ADMN079()[pri:0, instance:com.vrt.testcases.UM4@3108bc]" name="ADMN079" class="com.vrt.testcases.UM4"/>
        <method signature="UM4.ADMN081A()[pri:0, instance:com.vrt.testcases.UM4@3108bc]" name="ADMN081A" class="com.vrt.testcases.UM4"/>
        <method signature="UM4.ADMN081B()[pri:0, instance:com.vrt.testcases.UM4@3108bc]" name="ADMN081B" class="com.vrt.testcases.UM4"/>
        <method signature="UM4.ADMN081C()[pri:0, instance:com.vrt.testcases.UM4@3108bc]" name="ADMN081C" class="com.vrt.testcases.UM4"/>
        <method signature="UM4.ADMN081D()[pri:0, instance:com.vrt.testcases.UM4@3108bc]" name="ADMN081D" class="com.vrt.testcases.UM4"/>
        <method signature="UM4.ADMN081E()[pri:0, instance:com.vrt.testcases.UM4@3108bc]" name="ADMN081E" class="com.vrt.testcases.UM4"/>
        <method signature="UM4.ADMN103()[pri:0, instance:com.vrt.testcases.UM4@3108bc]" name="ADMN103" class="com.vrt.testcases.UM4"/>
        <method signature="UM4.ADMN103A()[pri:0, instance:com.vrt.testcases.UM4@3108bc]" name="ADMN103A" class="com.vrt.testcases.UM4"/>
        <method signature="UM4.ADMN103B()[pri:0, instance:com.vrt.testcases.UM4@3108bc]" name="ADMN103B" class="com.vrt.testcases.UM4"/>
        <method signature="UM4.ADMN103C()[pri:0, instance:com.vrt.testcases.UM4@3108bc]" name="ADMN103C" class="com.vrt.testcases.UM4"/>
        <method signature="UM4.ADMN103D()[pri:0, instance:com.vrt.testcases.UM4@3108bc]" name="ADMN103D" class="com.vrt.testcases.UM4"/>
        <method signature="UM4.ADMN120()[pri:0, instance:com.vrt.testcases.UM4@3108bc]" name="ADMN120" class="com.vrt.testcases.UM4"/>
      </group> <!-- Regression -->
    </groups>
    <test name="UMTestRegression" duration-ms="4141120" started-at="2020-08-05T20:28:02Z" finished-at="2020-08-05T21:37:03Z">
      <class name="com.vrt.testcases.UM4">
        <test-method status="PASS" signature="PreSetup()[pri:0, instance:com.vrt.testcases.UM4@3108bc]" name="PreSetup" is-config="true" duration-ms="150532" started-at="2020-08-05T21:27:02Z" finished-at="2020-08-05T21:29:33Z">
          <reporter-output>
          </reporter-output>
        </test-method> <!-- PreSetup -->
        <test-method status="PASS" signature="Setup()[pri:0, instance:com.vrt.testcases.UM4@3108bc]" name="Setup" is-config="true" duration-ms="2491" started-at="2020-08-05T21:29:33Z" finished-at="2020-08-05T21:29:35Z">
          <reporter-output>
          </reporter-output>
        </test-method> <!-- Setup -->
        <test-method status="PASS" signature="ADMN051()[pri:0, instance:com.vrt.testcases.UM4@3108bc]" name="ADMN051" duration-ms="13084" started-at="2020-08-05T21:29:35Z" description="Verify if Administrator is able to access the default privilege-Delete  Pass_Fail reports" finished-at="2020-08-05T21:29:48Z">
          <reporter-output>
          </reporter-output>
        </test-method> <!-- ADMN051 -->
        <test-method status="PASS" signature="Teardown(org.testng.ITestResult)[pri:0, instance:com.vrt.testcases.UM4@3108bc]" name="Teardown" is-config="true" duration-ms="29" started-at="2020-08-05T21:29:48Z" finished-at="2020-08-05T21:29:48Z">
          <params>
            <param index="0">
              <value>
                <![CDATA[[TestResult name=ADMN051 status=SUCCESS method=UM4.ADMN051()[pri:0, instance:com.vrt.testcases.UM4@3108bc] output={null}]]]>
              </value>
            </param>
          </params>
          <reporter-output>
          </reporter-output>
        </test-method> <!-- Teardown -->
        <test-method status="PASS" signature="Setup()[pri:0, instance:com.vrt.testcases.UM4@3108bc]" name="Setup" is-config="true" duration-ms="2487" started-at="2020-08-05T21:29:48Z" finished-at="2020-08-05T21:29:51Z">
          <reporter-output>
          </reporter-output>
        </test-method> <!-- Setup -->
        <test-method status="PASS" signature="ADMN063()[pri:0, instance:com.vrt.testcases.UM4@3108bc]" name="ADMN063" duration-ms="9661" started-at="2020-08-05T21:29:51Z" description="Verify if Administrator is able to access the default privilege-Delete Setups" finished-at="2020-08-05T21:30:00Z">
          <reporter-output>
          </reporter-output>
        </test-method> <!-- ADMN063 -->
        <test-method status="PASS" signature="Teardown(org.testng.ITestResult)[pri:0, instance:com.vrt.testcases.UM4@3108bc]" name="Teardown" is-config="true" duration-ms="28" started-at="2020-08-05T21:30:00Z" finished-at="2020-08-05T21:30:00Z">
          <params>
            <param index="0">
              <value>
                <![CDATA[[TestResult name=ADMN063 status=SUCCESS method=UM4.ADMN063()[pri:0, instance:com.vrt.testcases.UM4@3108bc] output={null}]]]>
              </value>
            </param>
          </params>
          <reporter-output>
          </reporter-output>
        </test-method> <!-- Teardown -->
        <test-method status="PASS" signature="Setup()[pri:0, instance:com.vrt.testcases.UM4@3108bc]" name="Setup" is-config="true" duration-ms="2573" started-at="2020-08-05T21:30:00Z" finished-at="2020-08-05T21:30:03Z">
          <reporter-output>
          </reporter-output>
        </test-method> <!-- Setup -->
        <test-method status="SKIP" signature="ADMN065()[pri:0, instance:com.vrt.testcases.UM4@3108bc]" name="ADMN065" duration-ms="29025" started-at="2020-08-05T21:30:03Z" description="Verify if Administrator is able to access the default privilege-Delete StudyFiles" finished-at="2020-08-05T21:30:32Z">
          <exception class="org.openqa.selenium.NoSuchElementException">
            <message>
              <![CDATA[An element could not be located on the page using the given search parameters. (WARNING: The server did not provide any stacktrace information)
Command duration or timeout: 0 milliseconds
For documentation on this error, please visit: https://www.seleniumhq.org/exceptions/no_such_element.html
Build info: version: '3.141.59', revision: 'e82be7d358', time: '2018-11-14T08:17:03'
System info: host: 'AASHYD-4B6B2X2', ip: '192.168.0.105', os.name: 'Windows 10', os.arch: 'amd64', os.version: '10.0', java.version: '1.8.0_181'
Driver info: io.appium.java_client.windows.WindowsDriver
Capabilities {app: Kaye.ValProbeRT_racmveb2qnw..., javascriptEnabled: true, platform: WINDOWS, platformName: WINDOWS}
Session ID: D274DFF7-174F-4F79-BC77-B770900F4C13
*** Element info: {Using=accessibility id, value=DeleteButton}]]>
            </message>
            <full-stacktrace>
              <![CDATA[org.openqa.selenium.NoSuchElementException: An element could not be located on the page using the given search parameters. (WARNING: The server did not provide any stacktrace information)
Command duration or timeout: 0 milliseconds
For documentation on this error, please visit: https://www.seleniumhq.org/exceptions/no_such_element.html
Build info: version: '3.141.59', revision: 'e82be7d358', time: '2018-11-14T08:17:03'
System info: host: 'AASHYD-4B6B2X2', ip: '192.168.0.105', os.name: 'Windows 10', os.arch: 'amd64', os.version: '10.0', java.version: '1.8.0_181'
Driver info: io.appium.java_client.windows.WindowsDriver
Capabilities {app: Kaye.ValProbeRT_racmveb2qnw..., javascriptEnabled: true, platform: WINDOWS, platformName: WINDOWS}
Session ID: D274DFF7-174F-4F79-BC77-B770900F4C13
*** Element info: {Using=accessibility id, value=DeleteButton}
at sun.reflect.NativeConstructorAccessorImpl.newInstance0(Native Method)
at sun.reflect.NativeConstructorAccessorImpl.newInstance(Unknown Source)
at sun.reflect.DelegatingConstructorAccessorImpl.newInstance(Unknown Source)
at java.lang.reflect.Constructor.newInstance(Unknown Source)
at org.openqa.selenium.remote.ErrorHandler.createThrowable(ErrorHandler.java:214)
at org.openqa.selenium.remote.ErrorHandler.throwIfResponseFailed(ErrorHandler.java:166)
at org.openqa.selenium.remote.http.JsonHttpResponseCodec.reconstructValue(JsonHttpResponseCodec.java:40)
at org.openqa.selenium.remote.http.AbstractHttpResponseCodec.decode(AbstractHttpResponseCodec.java:80)
at org.openqa.selenium.remote.http.AbstractHttpResponseCodec.decode(AbstractHttpResponseCodec.java:44)
at org.openqa.selenium.remote.HttpCommandExecutor.execute(HttpCommandExecutor.java:158)
at io.appium.java_client.remote.AppiumCommandExecutor.execute(AppiumCommandExecutor.java:239)
at org.openqa.selenium.remote.RemoteWebDriver.execute(RemoteWebDriver.java:552)
at io.appium.java_client.DefaultGenericMobileDriver.execute(DefaultGenericMobileDriver.java:42)
at io.appium.java_client.AppiumDriver.execute(AppiumDriver.java:1)
at io.appium.java_client.windows.WindowsDriver.execute(WindowsDriver.java:1)
at org.openqa.selenium.remote.RemoteWebDriver.findElement(RemoteWebDriver.java:323)
at io.appium.java_client.DefaultGenericMobileDriver.findElement(DefaultGenericMobileDriver.java:62)
at io.appium.java_client.AppiumDriver.findElement(AppiumDriver.java:1)
at io.appium.java_client.windows.WindowsDriver.findElement(WindowsDriver.java:1)
at io.appium.java_client.FindsByAccessibilityId.findElementByAccessibilityId(FindsByAccessibilityId.java:37)
at com.vrt.pages.assetDetailsPage.click_DeleteBtn(assetDetailsPage.java:365)
at com.vrt.testcases.UM4.ADMN065(UM4.java:294)
at sun.reflect.NativeMethodAccessorImpl.invoke0(Native Method)
at sun.reflect.NativeMethodAccessorImpl.invoke(Unknown Source)
at sun.reflect.DelegatingMethodAccessorImpl.invoke(Unknown Source)
at java.lang.reflect.Method.invoke(Unknown Source)
at org.testng.internal.MethodInvocationHelper.invokeMethod(MethodInvocationHelper.java:124)
at org.testng.internal.Invoker.invokeMethod(Invoker.java:583)
at org.testng.internal.Invoker.invokeTestMethod(Invoker.java:719)
at org.testng.internal.Invoker.invokeTestMethods(Invoker.java:989)
at org.testng.internal.TestMethodWorker.invokeTestMethods(TestMethodWorker.java:125)
at org.testng.internal.TestMethodWorker.run(TestMethodWorker.java:109)
at org.testng.TestRunner.privateRun(TestRunner.java:648)
at org.testng.TestRunner.run(TestRunner.java:505)
at org.testng.SuiteRunner.runTest(SuiteRunner.java:455)
at org.testng.SuiteRunner.runSequentially(SuiteRunner.java:450)
at org.testng.SuiteRunner.privateRun(SuiteRunner.java:415)
at org.testng.SuiteRunner.run(SuiteRunner.java:364)
at org.testng.SuiteRunnerWorker.runSuite(SuiteRunnerWorker.java:52)
at org.testng.SuiteRunnerWorker.run(SuiteRunnerWorker.java:84)
at org.testng.TestNG.runSuitesSequentially(TestNG.java:1208)
at org.testng.TestNG.runSuitesLocally(TestNG.java:1137)
at org.testng.TestNG.runSuites(TestNG.java:1049)
at org.testng.TestNG.run(TestNG.java:1017)
at org.testng.remote.AbstractRemoteTestNG.run(AbstractRemoteTestNG.java:115)
at org.testng.remote.RemoteTestNG.initAndRun(RemoteTestNG.java:251)
at org.testng.remote.RemoteTestNG.main(RemoteTestNG.java:77)
]]>
            </full-stacktrace>
          </exception> <!-- org.openqa.selenium.NoSuchElementException -->
          <reporter-output>
          </reporter-output>
        </test-method> <!-- ADMN065 -->
        <test-method status="PASS" signature="Teardown(org.testng.ITestResult)[pri:0, instance:com.vrt.testcases.UM4@3108bc]" name="Teardown" is-config="true" duration-ms="37" started-at="2020-08-05T21:30:32Z" finished-at="2020-08-05T21:30:32Z">
          <params>
            <param index="0">
              <value>
                <![CDATA[[TestResult name=ADMN065 status=SKIP method=UM4.ADMN065()[pri:0, instance:com.vrt.testcases.UM4@3108bc] output={null}]]]>
              </value>
            </param>
          </params>
          <reporter-output>
          </reporter-output>
        </test-method> <!-- Teardown -->
        <test-method status="PASS" signature="Setup()[pri:0, instance:com.vrt.testcases.UM4@3108bc]" name="Setup" is-config="true" duration-ms="2640" started-at="2020-08-05T21:30:32Z" finished-at="2020-08-05T21:30:35Z">
          <reporter-output>
          </reporter-output>
        </test-method> <!-- Setup -->
        <test-method status="SKIP" signature="ADMN065()[pri:0, instance:com.vrt.testcases.UM4@3108bc]" name="ADMN065" duration-ms="27801" started-at="2020-08-05T21:30:35Z" description="Verify if Administrator is able to access the default privilege-Delete StudyFiles" finished-at="2020-08-05T21:31:02Z">
          <exception class="org.openqa.selenium.NoSuchElementException">
            <message>
              <![CDATA[An element could not be located on the page using the given search parameters. (WARNING: The server did not provide any stacktrace information)
Command duration or timeout: 0 milliseconds
For documentation on this error, please visit: https://www.seleniumhq.org/exceptions/no_such_element.html
Build info: version: '3.141.59', revision: 'e82be7d358', time: '2018-11-14T08:17:03'
System info: host: 'AASHYD-4B6B2X2', ip: '192.168.0.105', os.name: 'Windows 10', os.arch: 'amd64', os.version: '10.0', java.version: '1.8.0_181'
Driver info: io.appium.java_client.windows.WindowsDriver
Capabilities {app: Kaye.ValProbeRT_racmveb2qnw..., javascriptEnabled: true, platform: WINDOWS, platformName: WINDOWS}
Session ID: CDC7894B-F570-4EBB-9838-11A6052CC3AB
*** Element info: {Using=accessibility id, value=DeleteButton}]]>
            </message>
            <full-stacktrace>
              <![CDATA[org.openqa.selenium.NoSuchElementException: An element could not be located on the page using the given search parameters. (WARNING: The server did not provide any stacktrace information)
Command duration or timeout: 0 milliseconds
For documentation on this error, please visit: https://www.seleniumhq.org/exceptions/no_such_element.html
Build info: version: '3.141.59', revision: 'e82be7d358', time: '2018-11-14T08:17:03'
System info: host: 'AASHYD-4B6B2X2', ip: '192.168.0.105', os.name: 'Windows 10', os.arch: 'amd64', os.version: '10.0', java.version: '1.8.0_181'
Driver info: io.appium.java_client.windows.WindowsDriver
Capabilities {app: Kaye.ValProbeRT_racmveb2qnw..., javascriptEnabled: true, platform: WINDOWS, platformName: WINDOWS}
Session ID: CDC7894B-F570-4EBB-9838-11A6052CC3AB
*** Element info: {Using=accessibility id, value=DeleteButton}
at sun.reflect.NativeConstructorAccessorImpl.newInstance0(Native Method)
at sun.reflect.NativeConstructorAccessorImpl.newInstance(Unknown Source)
at sun.reflect.DelegatingConstructorAccessorImpl.newInstance(Unknown Source)
at java.lang.reflect.Constructor.newInstance(Unknown Source)
at org.openqa.selenium.remote.ErrorHandler.createThrowable(ErrorHandler.java:214)
at org.openqa.selenium.remote.ErrorHandler.throwIfResponseFailed(ErrorHandler.java:166)
at org.openqa.selenium.remote.http.JsonHttpResponseCodec.reconstructValue(JsonHttpResponseCodec.java:40)
at org.openqa.selenium.remote.http.AbstractHttpResponseCodec.decode(AbstractHttpResponseCodec.java:80)
at org.openqa.selenium.remote.http.AbstractHttpResponseCodec.decode(AbstractHttpResponseCodec.java:44)
at org.openqa.selenium.remote.HttpCommandExecutor.execute(HttpCommandExecutor.java:158)
at io.appium.java_client.remote.AppiumCommandExecutor.execute(AppiumCommandExecutor.java:239)
at org.openqa.selenium.remote.RemoteWebDriver.execute(RemoteWebDriver.java:552)
at io.appium.java_client.DefaultGenericMobileDriver.execute(DefaultGenericMobileDriver.java:42)
at io.appium.java_client.AppiumDriver.execute(AppiumDriver.java:1)
at io.appium.java_client.windows.WindowsDriver.execute(WindowsDriver.java:1)
at org.openqa.selenium.remote.RemoteWebDriver.findElement(RemoteWebDriver.java:323)
at io.appium.java_client.DefaultGenericMobileDriver.findElement(DefaultGenericMobileDriver.java:62)
at io.appium.java_client.AppiumDriver.findElement(AppiumDriver.java:1)
at io.appium.java_client.windows.WindowsDriver.findElement(WindowsDriver.java:1)
at io.appium.java_client.FindsByAccessibilityId.findElementByAccessibilityId(FindsByAccessibilityId.java:37)
at com.vrt.pages.assetDetailsPage.click_DeleteBtn(assetDetailsPage.java:365)
at com.vrt.testcases.UM4.ADMN065(UM4.java:294)
at sun.reflect.NativeMethodAccessorImpl.invoke0(Native Method)
at sun.reflect.NativeMethodAccessorImpl.invoke(Unknown Source)
at sun.reflect.DelegatingMethodAccessorImpl.invoke(Unknown Source)
at java.lang.reflect.Method.invoke(Unknown Source)
at org.testng.internal.MethodInvocationHelper.invokeMethod(MethodInvocationHelper.java:124)
at org.testng.internal.Invoker.invokeMethod(Invoker.java:583)
at org.testng.internal.Invoker.retryFailed(Invoker.java:839)
at org.testng.internal.Invoker.invokeTestMethods(Invoker.java:1010)
at org.testng.internal.TestMethodWorker.invokeTestMethods(TestMethodWorker.java:125)
at org.testng.internal.TestMethodWorker.run(TestMethodWorker.java:109)
at org.testng.TestRunner.privateRun(TestRunner.java:648)
at org.testng.TestRunner.run(TestRunner.java:505)
at org.testng.SuiteRunner.runTest(SuiteRunner.java:455)
at org.testng.SuiteRunner.runSequentially(SuiteRunner.java:450)
at org.testng.SuiteRunner.privateRun(SuiteRunner.java:415)
at org.testng.SuiteRunner.run(SuiteRunner.java:364)
at org.testng.SuiteRunnerWorker.runSuite(SuiteRunnerWorker.java:52)
at org.testng.SuiteRunnerWorker.run(SuiteRunnerWorker.java:84)
at org.testng.TestNG.runSuitesSequentially(TestNG.java:1208)
at org.testng.TestNG.runSuitesLocally(TestNG.java:1137)
at org.testng.TestNG.runSuites(TestNG.java:1049)
at org.testng.TestNG.run(TestNG.java:1017)
at org.testng.remote.AbstractRemoteTestNG.run(AbstractRemoteTestNG.java:115)
at org.testng.remote.RemoteTestNG.initAndRun(RemoteTestNG.java:251)
at org.testng.remote.RemoteTestNG.main(RemoteTestNG.java:77)
]]>
            </full-stacktrace>
          </exception> <!-- org.openqa.selenium.NoSuchElementException -->
          <reporter-output>
          </reporter-output>
        </test-method> <!-- ADMN065 -->
        <test-method status="PASS" signature="Teardown(org.testng.ITestResult)[pri:0, instance:com.vrt.testcases.UM4@3108bc]" name="Teardown" is-config="true" duration-ms="33" started-at="2020-08-05T21:31:02Z" finished-at="2020-08-05T21:31:03Z">
          <params>
            <param index="0">
              <value>
                <![CDATA[[TestResult name=ADMN065 status=SKIP method=UM4.ADMN065()[pri:0, instance:com.vrt.testcases.UM4@3108bc] output={null}]]]>
              </value>
            </param>
          </params>
          <reporter-output>
          </reporter-output>
        </test-method> <!-- Teardown -->
        <test-method status="PASS" signature="Setup()[pri:0, instance:com.vrt.testcases.UM4@3108bc]" name="Setup" is-config="true" duration-ms="2518" started-at="2020-08-05T21:31:03Z" finished-at="2020-08-05T21:31:05Z">
          <reporter-output>
          </reporter-output>
        </test-method> <!-- Setup -->
        <test-method status="FAIL" signature="ADMN065()[pri:0, instance:com.vrt.testcases.UM4@3108bc]" name="ADMN065" duration-ms="28960" started-at="2020-08-05T21:31:05Z" description="Verify if Administrator is able to access the default privilege-Delete StudyFiles" finished-at="2020-08-05T21:31:34Z">
          <exception class="org.openqa.selenium.NoSuchElementException">
            <message>
              <![CDATA[An element could not be located on the page using the given search parameters. (WARNING: The server did not provide any stacktrace information)
Command duration or timeout: 0 milliseconds
For documentation on this error, please visit: https://www.seleniumhq.org/exceptions/no_such_element.html
Build info: version: '3.141.59', revision: 'e82be7d358', time: '2018-11-14T08:17:03'
System info: host: 'AASHYD-4B6B2X2', ip: '192.168.0.105', os.name: 'Windows 10', os.arch: 'amd64', os.version: '10.0', java.version: '1.8.0_181'
Driver info: io.appium.java_client.windows.WindowsDriver
Capabilities {app: Kaye.ValProbeRT_racmveb2qnw..., javascriptEnabled: true, platform: WINDOWS, platformName: WINDOWS}
Session ID: 9B8B7CED-0259-4F15-8CFA-48F3BB47BE4A
*** Element info: {Using=accessibility id, value=DeleteButton}]]>
            </message>
            <full-stacktrace>
              <![CDATA[org.openqa.selenium.NoSuchElementException: An element could not be located on the page using the given search parameters. (WARNING: The server did not provide any stacktrace information)
Command duration or timeout: 0 milliseconds
For documentation on this error, please visit: https://www.seleniumhq.org/exceptions/no_such_element.html
Build info: version: '3.141.59', revision: 'e82be7d358', time: '2018-11-14T08:17:03'
System info: host: 'AASHYD-4B6B2X2', ip: '192.168.0.105', os.name: 'Windows 10', os.arch: 'amd64', os.version: '10.0', java.version: '1.8.0_181'
Driver info: io.appium.java_client.windows.WindowsDriver
Capabilities {app: Kaye.ValProbeRT_racmveb2qnw..., javascriptEnabled: true, platform: WINDOWS, platformName: WINDOWS}
Session ID: 9B8B7CED-0259-4F15-8CFA-48F3BB47BE4A
*** Element info: {Using=accessibility id, value=DeleteButton}
at sun.reflect.NativeConstructorAccessorImpl.newInstance0(Native Method)
at sun.reflect.NativeConstructorAccessorImpl.newInstance(Unknown Source)
at sun.reflect.DelegatingConstructorAccessorImpl.newInstance(Unknown Source)
at java.lang.reflect.Constructor.newInstance(Unknown Source)
at org.openqa.selenium.remote.ErrorHandler.createThrowable(ErrorHandler.java:214)
at org.openqa.selenium.remote.ErrorHandler.throwIfResponseFailed(ErrorHandler.java:166)
at org.openqa.selenium.remote.http.JsonHttpResponseCodec.reconstructValue(JsonHttpResponseCodec.java:40)
at org.openqa.selenium.remote.http.AbstractHttpResponseCodec.decode(AbstractHttpResponseCodec.java:80)
at org.openqa.selenium.remote.http.AbstractHttpResponseCodec.decode(AbstractHttpResponseCodec.java:44)
at org.openqa.selenium.remote.HttpCommandExecutor.execute(HttpCommandExecutor.java:158)
at io.appium.java_client.remote.AppiumCommandExecutor.execute(AppiumCommandExecutor.java:239)
at org.openqa.selenium.remote.RemoteWebDriver.execute(RemoteWebDriver.java:552)
at io.appium.java_client.DefaultGenericMobileDriver.execute(DefaultGenericMobileDriver.java:42)
at io.appium.java_client.AppiumDriver.execute(AppiumDriver.java:1)
at io.appium.java_client.windows.WindowsDriver.execute(WindowsDriver.java:1)
at org.openqa.selenium.remote.RemoteWebDriver.findElement(RemoteWebDriver.java:323)
at io.appium.java_client.DefaultGenericMobileDriver.findElement(DefaultGenericMobileDriver.java:62)
at io.appium.java_client.AppiumDriver.findElement(AppiumDriver.java:1)
at io.appium.java_client.windows.WindowsDriver.findElement(WindowsDriver.java:1)
at io.appium.java_client.FindsByAccessibilityId.findElementByAccessibilityId(FindsByAccessibilityId.java:37)
at com.vrt.pages.assetDetailsPage.click_DeleteBtn(assetDetailsPage.java:365)
at com.vrt.testcases.UM4.ADMN065(UM4.java:294)
at sun.reflect.NativeMethodAccessorImpl.invoke0(Native Method)
at sun.reflect.NativeMethodAccessorImpl.invoke(Unknown Source)
at sun.reflect.DelegatingMethodAccessorImpl.invoke(Unknown Source)
at java.lang.reflect.Method.invoke(Unknown Source)
at org.testng.internal.MethodInvocationHelper.invokeMethod(MethodInvocationHelper.java:124)
at org.testng.internal.Invoker.invokeMethod(Invoker.java:583)
at org.testng.internal.Invoker.retryFailed(Invoker.java:839)
at org.testng.internal.Invoker.invokeTestMethods(Invoker.java:1010)
at org.testng.internal.TestMethodWorker.invokeTestMethods(TestMethodWorker.java:125)
at org.testng.internal.TestMethodWorker.run(TestMethodWorker.java:109)
at org.testng.TestRunner.privateRun(TestRunner.java:648)
at org.testng.TestRunner.run(TestRunner.java:505)
at org.testng.SuiteRunner.runTest(SuiteRunner.java:455)
at org.testng.SuiteRunner.runSequentially(SuiteRunner.java:450)
at org.testng.SuiteRunner.privateRun(SuiteRunner.java:415)
at org.testng.SuiteRunner.run(SuiteRunner.java:364)
at org.testng.SuiteRunnerWorker.runSuite(SuiteRunnerWorker.java:52)
at org.testng.SuiteRunnerWorker.run(SuiteRunnerWorker.java:84)
at org.testng.TestNG.runSuitesSequentially(TestNG.java:1208)
at org.testng.TestNG.runSuitesLocally(TestNG.java:1137)
at org.testng.TestNG.runSuites(TestNG.java:1049)
at org.testng.TestNG.run(TestNG.java:1017)
at org.testng.remote.AbstractRemoteTestNG.run(AbstractRemoteTestNG.java:115)
at org.testng.remote.RemoteTestNG.initAndRun(RemoteTestNG.java:251)
at org.testng.remote.RemoteTestNG.main(RemoteTestNG.java:77)
]]>
            </full-stacktrace>
          </exception> <!-- org.openqa.selenium.NoSuchElementException -->
          <reporter-output>
          </reporter-output>
        </test-method> <!-- ADMN065 -->
        <test-method status="PASS" signature="Teardown(org.testng.ITestResult)[pri:0, instance:com.vrt.testcases.UM4@3108bc]" name="Teardown" is-config="true" duration-ms="105" started-at="2020-08-05T21:31:34Z" finished-at="2020-08-05T21:31:34Z">
          <params>
            <param index="0">
              <value>
                <![CDATA[[TestResult name=ADMN065 status=FAILURE method=UM4.ADMN065()[pri:0, instance:com.vrt.testcases.UM4@3108bc] output={null}]]]>
              </value>
            </param>
          </params>
          <reporter-output>
          </reporter-output>
        </test-method> <!-- Teardown -->
        <test-method status="PASS" signature="Setup()[pri:0, instance:com.vrt.testcases.UM4@3108bc]" name="Setup" is-config="true" duration-ms="2581" started-at="2020-08-05T21:31:34Z" finished-at="2020-08-05T21:31:37Z">
          <reporter-output>
          </reporter-output>
        </test-method> <!-- Setup -->
        <test-method status="PASS" signature="ADMN065A()[pri:0, instance:com.vrt.testcases.UM4@3108bc]" name="ADMN065A" duration-ms="9518" started-at="2020-08-05T21:31:37Z" description="Verify if Administrator is able to access the default privilege-Delete Reports_qualification sub bar" finished-at="2020-08-05T21:31:46Z">
          <reporter-output>
          </reporter-output>
        </test-method> <!-- ADMN065A -->
        <test-method status="PASS" signature="Teardown(org.testng.ITestResult)[pri:0, instance:com.vrt.testcases.UM4@3108bc]" name="Teardown" is-config="true" duration-ms="29" started-at="2020-08-05T21:31:46Z" finished-at="2020-08-05T21:31:46Z">
          <params>
            <param index="0">
              <value>
                <![CDATA[[TestResult name=ADMN065A status=SUCCESS method=UM4.ADMN065A()[pri:0, instance:com.vrt.testcases.UM4@3108bc] output={null}]]]>
              </value>
            </param>
          </params>
          <reporter-output>
          </reporter-output>
        </test-method> <!-- Teardown -->
        <test-method status="PASS" signature="Setup()[pri:0, instance:com.vrt.testcases.UM4@3108bc]" name="Setup" is-config="true" duration-ms="2517" started-at="2020-08-05T21:31:46Z" finished-at="2020-08-05T21:31:49Z">
          <reporter-output>
          </reporter-output>
        </test-method> <!-- Setup -->
        <test-method status="PASS" signature="ADMN065B()[pri:0, instance:com.vrt.testcases.UM4@3108bc]" name="ADMN065B" duration-ms="9573" started-at="2020-08-05T21:31:49Z" description="Verify if Administrator is able to access the default privilege-Delete_SetUpReports" finished-at="2020-08-05T21:31:58Z">
          <reporter-output>
          </reporter-output>
        </test-method> <!-- ADMN065B -->
        <test-method status="PASS" signature="Teardown(org.testng.ITestResult)[pri:0, instance:com.vrt.testcases.UM4@3108bc]" name="Teardown" is-config="true" duration-ms="28" started-at="2020-08-05T21:31:58Z" finished-at="2020-08-05T21:31:58Z">
          <params>
            <param index="0">
              <value>
                <![CDATA[[TestResult name=ADMN065B status=SUCCESS method=UM4.ADMN065B()[pri:0, instance:com.vrt.testcases.UM4@3108bc] output={null}]]]>
              </value>
            </param>
          </params>
          <reporter-output>
          </reporter-output>
        </test-method> <!-- Teardown -->
        <test-method status="PASS" signature="Setup()[pri:0, instance:com.vrt.testcases.UM4@3108bc]" name="Setup" is-config="true" duration-ms="2531" started-at="2020-08-05T21:31:58Z" finished-at="2020-08-05T21:32:01Z">
          <reporter-output>
          </reporter-output>
        </test-method> <!-- Setup -->
        <test-method status="PASS" signature="ADMN065C()[pri:0, instance:com.vrt.testcases.UM4@3108bc]" name="ADMN065C" duration-ms="10115" started-at="2020-08-05T21:32:01Z" description="Verify if Administrator is able to Delete documentsfrom Asset Details-Documents tile" finished-at="2020-08-05T21:32:11Z">
          <reporter-output>
          </reporter-output>
        </test-method> <!-- ADMN065C -->
        <test-method status="PASS" signature="Teardown(org.testng.ITestResult)[pri:0, instance:com.vrt.testcases.UM4@3108bc]" name="Teardown" is-config="true" duration-ms="27" started-at="2020-08-05T21:32:11Z" finished-at="2020-08-05T21:32:11Z">
          <params>
            <param index="0">
              <value>
                <![CDATA[[TestResult name=ADMN065C status=SUCCESS method=UM4.ADMN065C()[pri:0, instance:com.vrt.testcases.UM4@3108bc] output={null}]]]>
              </value>
            </param>
          </params>
          <reporter-output>
          </reporter-output>
        </test-method> <!-- Teardown -->
        <test-method status="PASS" signature="Setup()[pri:0, instance:com.vrt.testcases.UM4@3108bc]" name="Setup" is-config="true" duration-ms="2556" started-at="2020-08-05T21:32:11Z" finished-at="2020-08-05T21:32:14Z">
          <reporter-output>
          </reporter-output>
        </test-method> <!-- Setup -->
        <test-method status="PASS" signature="ADMN079()[pri:0, instance:com.vrt.testcases.UM4@3108bc]" name="ADMN079" duration-ms="9640" started-at="2020-08-05T21:32:14Z" description="Verify Supervisor is unable to access the non-default privilege-Delete Setups" finished-at="2020-08-05T21:32:23Z">
          <reporter-output>
          </reporter-output>
        </test-method> <!-- ADMN079 -->
        <test-method status="PASS" signature="Teardown(org.testng.ITestResult)[pri:0, instance:com.vrt.testcases.UM4@3108bc]" name="Teardown" is-config="true" duration-ms="31" started-at="2020-08-05T21:32:23Z" finished-at="2020-08-05T21:32:23Z">
          <params>
            <param index="0">
              <value>
                <![CDATA[[TestResult name=ADMN079 status=SUCCESS method=UM4.ADMN079()[pri:0, instance:com.vrt.testcases.UM4@3108bc] output={null}]]]>
              </value>
            </param>
          </params>
          <reporter-output>
          </reporter-output>
        </test-method> <!-- Teardown -->
        <test-method status="PASS" signature="Setup()[pri:0, instance:com.vrt.testcases.UM4@3108bc]" name="Setup" is-config="true" duration-ms="2551" started-at="2020-08-05T21:32:23Z" finished-at="2020-08-05T21:32:26Z">
          <reporter-output>
          </reporter-output>
        </test-method> <!-- Setup -->
        <test-method status="SKIP" signature="ADMN081A()[pri:0, instance:com.vrt.testcases.UM4@3108bc]" name="ADMN081A" duration-ms="25636" started-at="2020-08-05T21:32:26Z" description="ADMN081A-Verify Supervisor is unable to access the non-default privilege-Delete StudyFiles" finished-at="2020-08-05T21:32:51Z">
          <exception class="org.openqa.selenium.NoSuchElementException">
            <message>
              <![CDATA[An element could not be located on the page using the given search parameters. (WARNING: The server did not provide any stacktrace information)
Command duration or timeout: 0 milliseconds
For documentation on this error, please visit: https://www.seleniumhq.org/exceptions/no_such_element.html
Build info: version: '3.141.59', revision: 'e82be7d358', time: '2018-11-14T08:17:03'
System info: host: 'AASHYD-4B6B2X2', ip: '192.168.0.105', os.name: 'Windows 10', os.arch: 'amd64', os.version: '10.0', java.version: '1.8.0_181'
Driver info: io.appium.java_client.windows.WindowsDriver
Capabilities {app: Kaye.ValProbeRT_racmveb2qnw..., javascriptEnabled: true, platform: WINDOWS, platformName: WINDOWS}
Session ID: B139F884-B92D-4972-9733-96458C70FE38
*** Element info: {Using=accessibility id, value=DeleteButton}]]>
            </message>
            <full-stacktrace>
              <![CDATA[org.openqa.selenium.NoSuchElementException: An element could not be located on the page using the given search parameters. (WARNING: The server did not provide any stacktrace information)
Command duration or timeout: 0 milliseconds
For documentation on this error, please visit: https://www.seleniumhq.org/exceptions/no_such_element.html
Build info: version: '3.141.59', revision: 'e82be7d358', time: '2018-11-14T08:17:03'
System info: host: 'AASHYD-4B6B2X2', ip: '192.168.0.105', os.name: 'Windows 10', os.arch: 'amd64', os.version: '10.0', java.version: '1.8.0_181'
Driver info: io.appium.java_client.windows.WindowsDriver
Capabilities {app: Kaye.ValProbeRT_racmveb2qnw..., javascriptEnabled: true, platform: WINDOWS, platformName: WINDOWS}
Session ID: B139F884-B92D-4972-9733-96458C70FE38
*** Element info: {Using=accessibility id, value=DeleteButton}
at sun.reflect.NativeConstructorAccessorImpl.newInstance0(Native Method)
at sun.reflect.NativeConstructorAccessorImpl.newInstance(Unknown Source)
at sun.reflect.DelegatingConstructorAccessorImpl.newInstance(Unknown Source)
at java.lang.reflect.Constructor.newInstance(Unknown Source)
at org.openqa.selenium.remote.ErrorHandler.createThrowable(ErrorHandler.java:214)
at org.openqa.selenium.remote.ErrorHandler.throwIfResponseFailed(ErrorHandler.java:166)
at org.openqa.selenium.remote.http.JsonHttpResponseCodec.reconstructValue(JsonHttpResponseCodec.java:40)
at org.openqa.selenium.remote.http.AbstractHttpResponseCodec.decode(AbstractHttpResponseCodec.java:80)
at org.openqa.selenium.remote.http.AbstractHttpResponseCodec.decode(AbstractHttpResponseCodec.java:44)
at org.openqa.selenium.remote.HttpCommandExecutor.execute(HttpCommandExecutor.java:158)
at io.appium.java_client.remote.AppiumCommandExecutor.execute(AppiumCommandExecutor.java:239)
at org.openqa.selenium.remote.RemoteWebDriver.execute(RemoteWebDriver.java:552)
at io.appium.java_client.DefaultGenericMobileDriver.execute(DefaultGenericMobileDriver.java:42)
at io.appium.java_client.AppiumDriver.execute(AppiumDriver.java:1)
at io.appium.java_client.windows.WindowsDriver.execute(WindowsDriver.java:1)
at org.openqa.selenium.remote.RemoteWebDriver.findElement(RemoteWebDriver.java:323)
at io.appium.java_client.DefaultGenericMobileDriver.findElement(DefaultGenericMobileDriver.java:62)
at io.appium.java_client.AppiumDriver.findElement(AppiumDriver.java:1)
at io.appium.java_client.windows.WindowsDriver.findElement(WindowsDriver.java:1)
at io.appium.java_client.FindsByAccessibilityId.findElementByAccessibilityId(FindsByAccessibilityId.java:37)
at com.vrt.pages.assetDetailsPage.click_DeleteBtn(assetDetailsPage.java:365)
at com.vrt.testcases.UM4.ADMN081A(UM4.java:391)
at sun.reflect.NativeMethodAccessorImpl.invoke0(Native Method)
at sun.reflect.NativeMethodAccessorImpl.invoke(Unknown Source)
at sun.reflect.DelegatingMethodAccessorImpl.invoke(Unknown Source)
at java.lang.reflect.Method.invoke(Unknown Source)
at org.testng.internal.MethodInvocationHelper.invokeMethod(MethodInvocationHelper.java:124)
at org.testng.internal.Invoker.invokeMethod(Invoker.java:583)
at org.testng.internal.Invoker.invokeTestMethod(Invoker.java:719)
at org.testng.internal.Invoker.invokeTestMethods(Invoker.java:989)
at org.testng.internal.TestMethodWorker.invokeTestMethods(TestMethodWorker.java:125)
at org.testng.internal.TestMethodWorker.run(TestMethodWorker.java:109)
at org.testng.TestRunner.privateRun(TestRunner.java:648)
at org.testng.TestRunner.run(TestRunner.java:505)
at org.testng.SuiteRunner.runTest(SuiteRunner.java:455)
at org.testng.SuiteRunner.runSequentially(SuiteRunner.java:450)
at org.testng.SuiteRunner.privateRun(SuiteRunner.java:415)
at org.testng.SuiteRunner.run(SuiteRunner.java:364)
at org.testng.SuiteRunnerWorker.runSuite(SuiteRunnerWorker.java:52)
at org.testng.SuiteRunnerWorker.run(SuiteRunnerWorker.java:84)
at org.testng.TestNG.runSuitesSequentially(TestNG.java:1208)
at org.testng.TestNG.runSuitesLocally(TestNG.java:1137)
at org.testng.TestNG.runSuites(TestNG.java:1049)
at org.testng.TestNG.run(TestNG.java:1017)
at org.testng.remote.AbstractRemoteTestNG.run(AbstractRemoteTestNG.java:115)
at org.testng.remote.RemoteTestNG.initAndRun(RemoteTestNG.java:251)
at org.testng.remote.RemoteTestNG.main(RemoteTestNG.java:77)
]]>
            </full-stacktrace>
          </exception> <!-- org.openqa.selenium.NoSuchElementException -->
          <reporter-output>
          </reporter-output>
        </test-method> <!-- ADMN081A -->
        <test-method status="PASS" signature="Teardown(org.testng.ITestResult)[pri:0, instance:com.vrt.testcases.UM4@3108bc]" name="Teardown" is-config="true" duration-ms="34" started-at="2020-08-05T21:32:51Z" finished-at="2020-08-05T21:32:51Z">
          <params>
            <param index="0">
              <value>
                <![CDATA[[TestResult name=ADMN081A status=SKIP method=UM4.ADMN081A()[pri:0, instance:com.vrt.testcases.UM4@3108bc] output={null}]]]>
              </value>
            </param>
          </params>
          <reporter-output>
          </reporter-output>
        </test-method> <!-- Teardown -->
        <test-method status="PASS" signature="Setup()[pri:0, instance:com.vrt.testcases.UM4@3108bc]" name="Setup" is-config="true" duration-ms="2552" started-at="2020-08-05T21:32:51Z" finished-at="2020-08-05T21:32:54Z">
          <reporter-output>
          </reporter-output>
        </test-method> <!-- Setup -->
        <test-method status="SKIP" signature="ADMN081A()[pri:0, instance:com.vrt.testcases.UM4@3108bc]" name="ADMN081A" duration-ms="24999" started-at="2020-08-05T21:32:54Z" description="ADMN081A-Verify Supervisor is unable to access the non-default privilege-Delete StudyFiles" finished-at="2020-08-05T21:33:19Z">
          <exception class="org.openqa.selenium.NoSuchElementException">
            <message>
              <![CDATA[An element could not be located on the page using the given search parameters. (WARNING: The server did not provide any stacktrace information)
Command duration or timeout: 0 milliseconds
For documentation on this error, please visit: https://www.seleniumhq.org/exceptions/no_such_element.html
Build info: version: '3.141.59', revision: 'e82be7d358', time: '2018-11-14T08:17:03'
System info: host: 'AASHYD-4B6B2X2', ip: '192.168.0.105', os.name: 'Windows 10', os.arch: 'amd64', os.version: '10.0', java.version: '1.8.0_181'
Driver info: io.appium.java_client.windows.WindowsDriver
Capabilities {app: Kaye.ValProbeRT_racmveb2qnw..., javascriptEnabled: true, platform: WINDOWS, platformName: WINDOWS}
Session ID: 3DB780B2-5B31-477E-871C-BB150FA85B2C
*** Element info: {Using=accessibility id, value=DeleteButton}]]>
            </message>
            <full-stacktrace>
              <![CDATA[org.openqa.selenium.NoSuchElementException: An element could not be located on the page using the given search parameters. (WARNING: The server did not provide any stacktrace information)
Command duration or timeout: 0 milliseconds
For documentation on this error, please visit: https://www.seleniumhq.org/exceptions/no_such_element.html
Build info: version: '3.141.59', revision: 'e82be7d358', time: '2018-11-14T08:17:03'
System info: host: 'AASHYD-4B6B2X2', ip: '192.168.0.105', os.name: 'Windows 10', os.arch: 'amd64', os.version: '10.0', java.version: '1.8.0_181'
Driver info: io.appium.java_client.windows.WindowsDriver
Capabilities {app: Kaye.ValProbeRT_racmveb2qnw..., javascriptEnabled: true, platform: WINDOWS, platformName: WINDOWS}
Session ID: 3DB780B2-5B31-477E-871C-BB150FA85B2C
*** Element info: {Using=accessibility id, value=DeleteButton}
at sun.reflect.NativeConstructorAccessorImpl.newInstance0(Native Method)
at sun.reflect.NativeConstructorAccessorImpl.newInstance(Unknown Source)
at sun.reflect.DelegatingConstructorAccessorImpl.newInstance(Unknown Source)
at java.lang.reflect.Constructor.newInstance(Unknown Source)
at org.openqa.selenium.remote.ErrorHandler.createThrowable(ErrorHandler.java:214)
at org.openqa.selenium.remote.ErrorHandler.throwIfResponseFailed(ErrorHandler.java:166)
at org.openqa.selenium.remote.http.JsonHttpResponseCodec.reconstructValue(JsonHttpResponseCodec.java:40)
at org.openqa.selenium.remote.http.AbstractHttpResponseCodec.decode(AbstractHttpResponseCodec.java:80)
at org.openqa.selenium.remote.http.AbstractHttpResponseCodec.decode(AbstractHttpResponseCodec.java:44)
at org.openqa.selenium.remote.HttpCommandExecutor.execute(HttpCommandExecutor.java:158)
at io.appium.java_client.remote.AppiumCommandExecutor.execute(AppiumCommandExecutor.java:239)
at org.openqa.selenium.remote.RemoteWebDriver.execute(RemoteWebDriver.java:552)
at io.appium.java_client.DefaultGenericMobileDriver.execute(DefaultGenericMobileDriver.java:42)
at io.appium.java_client.AppiumDriver.execute(AppiumDriver.java:1)
at io.appium.java_client.windows.WindowsDriver.execute(WindowsDriver.java:1)
at org.openqa.selenium.remote.RemoteWebDriver.findElement(RemoteWebDriver.java:323)
at io.appium.java_client.DefaultGenericMobileDriver.findElement(DefaultGenericMobileDriver.java:62)
at io.appium.java_client.AppiumDriver.findElement(AppiumDriver.java:1)
at io.appium.java_client.windows.WindowsDriver.findElement(WindowsDriver.java:1)
at io.appium.java_client.FindsByAccessibilityId.findElementByAccessibilityId(FindsByAccessibilityId.java:37)
at com.vrt.pages.assetDetailsPage.click_DeleteBtn(assetDetailsPage.java:365)
at com.vrt.testcases.UM4.ADMN081A(UM4.java:391)
at sun.reflect.NativeMethodAccessorImpl.invoke0(Native Method)
at sun.reflect.NativeMethodAccessorImpl.invoke(Unknown Source)
at sun.reflect.DelegatingMethodAccessorImpl.invoke(Unknown Source)
at java.lang.reflect.Method.invoke(Unknown Source)
at org.testng.internal.MethodInvocationHelper.invokeMethod(MethodInvocationHelper.java:124)
at org.testng.internal.Invoker.invokeMethod(Invoker.java:583)
at org.testng.internal.Invoker.retryFailed(Invoker.java:839)
at org.testng.internal.Invoker.invokeTestMethods(Invoker.java:1010)
at org.testng.internal.TestMethodWorker.invokeTestMethods(TestMethodWorker.java:125)
at org.testng.internal.TestMethodWorker.run(TestMethodWorker.java:109)
at org.testng.TestRunner.privateRun(TestRunner.java:648)
at org.testng.TestRunner.run(TestRunner.java:505)
at org.testng.SuiteRunner.runTest(SuiteRunner.java:455)
at org.testng.SuiteRunner.runSequentially(SuiteRunner.java:450)
at org.testng.SuiteRunner.privateRun(SuiteRunner.java:415)
at org.testng.SuiteRunner.run(SuiteRunner.java:364)
at org.testng.SuiteRunnerWorker.runSuite(SuiteRunnerWorker.java:52)
at org.testng.SuiteRunnerWorker.run(SuiteRunnerWorker.java:84)
at org.testng.TestNG.runSuitesSequentially(TestNG.java:1208)
at org.testng.TestNG.runSuitesLocally(TestNG.java:1137)
at org.testng.TestNG.runSuites(TestNG.java:1049)
at org.testng.TestNG.run(TestNG.java:1017)
at org.testng.remote.AbstractRemoteTestNG.run(AbstractRemoteTestNG.java:115)
at org.testng.remote.RemoteTestNG.initAndRun(RemoteTestNG.java:251)
at org.testng.remote.RemoteTestNG.main(RemoteTestNG.java:77)
]]>
            </full-stacktrace>
          </exception> <!-- org.openqa.selenium.NoSuchElementException -->
          <reporter-output>
          </reporter-output>
        </test-method> <!-- ADMN081A -->
        <test-method status="PASS" signature="Teardown(org.testng.ITestResult)[pri:0, instance:com.vrt.testcases.UM4@3108bc]" name="Teardown" is-config="true" duration-ms="40" started-at="2020-08-05T21:33:19Z" finished-at="2020-08-05T21:33:19Z">
          <params>
            <param index="0">
              <value>
                <![CDATA[[TestResult name=ADMN081A status=SKIP method=UM4.ADMN081A()[pri:0, instance:com.vrt.testcases.UM4@3108bc] output={null}]]]>
              </value>
            </param>
          </params>
          <reporter-output>
          </reporter-output>
        </test-method> <!-- Teardown -->
        <test-method status="PASS" signature="Setup()[pri:0, instance:com.vrt.testcases.UM4@3108bc]" name="Setup" is-config="true" duration-ms="2616" started-at="2020-08-05T21:33:19Z" finished-at="2020-08-05T21:33:22Z">
          <reporter-output>
          </reporter-output>
        </test-method> <!-- Setup -->
        <test-method status="FAIL" signature="ADMN081A()[pri:0, instance:com.vrt.testcases.UM4@3108bc]" name="ADMN081A" duration-ms="25209" started-at="2020-08-05T21:33:22Z" description="ADMN081A-Verify Supervisor is unable to access the non-default privilege-Delete StudyFiles" finished-at="2020-08-05T21:33:47Z">
          <exception class="org.openqa.selenium.NoSuchElementException">
            <message>
              <![CDATA[An element could not be located on the page using the given search parameters. (WARNING: The server did not provide any stacktrace information)
Command duration or timeout: 0 milliseconds
For documentation on this error, please visit: https://www.seleniumhq.org/exceptions/no_such_element.html
Build info: version: '3.141.59', revision: 'e82be7d358', time: '2018-11-14T08:17:03'
System info: host: 'AASHYD-4B6B2X2', ip: '192.168.0.105', os.name: 'Windows 10', os.arch: 'amd64', os.version: '10.0', java.version: '1.8.0_181'
Driver info: io.appium.java_client.windows.WindowsDriver
Capabilities {app: Kaye.ValProbeRT_racmveb2qnw..., javascriptEnabled: true, platform: WINDOWS, platformName: WINDOWS}
Session ID: E1374750-31C8-4E3E-B3C6-C8FD30FF7630
*** Element info: {Using=accessibility id, value=DeleteButton}]]>
            </message>
            <full-stacktrace>
              <![CDATA[org.openqa.selenium.NoSuchElementException: An element could not be located on the page using the given search parameters. (WARNING: The server did not provide any stacktrace information)
Command duration or timeout: 0 milliseconds
For documentation on this error, please visit: https://www.seleniumhq.org/exceptions/no_such_element.html
Build info: version: '3.141.59', revision: 'e82be7d358', time: '2018-11-14T08:17:03'
System info: host: 'AASHYD-4B6B2X2', ip: '192.168.0.105', os.name: 'Windows 10', os.arch: 'amd64', os.version: '10.0', java.version: '1.8.0_181'
Driver info: io.appium.java_client.windows.WindowsDriver
Capabilities {app: Kaye.ValProbeRT_racmveb2qnw..., javascriptEnabled: true, platform: WINDOWS, platformName: WINDOWS}
Session ID: E1374750-31C8-4E3E-B3C6-C8FD30FF7630
*** Element info: {Using=accessibility id, value=DeleteButton}
at sun.reflect.NativeConstructorAccessorImpl.newInstance0(Native Method)
at sun.reflect.NativeConstructorAccessorImpl.newInstance(Unknown Source)
at sun.reflect.DelegatingConstructorAccessorImpl.newInstance(Unknown Source)
at java.lang.reflect.Constructor.newInstance(Unknown Source)
at org.openqa.selenium.remote.ErrorHandler.createThrowable(ErrorHandler.java:214)
at org.openqa.selenium.remote.ErrorHandler.throwIfResponseFailed(ErrorHandler.java:166)
at org.openqa.selenium.remote.http.JsonHttpResponseCodec.reconstructValue(JsonHttpResponseCodec.java:40)
at org.openqa.selenium.remote.http.AbstractHttpResponseCodec.decode(AbstractHttpResponseCodec.java:80)
at org.openqa.selenium.remote.http.AbstractHttpResponseCodec.decode(AbstractHttpResponseCodec.java:44)
at org.openqa.selenium.remote.HttpCommandExecutor.execute(HttpCommandExecutor.java:158)
at io.appium.java_client.remote.AppiumCommandExecutor.execute(AppiumCommandExecutor.java:239)
at org.openqa.selenium.remote.RemoteWebDriver.execute(RemoteWebDriver.java:552)
at io.appium.java_client.DefaultGenericMobileDriver.execute(DefaultGenericMobileDriver.java:42)
at io.appium.java_client.AppiumDriver.execute(AppiumDriver.java:1)
at io.appium.java_client.windows.WindowsDriver.execute(WindowsDriver.java:1)
at org.openqa.selenium.remote.RemoteWebDriver.findElement(RemoteWebDriver.java:323)
at io.appium.java_client.DefaultGenericMobileDriver.findElement(DefaultGenericMobileDriver.java:62)
at io.appium.java_client.AppiumDriver.findElement(AppiumDriver.java:1)
at io.appium.java_client.windows.WindowsDriver.findElement(WindowsDriver.java:1)
at io.appium.java_client.FindsByAccessibilityId.findElementByAccessibilityId(FindsByAccessibilityId.java:37)
at com.vrt.pages.assetDetailsPage.click_DeleteBtn(assetDetailsPage.java:365)
at com.vrt.testcases.UM4.ADMN081A(UM4.java:391)
at sun.reflect.NativeMethodAccessorImpl.invoke0(Native Method)
at sun.reflect.NativeMethodAccessorImpl.invoke(Unknown Source)
at sun.reflect.DelegatingMethodAccessorImpl.invoke(Unknown Source)
at java.lang.reflect.Method.invoke(Unknown Source)
at org.testng.internal.MethodInvocationHelper.invokeMethod(MethodInvocationHelper.java:124)
at org.testng.internal.Invoker.invokeMethod(Invoker.java:583)
at org.testng.internal.Invoker.retryFailed(Invoker.java:839)
at org.testng.internal.Invoker.invokeTestMethods(Invoker.java:1010)
at org.testng.internal.TestMethodWorker.invokeTestMethods(TestMethodWorker.java:125)
at org.testng.internal.TestMethodWorker.run(TestMethodWorker.java:109)
at org.testng.TestRunner.privateRun(TestRunner.java:648)
at org.testng.TestRunner.run(TestRunner.java:505)
at org.testng.SuiteRunner.runTest(SuiteRunner.java:455)
at org.testng.SuiteRunner.runSequentially(SuiteRunner.java:450)
at org.testng.SuiteRunner.privateRun(SuiteRunner.java:415)
at org.testng.SuiteRunner.run(SuiteRunner.java:364)
at org.testng.SuiteRunnerWorker.runSuite(SuiteRunnerWorker.java:52)
at org.testng.SuiteRunnerWorker.run(SuiteRunnerWorker.java:84)
at org.testng.TestNG.runSuitesSequentially(TestNG.java:1208)
at org.testng.TestNG.runSuitesLocally(TestNG.java:1137)
at org.testng.TestNG.runSuites(TestNG.java:1049)
at org.testng.TestNG.run(TestNG.java:1017)
at org.testng.remote.AbstractRemoteTestNG.run(AbstractRemoteTestNG.java:115)
at org.testng.remote.RemoteTestNG.initAndRun(RemoteTestNG.java:251)
at org.testng.remote.RemoteTestNG.main(RemoteTestNG.java:77)
]]>
            </full-stacktrace>
          </exception> <!-- org.openqa.selenium.NoSuchElementException -->
          <reporter-output>
          </reporter-output>
        </test-method> <!-- ADMN081A -->
        <test-method status="PASS" signature="Teardown(org.testng.ITestResult)[pri:0, instance:com.vrt.testcases.UM4@3108bc]" name="Teardown" is-config="true" duration-ms="94" started-at="2020-08-05T21:33:47Z" finished-at="2020-08-05T21:33:47Z">
          <params>
            <param index="0">
              <value>
                <![CDATA[[TestResult name=ADMN081A status=FAILURE method=UM4.ADMN081A()[pri:0, instance:com.vrt.testcases.UM4@3108bc] output={null}]]]>
              </value>
            </param>
          </params>
          <reporter-output>
          </reporter-output>
        </test-method> <!-- Teardown -->
        <test-method status="PASS" signature="Setup()[pri:0, instance:com.vrt.testcases.UM4@3108bc]" name="Setup" is-config="true" duration-ms="2628" started-at="2020-08-05T21:33:47Z" finished-at="2020-08-05T21:33:50Z">
          <reporter-output>
          </reporter-output>
        </test-method> <!-- Setup -->
[...]
              </value>
            </param>
          </params>
          <reporter-output>
          </reporter-output>
        </test-method> <!-- Teardown -->
        <test-method status="PASS" signature="Setup()[pri:0, instance:com.vrt.testcases.UM1@6d7b4f4c]" name="Setup" is-config="true" duration-ms="9890" started-at="2020-08-05T20:59:06Z" finished-at="2020-08-05T20:59:16Z">
          <reporter-output>
          </reporter-output>
        </test-method> <!-- Setup -->
        <test-method status="PASS" signature="ADMN126A()[pri:0, instance:com.vrt.testcases.UM1@6d7b4f4c]" name="ADMN126A" duration-ms="3833" started-at="2020-08-05T20:59:16Z" description="Verify NO button functionality from the Delete confirmation pop-up" finished-at="2020-08-05T20:59:20Z">
          <reporter-output>
          </reporter-output>
        </test-method> <!-- ADMN126A -->
        <test-method status="PASS" signature="Teardown(org.testng.ITestResult)[pri:0, instance:com.vrt.testcases.UM1@6d7b4f4c]" name="Teardown" is-config="true" duration-ms="24" started-at="2020-08-05T20:59:20Z" finished-at="2020-08-05T20:59:20Z">
          <params>
            <param index="0">
              <value>
                <![CDATA[[TestResult name=ADMN126A status=SUCCESS method=UM1.ADMN126A()[pri:0, instance:com.vrt.testcases.UM1@6d7b4f4c] output={null}]]]>
              </value>
            </param>
          </params>
          <reporter-output>
          </reporter-output>
        </test-method> <!-- Teardown -->
        <test-method status="PASS" signature="Setup()[pri:0, instance:com.vrt.testcases.UM1@6d7b4f4c]" name="Setup" is-config="true" duration-ms="9981" started-at="2020-08-05T20:59:20Z" finished-at="2020-08-05T20:59:30Z">
          <reporter-output>
          </reporter-output>
        </test-method> <!-- Setup -->
        <test-method status="PASS" signature="ADMN127()[pri:0, instance:com.vrt.testcases.UM1@6d7b4f4c]" name="ADMN127" duration-ms="4017" started-at="2020-08-05T20:59:30Z" description="Verify user is able to delete any selected account" finished-at="2020-08-05T20:59:34Z">
          <reporter-output>
          </reporter-output>
        </test-method> <!-- ADMN127 -->
        <test-method status="PASS" signature="Teardown(org.testng.ITestResult)[pri:0, instance:com.vrt.testcases.UM1@6d7b4f4c]" name="Teardown" is-config="true" duration-ms="26" started-at="2020-08-05T20:59:34Z" finished-at="2020-08-05T20:59:34Z">
          <params>
            <param index="0">
              <value>
                <![CDATA[[TestResult name=ADMN127 status=SUCCESS method=UM1.ADMN127()[pri:0, instance:com.vrt.testcases.UM1@6d7b4f4c] output={null}]]]>
              </value>
            </param>
          </params>
          <reporter-output>
          </reporter-output>
        </test-method> <!-- Teardown -->
        <test-method status="PASS" signature="Setup()[pri:0, instance:com.vrt.testcases.UM1@6d7b4f4c]" name="Setup" is-config="true" duration-ms="9785" started-at="2020-08-05T20:59:34Z" finished-at="2020-08-05T20:59:44Z">
          <reporter-output>
          </reporter-output>
        </test-method> <!-- Setup -->
        <test-method status="SKIP" signature="ADMN128()[pri:0, instance:com.vrt.testcases.UM1@6d7b4f4c]" name="ADMN128" duration-ms="5853" started-at="2020-08-05T20:59:44Z" description="Verify the deleted user should not be able to login to the application" finished-at="2020-08-05T20:59:50Z">
          <exception class="java.lang.AssertionError">
            <message>
              <![CDATA[The following asserts failed:
FAIL:Invalid Credential, Please try again message Not displaying expected [Invalid Credential, Please try again.] but found [Invalid Credential, Please try again]]]>
            </message>
            <full-stacktrace>
              <![CDATA[java.lang.AssertionError: The following asserts failed:
FAIL:Invalid Credential, Please try again message Not displaying expected [Invalid Credential, Please try again.] but found [Invalid Credential, Please try again]
at org.testng.asserts.SoftAssert.assertAll(SoftAssert.java:43)
at com.vrt.testcases.UM1.ADMN128(UM1.java:2061)
at sun.reflect.NativeMethodAccessorImpl.invoke0(Native Method)
at sun.reflect.NativeMethodAccessorImpl.invoke(Unknown Source)
at sun.reflect.DelegatingMethodAccessorImpl.invoke(Unknown Source)
at java.lang.reflect.Method.invoke(Unknown Source)
at org.testng.internal.MethodInvocationHelper.invokeMethod(MethodInvocationHelper.java:124)
at org.testng.internal.Invoker.invokeMethod(Invoker.java:583)
at org.testng.internal.Invoker.invokeTestMethod(Invoker.java:719)
at org.testng.internal.Invoker.invokeTestMethods(Invoker.java:989)
at org.testng.internal.TestMethodWorker.invokeTestMethods(TestMethodWorker.java:125)
at org.testng.internal.TestMethodWorker.run(TestMethodWorker.java:109)
at org.testng.TestRunner.privateRun(TestRunner.java:648)
at org.testng.TestRunner.run(TestRunner.java:505)
at org.testng.SuiteRunner.runTest(SuiteRunner.java:455)
at org.testng.SuiteRunner.runSequentially(SuiteRunner.java:450)
at org.testng.SuiteRunner.privateRun(SuiteRunner.java:415)
at org.testng.SuiteRunner.run(SuiteRunner.java:364)
at org.testng.SuiteRunnerWorker.runSuite(SuiteRunnerWorker.java:52)
at org.testng.SuiteRunnerWorker.run(SuiteRunnerWorker.java:84)
at org.testng.TestNG.runSuitesSequentially(TestNG.java:1208)
at org.testng.TestNG.runSuitesLocally(TestNG.java:1137)
at org.testng.TestNG.runSuites(TestNG.java:1049)
at org.testng.TestNG.run(TestNG.java:1017)
at org.testng.remote.AbstractRemoteTestNG.run(AbstractRemoteTestNG.java:115)
at org.testng.remote.RemoteTestNG.initAndRun(RemoteTestNG.java:251)
at org.testng.remote.RemoteTestNG.main(RemoteTestNG.java:77)
]]>
            </full-stacktrace>
          </exception> <!-- java.lang.AssertionError -->
          <reporter-output>
          </reporter-output>
        </test-method> <!-- ADMN128 -->
        <test-method status="PASS" signature="Teardown(org.testng.ITestResult)[pri:0, instance:com.vrt.testcases.UM1@6d7b4f4c]" name="Teardown" is-config="true" duration-ms="25" started-at="2020-08-05T20:59:50Z" finished-at="2020-08-05T20:59:50Z">
          <params>
            <param index="0">
              <value>
                <![CDATA[[TestResult name=ADMN128 status=SKIP method=UM1.ADMN128()[pri:0, instance:com.vrt.testcases.UM1@6d7b4f4c] output={null}]]]>
              </value>
            </param>
          </params>
          <reporter-output>
          </reporter-output>
        </test-method> <!-- Teardown -->
        <test-method status="PASS" signature="Setup()[pri:0, instance:com.vrt.testcases.UM1@6d7b4f4c]" name="Setup" is-config="true" duration-ms="9910" started-at="2020-08-05T20:59:50Z" finished-at="2020-08-05T20:59:59Z">
          <reporter-output>
          </reporter-output>
        </test-method> <!-- Setup -->
        <test-method status="SKIP" signature="ADMN128()[pri:0, instance:com.vrt.testcases.UM1@6d7b4f4c]" name="ADMN128" duration-ms="5886" started-at="2020-08-05T20:59:59Z" description="Verify the deleted user should not be able to login to the application" finished-at="2020-08-05T21:00:05Z">
          <exception class="java.lang.AssertionError">
            <message>
              <![CDATA[The following asserts failed:
FAIL:Invalid Credential, Please try again message Not displaying expected [Invalid Credential, Please try again.] but found [Invalid Credential, Please try again]]]>
            </message>
            <full-stacktrace>
              <![CDATA[java.lang.AssertionError: The following asserts failed:
FAIL:Invalid Credential, Please try again message Not displaying expected [Invalid Credential, Please try again.] but found [Invalid Credential, Please try again]
at org.testng.asserts.SoftAssert.assertAll(SoftAssert.java:43)
at com.vrt.testcases.UM1.ADMN128(UM1.java:2061)
at sun.reflect.NativeMethodAccessorImpl.invoke0(Native Method)
at sun.reflect.NativeMethodAccessorImpl.invoke(Unknown Source)
at sun.reflect.DelegatingMethodAccessorImpl.invoke(Unknown Source)
at java.lang.reflect.Method.invoke(Unknown Source)
at org.testng.internal.MethodInvocationHelper.invokeMethod(MethodInvocationHelper.java:124)
at org.testng.internal.Invoker.invokeMethod(Invoker.java:583)
at org.testng.internal.Invoker.retryFailed(Invoker.java:839)
at org.testng.internal.Invoker.invokeTestMethods(Invoker.java:1010)
at org.testng.internal.TestMethodWorker.invokeTestMethods(TestMethodWorker.java:125)
at org.testng.internal.TestMethodWorker.run(TestMethodWorker.java:109)
at org.testng.TestRunner.privateRun(TestRunner.java:648)
at org.testng.TestRunner.run(TestRunner.java:505)
at org.testng.SuiteRunner.runTest(SuiteRunner.java:455)
at org.testng.SuiteRunner.runSequentially(SuiteRunner.java:450)
at org.testng.SuiteRunner.privateRun(SuiteRunner.java:415)
at org.testng.SuiteRunner.run(SuiteRunner.java:364)
at org.testng.SuiteRunnerWorker.runSuite(SuiteRunnerWorker.java:52)
at org.testng.SuiteRunnerWorker.run(SuiteRunnerWorker.java:84)
at org.testng.TestNG.runSuitesSequentially(TestNG.java:1208)
at org.testng.TestNG.runSuitesLocally(TestNG.java:1137)
at org.testng.TestNG.runSuites(TestNG.java:1049)
at org.testng.TestNG.run(TestNG.java:1017)
at org.testng.remote.AbstractRemoteTestNG.run(AbstractRemoteTestNG.java:115)
at org.testng.remote.RemoteTestNG.initAndRun(RemoteTestNG.java:251)
at org.testng.remote.RemoteTestNG.main(RemoteTestNG.java:77)
]]>
            </full-stacktrace>
          </exception> <!-- java.lang.AssertionError -->
          <reporter-output>
          </reporter-output>
        </test-method> <!-- ADMN128 -->
        <test-method status="PASS" signature="Teardown(org.testng.ITestResult)[pri:0, instance:com.vrt.testcases.UM1@6d7b4f4c]" name="Teardown" is-config="true" duration-ms="28" started-at="2020-08-05T21:00:05Z" finished-at="2020-08-05T21:00:05Z">
          <params>
            <param index="0">
              <value>
                <![CDATA[[TestResult name=ADMN128 status=SKIP method=UM1.ADMN128()[pri:0, instance:com.vrt.testcases.UM1@6d7b4f4c] output={null}]]]>
              </value>
            </param>
          </params>
          <reporter-output>
          </reporter-output>
        </test-method> <!-- Teardown -->
        <test-method status="PASS" signature="Setup()[pri:0, instance:com.vrt.testcases.UM1@6d7b4f4c]" name="Setup" is-config="true" duration-ms="10002" started-at="2020-08-05T21:00:05Z" finished-at="2020-08-05T21:00:15Z">
          <reporter-output>
          </reporter-output>
        </test-method> <!-- Setup -->
        <test-method status="FAIL" signature="ADMN128()[pri:0, instance:com.vrt.testcases.UM1@6d7b4f4c]" name="ADMN128" duration-ms="5839" started-at="2020-08-05T21:00:15Z" description="Verify the deleted user should not be able to login to the application" finished-at="2020-08-05T21:00:21Z">
          <exception class="java.lang.AssertionError">
            <message>
              <![CDATA[The following asserts failed:
FAIL:Invalid Credential, Please try again message Not displaying expected [Invalid Credential, Please try again.] but found [Invalid Credential, Please try again]]]>
            </message>
            <full-stacktrace>
              <![CDATA[java.lang.AssertionError: The following asserts failed:
FAIL:Invalid Credential, Please try again message Not displaying expected [Invalid Credential, Please try again.] but found [Invalid Credential, Please try again]
at org.testng.asserts.SoftAssert.assertAll(SoftAssert.java:43)
at com.vrt.testcases.UM1.ADMN128(UM1.java:2061)
at sun.reflect.NativeMethodAccessorImpl.invoke0(Native Method)
at sun.reflect.NativeMethodAccessorImpl.invoke(Unknown Source)
at sun.reflect.DelegatingMethodAccessorImpl.invoke(Unknown Source)
at java.lang.reflect.Method.invoke(Unknown Source)
at org.testng.internal.MethodInvocationHelper.invokeMethod(MethodInvocationHelper.java:124)
at org.testng.internal.Invoker.invokeMethod(Invoker.java:583)
at org.testng.internal.Invoker.retryFailed(Invoker.java:839)
at org.testng.internal.Invoker.invokeTestMethods(Invoker.java:1010)
at org.testng.internal.TestMethodWorker.invokeTestMethods(TestMethodWorker.java:125)
at org.testng.internal.TestMethodWorker.run(TestMethodWorker.java:109)
at org.testng.TestRunner.privateRun(TestRunner.java:648)
at org.testng.TestRunner.run(TestRunner.java:505)
at org.testng.SuiteRunner.runTest(SuiteRunner.java:455)
at org.testng.SuiteRunner.runSequentially(SuiteRunner.java:450)
at org.testng.SuiteRunner.privateRun(SuiteRunner.java:415)
at org.testng.SuiteRunner.run(SuiteRunner.java:364)
at org.testng.SuiteRunnerWorker.runSuite(SuiteRunnerWorker.java:52)
at org.testng.SuiteRunnerWorker.run(SuiteRunnerWorker.java:84)
at org.testng.TestNG.runSuitesSequentially(TestNG.java:1208)
at org.testng.TestNG.runSuitesLocally(TestNG.java:1137)
at org.testng.TestNG.runSuites(TestNG.java:1049)
at org.testng.TestNG.run(TestNG.java:1017)
at org.testng.remote.AbstractRemoteTestNG.run(AbstractRemoteTestNG.java:115)
at org.testng.remote.RemoteTestNG.initAndRun(RemoteTestNG.java:251)
at org.testng.remote.RemoteTestNG.main(RemoteTestNG.java:77)
]]>
            </full-stacktrace>
          </exception> <!-- java.lang.AssertionError -->
          <reporter-output>
          </reporter-output>
        </test-method> <!-- ADMN128 -->
        <test-method status="PASS" signature="Teardown(org.testng.ITestResult)[pri:0, instance:com.vrt.testcases.UM1@6d7b4f4c]" name="Teardown" is-config="true" duration-ms="68" started-at="2020-08-05T21:00:21Z" finished-at="2020-08-05T21:00:21Z">
          <params>
            <param index="0">
              <value>
                <![CDATA[[TestResult name=ADMN128 status=FAILURE method=UM1.ADMN128()[pri:0, instance:com.vrt.testcases.UM1@6d7b4f4c] output={null}]]]>
              </value>
            </param>
          </params>
          <reporter-output>
          </reporter-output>
        </test-method> <!-- Teardown -->
        <test-method status="PASS" signature="Setup()[pri:0, instance:com.vrt.testcases.UM1@6d7b4f4c]" name="Setup" is-config="true" duration-ms="9965" started-at="2020-08-05T21:00:21Z" finished-at="2020-08-05T21:00:31Z">
          <reporter-output>
          </reporter-output>
        </test-method> <!-- Setup -->
        <test-method status="PASS" signature="ADMN129()[pri:0, instance:com.vrt.testcases.UM1@6d7b4f4c]" name="ADMN129" duration-ms="6311" started-at="2020-08-05T21:00:31Z" description="Verify Create a new user by Entering already deleted  User ID" finished-at="2020-08-05T21:00:38Z">
          <reporter-output>
          </reporter-output>
        </test-method> <!-- ADMN129 -->
        <test-method status="PASS" signature="Teardown(org.testng.ITestResult)[pri:0, instance:com.vrt.testcases.UM1@6d7b4f4c]" name="Teardown" is-config="true" duration-ms="30" started-at="2020-08-05T21:00:38Z" finished-at="2020-08-05T21:00:38Z">
          <params>
            <param index="0">
              <value>
                <![CDATA[[TestResult name=ADMN129 status=SUCCESS method=UM1.ADMN129()[pri:0, instance:com.vrt.testcases.UM1@6d7b4f4c] output={null}]]]>
              </value>
            </param>
          </params>
          <reporter-output>
          </reporter-output>
        </test-method> <!-- Teardown -->
        <test-method status="PASS" signature="Setup()[pri:0, instance:com.vrt.testcases.UM1@6d7b4f4c]" name="Setup" is-config="true" duration-ms="9858" started-at="2020-08-05T21:00:38Z" finished-at="2020-08-05T21:00:47Z">
          <reporter-output>
          </reporter-output>
        </test-method> <!-- Setup -->
        <test-method status="PASS" signature="ADMN130()[pri:0, instance:com.vrt.testcases.UM1@6d7b4f4c]" name="ADMN130" duration-ms="740" started-at="2020-08-05T21:00:47Z" description="Verify search functionality for valid input" finished-at="2020-08-05T21:00:48Z">
          <reporter-output>
          </reporter-output>
        </test-method> <!-- ADMN130 -->
        <test-method status="PASS" signature="Teardown(org.testng.ITestResult)[pri:0, instance:com.vrt.testcases.UM1@6d7b4f4c]" name="Teardown" is-config="true" duration-ms="30" started-at="2020-08-05T21:00:48Z" finished-at="2020-08-05T21:00:48Z">
          <params>
            <param index="0">
              <value>
                <![CDATA[[TestResult name=ADMN130 status=SUCCESS method=UM1.ADMN130()[pri:0, instance:com.vrt.testcases.UM1@6d7b4f4c] output={null}]]]>
              </value>
            </param>
          </params>
          <reporter-output>
          </reporter-output>
        </test-method> <!-- Teardown -->
        <test-method status="PASS" signature="Setup()[pri:0, instance:com.vrt.testcases.UM1@6d7b4f4c]" name="Setup" is-config="true" duration-ms="9941" started-at="2020-08-05T21:00:48Z" finished-at="2020-08-05T21:00:58Z">
          <reporter-output>
          </reporter-output>
        </test-method> <!-- Setup -->
        <test-method status="PASS" signature="ADMN132()[pri:0, instance:com.vrt.testcases.UM1@6d7b4f4c]" name="ADMN132" duration-ms="1595" started-at="2020-08-05T21:00:58Z" description="Verify the cancel button functionality" finished-at="2020-08-05T21:01:00Z">
          <reporter-output>
          </reporter-output>
        </test-method> <!-- ADMN132 -->
        <test-method status="PASS" signature="Teardown(org.testng.ITestResult)[pri:0, instance:com.vrt.testcases.UM1@6d7b4f4c]" name="Teardown" is-config="true" duration-ms="26" started-at="2020-08-05T21:01:00Z" finished-at="2020-08-05T21:01:00Z">
          <params>
            <param index="0">
              <value>
                <![CDATA[[TestResult name=ADMN132 status=SUCCESS method=UM1.ADMN132()[pri:0, instance:com.vrt.testcases.UM1@6d7b4f4c] output={null}]]]>
              </value>
            </param>
          </params>
          <reporter-output>
          </reporter-output>
        </test-method> <!-- Teardown -->
        <test-method status="PASS" signature="Setup()[pri:0, instance:com.vrt.testcases.UM1@6d7b4f4c]" name="Setup" is-config="true" duration-ms="9923" started-at="2020-08-05T21:01:00Z" finished-at="2020-08-05T21:01:10Z">
          <reporter-output>
          </reporter-output>
        </test-method> <!-- Setup -->
        <test-method status="PASS" signature="ADMN133()[pri:0, instance:com.vrt.testcases.UM1@6d7b4f4c]" name="ADMN133" duration-ms="1336" started-at="2020-08-05T21:01:10Z" description="ADMN133-Verify the Save button functionality" finished-at="2020-08-05T21:01:11Z">
          <reporter-output>
          </reporter-output>
        </test-method> <!-- ADMN133 -->
        <test-method status="PASS" signature="Teardown(org.testng.ITestResult)[pri:0, instance:com.vrt.testcases.UM1@6d7b4f4c]" name="Teardown" is-config="true" duration-ms="27" started-at="2020-08-05T21:01:11Z" finished-at="2020-08-05T21:01:11Z">
          <params>
            <param index="0">
              <value>
                <![CDATA[[TestResult name=ADMN133 status=SUCCESS method=UM1.ADMN133()[pri:0, instance:com.vrt.testcases.UM1@6d7b4f4c] output={null}]]]>
              </value>
            </param>
          </params>
          <reporter-output>
          </reporter-output>
        </test-method> <!-- Teardown -->
        <test-method status="PASS" signature="endReport()[pri:0, instance:com.vrt.testcases.UM1@6d7b4f4c]" name="endReport" is-config="true" duration-ms="803" started-at="2020-08-05T21:01:11Z" finished-at="2020-08-05T21:01:12Z">
          <reporter-output>
          </reporter-output>
        </test-method> <!-- endReport -->
      </class> <!-- com.vrt.testcases.UM1 -->
    </test> <!-- UMTestRegression -->
  </suite> <!-- UMRegressionSuite -->
</testng-results>
