<?xml version="1.0" encoding="UTF-8"?>
<!-- Generated by org.testng.reporters.JUnitXMLReporter -->
<testsuite hostname="AASHYD-4B6B2X2" ignored="0" name="UMTestRegression" tests="220" failures="7" timestamp="05 Aug 2020 21:37:03 GMT" time="4141.12" errors="0">
  <testcase name="ADMN006" time="0.04" classname="com.vrt.testcases.UM1"/>
  <testcase name="ADMN007" time="0.59" classname="com.vrt.testcases.UM1"/>
  <testcase name="ADMN008" time="6.779" classname="com.vrt.testcases.UM1"/>
  <testcase name="ADMN009" time="6.805" classname="com.vrt.testcases.UM1"/>
  <testcase name="ADMN009A" time="1.875" classname="com.vrt.testcases.UM1"/>
  <testcase name="ADMN010" time="6.851" classname="com.vrt.testcases.UM1"/>
  <testcase name="ADMN010" time="6.857" classname="com.vrt.testcases.UM1"/>
  <testcase name="ADMN010" time="6.899" classname="com.vrt.testcases.UM1"/>
  <testcase name="ADMN010" time="6.943" classname="com.vrt.testcases.UM1"/>
  <testcase name="ADMN010" time="6.893" classname="com.vrt.testcases.UM1"/>
  <testcase name="ADMN010" time="6.882" classname="com.vrt.testcases.UM1"/>
  <testcase name="ADMN011" time="6.606" classname="com.vrt.testcases.UM1"/>
  <testcase name="ADMN011A" time="1.186" classname="com.vrt.testcases.UM1"/>
  <testcase name="ADMN012" time="6.509" classname="com.vrt.testcases.UM1"/>
  <testcase name="ADMN013" time="6.393" classname="com.vrt.testcases.UM1"/>
  <testcase name="ADMN014" time="6.406" classname="com.vrt.testcases.UM1"/>
  <testcase name="ADMN014A" time="15.262" classname="com.vrt.testcases.UM1"/>
  <testcase name="ADMN014B" time="15.195" classname="com.vrt.testcases.UM1"/>
  <testcase name="ADMN015" time="0.0" classname="com.vrt.testcases.UM1">
    <skipped/>
  </testcase> <!-- ADMN015 -->
  <testcase name="ADMN015A" time="1.996" classname="com.vrt.testcases.UM1"/>
  <testcase name="ADMN016" time="0.0" classname="com.vrt.testcases.UM1">
    <skipped/>
  </testcase> <!-- ADMN016 -->
  <testcase name="ADMN016a" time="3.732" classname="com.vrt.testcases.UM1"/>
  <testcase name="ADMN017" time="0.0" classname="com.vrt.testcases.UM1">
    <skipped/>
  </testcase> <!-- ADMN017 -->
  <testcase name="ADMN017a" time="2.021" classname="com.vrt.testcases.UM1"/>
  <testcase name="ADMN018" time="0.0" classname="com.vrt.testcases.UM1">
    <skipped/>
  </testcase> <!-- ADMN018 -->
  <testcase name="ADMN019" time="5.631" classname="com.vrt.testcases.UM1"/>
  <testcase name="ADMN020" time="9.79" classname="com.vrt.testcases.UM1"/>
  <testcase name="ADMN021" time="6.518" classname="com.vrt.testcases.UM1"/>
  <testcase name="ADMN021A" time="3.556" classname="com.vrt.testcases.UM1"/>
  <testcase name="ADMN022" time="6.487" classname="com.vrt.testcases.UM1"/>
  <testcase name="ADMN024" time="6.755" classname="com.vrt.testcases.UM1"/>
  <testcase name="ADMN025" time="7.911" classname="com.vrt.testcases.UM1"/>
  <testcase name="ADMN026" time="27.25" classname="com.vrt.testcases.UM1">
    <skipped/>
  </testcase> <!-- ADMN026 -->
  <testcase name="ADMN026" time="27.554" classname="com.vrt.testcases.UM1">
    <skipped/>
  </testcase> <!-- ADMN026 -->
  <testcase name="ADMN026" time="27.189" classname="com.vrt.testcases.UM1">
    <failure type="org.openqa.selenium.NoSuchElementException" message="An element could not be located on the page using the given search parameters. (WARNING: The server did not provide any stacktrace information)
Command duration or timeout: 0 milliseconds
For documentation on this error, please visit: https://www.seleniumhq.org/exceptions/no_such_element.html
Build info: version: &amp;apos;3.141.59&amp;apos;, revision: &amp;apos;e82be7d358&amp;apos;, time: &amp;apos;2018-11-14T08:17:03&amp;apos;
System info: host: &amp;apos;AASHYD-4B6B2X2&amp;apos;, ip: &amp;apos;192.168.0.105&amp;apos;, os.name: &amp;apos;Windows 10&amp;apos;, os.arch: &amp;apos;amd64&amp;apos;, os.version: &amp;apos;10.0&amp;apos;, java.version: &amp;apos;1.8.0_181&amp;apos;
Driver info: io.appium.java_client.windows.WindowsDriver
Capabilities {app: Kaye.ValProbeRT_racmveb2qnw..., javascriptEnabled: true, platform: WINDOWS, platformName: WINDOWS}
Session ID: CB36BA75-69C9-4F8A-A121-EF7C140B71C9
*** Element info: {Using=accessibility id, value=displayMessageTextBlock}">
      <![CDATA[org.openqa.selenium.NoSuchElementException: An element could not be located on the page using the given search parameters. (WARNING: The server did not provide any stacktrace information)
Command duration or timeout: 0 milliseconds
For documentation on this error, please visit: https://www.seleniumhq.org/exceptions/no_such_element.html
Build info: version: '3.141.59', revision: 'e82be7d358', time: '2018-11-14T08:17:03'
System info: host: 'AASHYD-4B6B2X2', ip: '192.168.0.105', os.name: 'Windows 10', os.arch: 'amd64', os.version: '10.0', java.version: '1.8.0_181'
Driver info: io.appium.java_client.windows.WindowsDriver
Capabilities {app: Kaye.ValProbeRT_racmveb2qnw..., javascriptEnabled: true, platform: WINDOWS, platformName: WINDOWS}
Session ID: CB36BA75-69C9-4F8A-A121-EF7C140B71C9
*** Element info: {Using=accessibility id, value=displayMessageTextBlock}
at sun.reflect.NativeConstructorAccessorImpl.newInstance0(Native Method)
at sun.reflect.NativeConstructorAccessorImpl.newInstance(Unknown Source)
at sun.reflect.DelegatingConstructorAccessorImpl.newInstance(Unknown Source)
at java.lang.reflect.Constructor.newInstance(Unknown Source)
at org.openqa.selenium.remote.ErrorHandler.createThrowable(ErrorHandler.java:214)
at org.openqa.selenium.remote.ErrorHandler.throwIfResponseFailed(ErrorHandler.java:166)
at org.openqa.selenium.remote.http.JsonHttpResponseCodec.reconstructValue(JsonHttpResponseCodec.java:40)
at org.openqa.selenium.remote.http.AbstractHttpResponseCodec.decode(AbstractHttpResponseCodec.java:80)
at org.openqa.selenium.remote.http.AbstractHttpResponseCodec.decode(AbstractHttpResponseCodec.java:44)
at org.openqa.selenium.remote.HttpCommandExecutor.execute(HttpCommandExecutor.java:158)
at io.appium.java_client.remote.AppiumCommandExecutor.execute(AppiumCommandExecutor.java:239)
at org.openqa.selenium.remote.RemoteWebDriver.execute(RemoteWebDriver.java:552)
at io.appium.java_client.DefaultGenericMobileDriver.execute(DefaultGenericMobileDriver.java:42)
at io.appium.java_client.AppiumDriver.execute(AppiumDriver.java:1)
at io.appium.java_client.windows.WindowsDriver.execute(WindowsDriver.java:1)
at org.openqa.selenium.remote.RemoteWebDriver.findElement(RemoteWebDriver.java:323)
at io.appium.java_client.DefaultGenericMobileDriver.findElement(DefaultGenericMobileDriver.java:62)
at io.appium.java_client.AppiumDriver.findElement(AppiumDriver.java:1)
at io.appium.java_client.windows.WindowsDriver.findElement(WindowsDriver.java:1)
at io.appium.java_client.FindsByAccessibilityId.findElementByAccessibilityId(FindsByAccessibilityId.java:37)
at com.vrt.pages.UserManagementPage.AlertMsg(UserManagementPage.java:515)
at com.vrt.testcases.UM1.ADMN026(UM1.java:836)
at sun.reflect.NativeMethodAccessorImpl.invoke0(Native Method)
at sun.reflect.NativeMethodAccessorImpl.invoke(Unknown Source)
at sun.reflect.DelegatingMethodAccessorImpl.invoke(Unknown Source)
at java.lang.reflect.Method.invoke(Unknown Source)
at org.testng.internal.MethodInvocationHelper.invokeMethod(MethodInvocationHelper.java:124)
at org.testng.internal.Invoker.invokeMethod(Invoker.java:583)
at org.testng.internal.Invoker.retryFailed(Invoker.java:839)
at org.testng.internal.Invoker.invokeTestMethods(Invoker.java:1010)
at org.testng.internal.TestMethodWorker.invokeTestMethods(TestMethodWorker.java:125)
at org.testng.internal.TestMethodWorker.run(TestMethodWorker.java:109)
at org.testng.TestRunner.privateRun(TestRunner.java:648)
at org.testng.TestRunner.run(TestRunner.java:505)
at org.testng.SuiteRunner.runTest(SuiteRunner.java:455)
at org.testng.SuiteRunner.runSequentially(SuiteRunner.java:450)
at org.testng.SuiteRunner.privateRun(SuiteRunner.java:415)
at org.testng.SuiteRunner.run(SuiteRunner.java:364)
at org.testng.SuiteRunnerWorker.runSuite(SuiteRunnerWorker.java:52)
at org.testng.SuiteRunnerWorker.run(SuiteRunnerWorker.java:84)
at org.testng.TestNG.runSuitesSequentially(TestNG.java:1208)
at org.testng.TestNG.runSuitesLocally(TestNG.java:1137)
at org.testng.TestNG.runSuites(TestNG.java:1049)
at org.testng.TestNG.run(TestNG.java:1017)
at org.testng.remote.AbstractRemoteTestNG.run(AbstractRemoteTestNG.java:115)
at org.testng.remote.RemoteTestNG.initAndRun(RemoteTestNG.java:251)
at org.testng.remote.RemoteTestNG.main(RemoteTestNG.java:77)
]]>
    </failure>
  </testcase> <!-- ADMN026 -->
  <testcase name="ADMN027" time="6.959" classname="com.vrt.testcases.UM1"/>
  <testcase name="ADMN028" time="7.947" classname="com.vrt.testcases.UM1"/>
  <testcase name="ADMN029" time="8.557" classname="com.vrt.testcases.UM1"/>
  <testcase name="ADMN030" time="7.365" classname="com.vrt.testcases.UM1"/>
  <testcase name="ADMN031" time="7.54" classname="com.vrt.testcases.UM1"/>
  <testcase name="ADMN032" time="0.307" classname="com.vrt.testcases.UM1"/>
  <testcase name="ADMN032A" time="5.38" classname="com.vrt.testcases.UM1"/>
  <testcase name="ADMN033" time="1.922" classname="com.vrt.testcases.UM1"/>
  <testcase name="ADMN034" time="17.239" classname="com.vrt.testcases.UM1"/>
  <testcase name="ADMN034A" time="11.353" classname="com.vrt.testcases.UM1"/>
  <testcase name="ADMN034B" time="11.681" classname="com.vrt.testcases.UM1"/>
  <testcase name="ADMN034C" time="10.015" classname="com.vrt.testcases.UM1"/>
  <testcase name="ADMN034D" time="9.503" classname="com.vrt.testcases.UM1"/>
  <testcase name="ADMN035" time="3.875" classname="com.vrt.testcases.UM1"/>
  <testcase name="ADMN036A" time="11.759" classname="com.vrt.testcases.UM1"/>
  <testcase name="ADMN036B" time="10.733" classname="com.vrt.testcases.UM1"/>
  <testcase name="ADMN036C" time="6.474" classname="com.vrt.testcases.UM1"/>
  <testcase name="ADMN036D" time="8.706" classname="com.vrt.testcases.UM1"/>
  <testcase name="ADMN037A" time="25.933" classname="com.vrt.testcases.UM1"/>
  <testcase name="ADMN037B" time="22.522" classname="com.vrt.testcases.UM1"/>
  <testcase name="ADMN037C" time="15.004" classname="com.vrt.testcases.UM1"/>
  <testcase name="ADMN037D" time="10.353" classname="com.vrt.testcases.UM1"/>
  <testcase name="ADMN037E" time="8.203" classname="com.vrt.testcases.UM1"/>
  <testcase name="ADMN037F" time="23.674" classname="com.vrt.testcases.UM1"/>
  <testcase name="ADMN037G" time="22.425" classname="com.vrt.testcases.UM1"/>
  <testcase name="ADMN039A" time="11.94" classname="com.vrt.testcases.UM1"/>
  <testcase name="ADMN039B" time="18.822" classname="com.vrt.testcases.UM1"/>
  <testcase name="ADMN040A" time="10.519" classname="com.vrt.testcases.UM1"/>
  <testcase name="ADMN040B" time="17.377" classname="com.vrt.testcases.UM1"/>
  <testcase name="ADMN041A" time="10.186" classname="com.vrt.testcases.UM1"/>
  <testcase name="ADMN041B" time="15.994" classname="com.vrt.testcases.UM1"/>
  <testcase name="ADMN042" time="8.517" classname="com.vrt.testcases.UM1"/>
  <testcase name="ADMN042A" time="3.683" classname="com.vrt.testcases.UM1"/>
  <testcase name="ADMN042B" time="3.722" classname="com.vrt.testcases.UM1"/>
  <testcase name="ADMN043" time="4.345" classname="com.vrt.testcases.UM1"/>
  <testcase name="ADMN043A" time="4.391" classname="com.vrt.testcases.UM1"/>
  <testcase name="ADMN044" time="8.284" classname="com.vrt.testcases.UM1"/>
  <testcase name="ADMN045" time="29.597" classname="com.vrt.testcases.UM1">
    <skipped/>
  </testcase> <!-- ADMN045 -->
  <testcase name="ADMN045" time="22.363" classname="com.vrt.testcases.UM1">
    <skipped/>
  </testcase> <!-- ADMN045 -->
  <testcase name="ADMN045" time="21.907" classname="com.vrt.testcases.UM1">
    <failure type="org.openqa.selenium.NoSuchElementException" message="An element could not be located on the page using the given search parameters. (WARNING: The server did not provide any stacktrace information)
Command duration or timeout: 0 milliseconds
For documentation on this error, please visit: https://www.seleniumhq.org/exceptions/no_such_element.html
Build info: version: &amp;apos;3.141.59&amp;apos;, revision: &amp;apos;e82be7d358&amp;apos;, time: &amp;apos;2018-11-14T08:17:03&amp;apos;
System info: host: &amp;apos;AASHYD-4B6B2X2&amp;apos;, ip: &amp;apos;192.168.0.105&amp;apos;, os.name: &amp;apos;Windows 10&amp;apos;, os.arch: &amp;apos;amd64&amp;apos;, os.version: &amp;apos;10.0&amp;apos;, java.version: &amp;apos;1.8.0_181&amp;apos;
Driver info: io.appium.java_client.windows.WindowsDriver
Capabilities {app: Kaye.ValProbeRT_racmveb2qnw..., javascriptEnabled: true, platform: WINDOWS, platformName: WINDOWS}
Session ID: 15341A91-8812-470B-A3A3-07A67A30CF48
*** Element info: {Using=accessibility id, value=NewPasswordTextBox}">
      <![CDATA[org.openqa.selenium.NoSuchElementException: An element could not be located on the page using the given search parameters. (WARNING: The server did not provide any stacktrace information)
Command duration or timeout: 0 milliseconds
For documentation on this error, please visit: https://www.seleniumhq.org/exceptions/no_such_element.html
Build info: version: '3.141.59', revision: 'e82be7d358', time: '2018-11-14T08:17:03'
System info: host: 'AASHYD-4B6B2X2', ip: '192.168.0.105', os.name: 'Windows 10', os.arch: 'amd64', os.version: '10.0', java.version: '1.8.0_181'
Driver info: io.appium.java_client.windows.WindowsDriver
Capabilities {app: Kaye.ValProbeRT_racmveb2qnw..., javascriptEnabled: true, platform: WINDOWS, platformName: WINDOWS}
Session ID: 15341A91-8812-470B-A3A3-07A67A30CF48
*** Element info: {Using=accessibility id, value=NewPasswordTextBox}
at sun.reflect.NativeConstructorAccessorImpl.newInstance0(Native Method)
at sun.reflect.NativeConstructorAccessorImpl.newInstance(Unknown Source)
at sun.reflect.DelegatingConstructorAccessorImpl.newInstance(Unknown Source)
at java.lang.reflect.Constructor.newInstance(Unknown Source)
at org.openqa.selenium.remote.ErrorHandler.createThrowable(ErrorHandler.java:214)
at org.openqa.selenium.remote.ErrorHandler.throwIfResponseFailed(ErrorHandler.java:166)
at org.openqa.selenium.remote.http.JsonHttpResponseCodec.reconstructValue(JsonHttpResponseCodec.java:40)
at org.openqa.selenium.remote.http.AbstractHttpResponseCodec.decode(AbstractHttpResponseCodec.java:80)
at org.openqa.selenium.remote.http.AbstractHttpResponseCodec.decode(AbstractHttpResponseCodec.java:44)
at org.openqa.selenium.remote.HttpCommandExecutor.execute(HttpCommandExecutor.java:158)
at io.appium.java_client.remote.AppiumCommandExecutor.execute(AppiumCommandExecutor.java:239)
at org.openqa.selenium.remote.RemoteWebDriver.execute(RemoteWebDriver.java:552)
at io.appium.java_client.DefaultGenericMobileDriver.execute(DefaultGenericMobileDriver.java:42)
at io.appium.java_client.AppiumDriver.execute(AppiumDriver.java:1)
at io.appium.java_client.windows.WindowsDriver.execute(WindowsDriver.java:1)
at org.openqa.selenium.remote.RemoteWebDriver.findElement(RemoteWebDriver.java:323)
at io.appium.java_client.DefaultGenericMobileDriver.findElement(DefaultGenericMobileDriver.java:62)
at io.appium.java_client.AppiumDriver.findElement(AppiumDriver.java:1)
at io.appium.java_client.windows.WindowsDriver.findElement(WindowsDriver.java:1)
at io.appium.java_client.FindsByAccessibilityId.findElementByAccessibilityId(FindsByAccessibilityId.java:37)
at com.vrt.pages.LoginPage.enterNewPW(LoginPage.java:149)
at com.vrt.pages.LoginPage.EnterNewPWtext(LoginPage.java:257)
at com.vrt.testcases.UM1.ADMN045(UM1.java:1682)
at sun.reflect.NativeMethodAccessorImpl.invoke0(Native Method)
at sun.reflect.NativeMethodAccessorImpl.invoke(Unknown Source)
at sun.reflect.DelegatingMethodAccessorImpl.invoke(Unknown Source)
at java.lang.reflect.Method.invoke(Unknown Source)
at org.testng.internal.MethodInvocationHelper.invokeMethod(MethodInvocationHelper.java:124)
at org.testng.internal.Invoker.invokeMethod(Invoker.java:583)
at org.testng.internal.Invoker.retryFailed(Invoker.java:839)
at org.testng.internal.Invoker.invokeTestMethods(Invoker.java:1010)
at org.testng.internal.TestMethodWorker.invokeTestMethods(TestMethodWorker.java:125)
at org.testng.internal.TestMethodWorker.run(TestMethodWorker.java:109)
at org.testng.TestRunner.privateRun(TestRunner.java:648)
at org.testng.TestRunner.run(TestRunner.java:505)
at org.testng.SuiteRunner.runTest(SuiteRunner.java:455)
at org.testng.SuiteRunner.runSequentially(SuiteRunner.java:450)
at org.testng.SuiteRunner.privateRun(SuiteRunner.java:415)
at org.testng.SuiteRunner.run(SuiteRunner.java:364)
at org.testng.SuiteRunnerWorker.runSuite(SuiteRunnerWorker.java:52)
at org.testng.SuiteRunnerWorker.run(SuiteRunnerWorker.java:84)
at org.testng.TestNG.runSuitesSequentially(TestNG.java:1208)
at org.testng.TestNG.runSuitesLocally(TestNG.java:1137)
at org.testng.TestNG.runSuites(TestNG.java:1049)
at org.testng.TestNG.run(TestNG.java:1017)
at org.testng.remote.AbstractRemoteTestNG.run(AbstractRemoteTestNG.java:115)
at org.testng.remote.RemoteTestNG.initAndRun(RemoteTestNG.java:251)
at org.testng.remote.RemoteTestNG.main(RemoteTestNG.java:77)
]]>
    </failure>
  </testcase> <!-- ADMN045 -->
  <testcase name="ADMN045A" time="4.946" classname="com.vrt.testcases.UM1"/>
  <testcase name="ADMN067A" time="25.785" classname="com.vrt.testcases.UM1"/>
  <testcase name="ADMN067B" time="9.414" classname="com.vrt.testcases.UM1"/>
  <testcase name="ADMN069A" time="8.497" classname="com.vrt.testcases.UM1"/>
  <testcase name="ADMN069B" time="9.48" classname="com.vrt.testcases.UM1"/>
  <testcase name="ADMN069C" time="7.194" classname="com.vrt.testcases.UM1"/>
  <testcase name="ADMN069D" time="6.214" classname="com.vrt.testcases.UM1"/>
  <testcase name="ADMN069E" time="10.813" classname="com.vrt.testcases.UM1"/>
  <testcase name="ADMN069F" time="10.998" classname="com.vrt.testcases.UM1"/>
  <testcase name="ADMN069G" time="16.873" classname="com.vrt.testcases.UM1"/>
  <testcase name="ADMN069H" time="22.17" classname="com.vrt.testcases.UM1">
    <skipped/>
  </testcase> <!-- ADMN069H -->
  <testcase name="ADMN069H" time="22.484" classname="com.vrt.testcases.UM1">
    <skipped/>
  </testcase> <!-- ADMN069H -->
  <testcase name="ADMN069H" time="22.515" classname="com.vrt.testcases.UM1">
    <failure type="org.openqa.selenium.NoSuchElementException" message="An element could not be located on the page using the given search parameters. (WARNING: The server did not provide any stacktrace information)
Command duration or timeout: 0 milliseconds
For documentation on this error, please visit: https://www.seleniumhq.org/exceptions/no_such_element.html
Build info: version: &amp;apos;3.141.59&amp;apos;, revision: &amp;apos;e82be7d358&amp;apos;, time: &amp;apos;2018-11-14T08:17:03&amp;apos;
System info: host: &amp;apos;AASHYD-4B6B2X2&amp;apos;, ip: &amp;apos;192.168.0.105&amp;apos;, os.name: &amp;apos;Windows 10&amp;apos;, os.arch: &amp;apos;amd64&amp;apos;, os.version: &amp;apos;10.0&amp;apos;, java.version: &amp;apos;1.8.0_181&amp;apos;
Driver info: io.appium.java_client.windows.WindowsDriver
Capabilities {app: Kaye.ValProbeRT_racmveb2qnw..., javascriptEnabled: true, platform: WINDOWS, platformName: WINDOWS}
Session ID: EE31F196-96E7-400C-8EA3-B2D6CEA46AE8
*** Element info: {Using=name, value=Enter User Credentials}">
      <![CDATA[org.openqa.selenium.NoSuchElementException: An element could not be located on the page using the given search parameters. (WARNING: The server did not provide any stacktrace information)
Command duration or timeout: 0 milliseconds
For documentation on this error, please visit: https://www.seleniumhq.org/exceptions/no_such_element.html
Build info: version: '3.141.59', revision: 'e82be7d358', time: '2018-11-14T08:17:03'
System info: host: 'AASHYD-4B6B2X2', ip: '192.168.0.105', os.name: 'Windows 10', os.arch: 'amd64', os.version: '10.0', java.version: '1.8.0_181'
Driver info: io.appium.java_client.windows.WindowsDriver
Capabilities {app: Kaye.ValProbeRT_racmveb2qnw..., javascriptEnabled: true, platform: WINDOWS, platformName: WINDOWS}
Session ID: EE31F196-96E7-400C-8EA3-B2D6CEA46AE8
*** Element info: {Using=name, value=Enter User Credentials}
at sun.reflect.NativeConstructorAccessorImpl.newInstance0(Native Method)
at sun.reflect.NativeConstructorAccessorImpl.newInstance(Unknown Source)
at sun.reflect.DelegatingConstructorAccessorImpl.newInstance(Unknown Source)
at java.lang.reflect.Constructor.newInstance(Unknown Source)
at org.openqa.selenium.remote.ErrorHandler.createThrowable(ErrorHandler.java:214)
at org.openqa.selenium.remote.ErrorHandler.throwIfResponseFailed(ErrorHandler.java:166)
at org.openqa.selenium.remote.http.JsonHttpResponseCodec.reconstructValue(JsonHttpResponseCodec.java:40)
at org.openqa.selenium.remote.http.AbstractHttpResponseCodec.decode(AbstractHttpResponseCodec.java:80)
at org.openqa.selenium.remote.http.AbstractHttpResponseCodec.decode(AbstractHttpResponseCodec.java:44)
at org.openqa.selenium.remote.HttpCommandExecutor.execute(HttpCommandExecutor.java:158)
at io.appium.java_client.remote.AppiumCommandExecutor.execute(AppiumCommandExecutor.java:239)
at org.openqa.selenium.remote.RemoteWebDriver.execute(RemoteWebDriver.java:552)
at io.appium.java_client.DefaultGenericMobileDriver.execute(DefaultGenericMobileDriver.java:42)
at io.appium.java_client.AppiumDriver.execute(AppiumDriver.java:1)
at io.appium.java_client.windows.WindowsDriver.execute(WindowsDriver.java:1)
at org.openqa.selenium.remote.RemoteWebDriver.findElement(RemoteWebDriver.java:323)
at io.appium.java_client.DefaultGenericMobileDriver.findElement(DefaultGenericMobileDriver.java:62)
at io.appium.java_client.AppiumDriver.findElement(AppiumDriver.java:1)
at io.appium.java_client.windows.WindowsDriver.findElement(WindowsDriver.java:1)
at org.openqa.selenium.remote.RemoteWebDriver.findElementByName(RemoteWebDriver.java:404)
at io.appium.java_client.DefaultGenericMobileDriver.findElementByName(DefaultGenericMobileDriver.java:118)
at io.appium.java_client.AppiumDriver.findElementByName(AppiumDriver.java:1)
at io.appium.java_client.windows.WindowsDriver.findElementByName(WindowsDriver.java:1)
at com.vrt.base.BaseClass.UserLoginPopup(BaseClass.java:191)
at com.vrt.testcases.UM1.ADMN069H(UM1.java:1945)
at sun.reflect.NativeMethodAccessorImpl.invoke0(Native Method)
at sun.reflect.NativeMethodAccessorImpl.invoke(Unknown Source)
at sun.reflect.DelegatingMethodAccessorImpl.invoke(Unknown Source)
at java.lang.reflect.Method.invoke(Unknown Source)
at org.testng.internal.MethodInvocationHelper.invokeMethod(MethodInvocationHelper.java:124)
at org.testng.internal.Invoker.invokeMethod(Invoker.java:583)
at org.testng.internal.Invoker.retryFailed(Invoker.java:839)
at org.testng.internal.Invoker.invokeTestMethods(Invoker.java:1010)
at org.testng.internal.TestMethodWorker.invokeTestMethods(TestMethodWorker.java:125)
at org.testng.internal.TestMethodWorker.run(TestMethodWorker.java:109)
at org.testng.TestRunner.privateRun(TestRunner.java:648)
at org.testng.TestRunner.run(TestRunner.java:505)
at org.testng.SuiteRunner.runTest(SuiteRunner.java:455)
at org.testng.SuiteRunner.runSequentially(SuiteRunner.java:450)
at org.testng.SuiteRunner.privateRun(SuiteRunner.java:415)
at org.testng.SuiteRunner.run(SuiteRunner.java:364)
at org.testng.SuiteRunnerWorker.runSuite(SuiteRunnerWorker.java:52)
at org.testng.SuiteRunnerWorker.run(SuiteRunnerWorker.java:84)
at org.testng.TestNG.runSuitesSequentially(TestNG.java:1208)
at org.testng.TestNG.runSuitesLocally(TestNG.java:1137)
at org.testng.TestNG.runSuites(TestNG.java:1049)
at org.testng.TestNG.run(TestNG.java:1017)
at org.testng.remote.AbstractRemoteTestNG.run(AbstractRemoteTestNG.java:115)
at org.testng.remote.RemoteTestNG.initAndRun(RemoteTestNG.java:251)
at org.testng.remote.RemoteTestNG.main(RemoteTestNG.java:77)
]]>
    </failure>
  </testcase> <!-- ADMN069H -->
  <testcase name="ADMN069I" time="4.015" classname="com.vrt.testcases.UM1"/>
  <testcase name="ADMN069J" time="4.34" classname="com.vrt.testcases.UM1"/>
  <testcase name="ADMN126" time="3.576" classname="com.vrt.testcases.UM1"/>
  <testcase name="ADMN126A" time="3.833" classname="com.vrt.testcases.UM1"/>
  <testcase name="ADMN127" time="4.017" classname="com.vrt.testcases.UM1"/>
  <testcase name="ADMN128" time="5.853" classname="com.vrt.testcases.UM1">
    <skipped/>
  </testcase> <!-- ADMN128 -->
  <testcase name="ADMN128" time="5.886" classname="com.vrt.testcases.UM1">
    <skipped/>
  </testcase> <!-- ADMN128 -->
  <testcase name="ADMN128" time="5.839" classname="com.vrt.testcases.UM1">
    <failure type="java.lang.AssertionError" message="The following asserts failed:
	FAIL:Invalid Credential, Please try again message Not displaying expected [Invalid Credential, Please try again.] but found [Invalid Credential, Please try again]">
      <![CDATA[java.lang.AssertionError: The following asserts failed:
FAIL:Invalid Credential, Please try again message Not displaying expected [Invalid Credential, Please try again.] but found [Invalid Credential, Please try again]
at org.testng.asserts.SoftAssert.assertAll(SoftAssert.java:43)
at com.vrt.testcases.UM1.ADMN128(UM1.java:2061)
at sun.reflect.NativeMethodAccessorImpl.invoke0(Native Method)
at sun.reflect.NativeMethodAccessorImpl.invoke(Unknown Source)
at sun.reflect.DelegatingMethodAccessorImpl.invoke(Unknown Source)
at java.lang.reflect.Method.invoke(Unknown Source)
at org.testng.internal.MethodInvocationHelper.invokeMethod(MethodInvocationHelper.java:124)
at org.testng.internal.Invoker.invokeMethod(Invoker.java:583)
at org.testng.internal.Invoker.retryFailed(Invoker.java:839)
at org.testng.internal.Invoker.invokeTestMethods(Invoker.java:1010)
at org.testng.internal.TestMethodWorker.invokeTestMethods(TestMethodWorker.java:125)
at org.testng.internal.TestMethodWorker.run(TestMethodWorker.java:109)
at org.testng.TestRunner.privateRun(TestRunner.java:648)
at org.testng.TestRunner.run(TestRunner.java:505)
at org.testng.SuiteRunner.runTest(SuiteRunner.java:455)
at org.testng.SuiteRunner.runSequentially(SuiteRunner.java:450)
at org.testng.SuiteRunner.privateRun(SuiteRunner.java:415)
at org.testng.SuiteRunner.run(SuiteRunner.java:364)
at org.testng.SuiteRunnerWorker.runSuite(SuiteRunnerWorker.java:52)
at org.testng.SuiteRunnerWorker.run(SuiteRunnerWorker.java:84)
at org.testng.TestNG.runSuitesSequentially(TestNG.java:1208)
at org.testng.TestNG.runSuitesLocally(TestNG.java:1137)
at org.testng.TestNG.runSuites(TestNG.java:1049)
at org.testng.TestNG.run(TestNG.java:1017)
at org.testng.remote.AbstractRemoteTestNG.run(AbstractRemoteTestNG.java:115)
at org.testng.remote.RemoteTestNG.initAndRun(RemoteTestNG.java:251)
at org.testng.remote.RemoteTestNG.main(RemoteTestNG.java:77)
]]>
    </failure>
  </testcase> <!-- ADMN128 -->
  <testcase name="ADMN129" time="6.311" classname="com.vrt.testcases.UM1"/>
  <testcase name="ADMN130" time="0.74" classname="com.vrt.testcases.UM1"/>
  <testcase name="ADMN132" time="1.595" classname="com.vrt.testcases.UM1"/>
  <testcase name="ADMN133" time="1.336" classname="com.vrt.testcases.UM1"/>
  <testcase name="ADMN046" time="10.497" classname="com.vrt.testcases.UM2"/>
  <testcase name="ADMN047" time="9.155" classname="com.vrt.testcases.UM2"/>
  <testcase name="ADMN048A" time="11.824" classname="com.vrt.testcases.UM2"/>
  <testcase name="ADMN048B" time="18.587" classname="com.vrt.testcases.UM2"/>
  <testcase name="ADMN049" time="6.796" classname="com.vrt.testcases.UM2"/>
  <testcase name="ADMN050" time="6.987" classname="com.vrt.testcases.UM2"/>
  <testcase name="ADMN050A" time="12.725" classname="com.vrt.testcases.UM2"/>
  <testcase name="ADMN052" time="4.067" classname="com.vrt.testcases.UM2"/>
  <testcase name="ADMN053" time="8.172" classname="com.vrt.testcases.UM2"/>
  <testcase name="ADMN054" time="4.636" classname="com.vrt.testcases.UM2"/>
  <testcase name="ADMN054A" time="7.843" classname="com.vrt.testcases.UM2"/>
  <testcase name="ADMN055" time="7.841" classname="com.vrt.testcases.UM2"/>
  <testcase name="ADMN059" time="10.726" classname="com.vrt.testcases.UM2"/>
  <testcase name="ADMN062" time="21.376" classname="com.vrt.testcases.UM2"/>
  <testcase name="ADMN064" time="6.587" classname="com.vrt.testcases.UM2"/>
  <testcase name="ADMN072" time="14.372" classname="com.vrt.testcases.UM2"/>
  <testcase name="ADMN073" time="9.728" classname="com.vrt.testcases.UM2"/>
  <testcase name="ADMN074" time="13.552" classname="com.vrt.testcases.UM2"/>
  <testcase name="ADMN074A" time="9.621" classname="com.vrt.testcases.UM2"/>
  <testcase name="ADMN075" time="4.083" classname="com.vrt.testcases.UM2"/>
  <testcase name="ADMN076" time="9.888" classname="com.vrt.testcases.UM2"/>
  <testcase name="ADMN077A" time="7.364" classname="com.vrt.testcases.UM2"/>
  <testcase name="ADMN077B" time="8.087" classname="com.vrt.testcases.UM2"/>
  <testcase name="ADMN078" time="8.981" classname="com.vrt.testcases.UM2"/>
  <testcase name="ADMN080" time="9.014" classname="com.vrt.testcases.UM2"/>
  <testcase name="ADMN082" time="22.987" classname="com.vrt.testcases.UM2"/>
  <testcase name="ADMN083" time="6.811" classname="com.vrt.testcases.UM2"/>
  <testcase name="ADMN084" time="4.031" classname="com.vrt.testcases.UM2"/>
  <testcase name="ADMN086" time="8.026" classname="com.vrt.testcases.UM2"/>
  <testcase name="ADMN088" time="10.997" classname="com.vrt.testcases.UM2"/>
  <testcase name="ADMN094" time="6.922" classname="com.vrt.testcases.UM2"/>
  <testcase name="ADMN094A" time="6.923" classname="com.vrt.testcases.UM2"/>
  <testcase name="ADMN096" time="7.702" classname="com.vrt.testcases.UM2"/>
  <testcase name="ADMN097" time="11.73" classname="com.vrt.testcases.UM2"/>
  <testcase name="ADMN098" time="9.851" classname="com.vrt.testcases.UM2"/>
  <testcase name="ADMN099" time="13.424" classname="com.vrt.testcases.UM2"/>
  <testcase name="ADMN100" time="9.639" classname="com.vrt.testcases.UM2"/>
  <testcase name="ADMN101" time="11.117" classname="com.vrt.testcases.UM2"/>
  <testcase name="ADMN105" time="10.147" classname="com.vrt.testcases.UM2"/>
  <testcase name="ADMN106" time="9.267" classname="com.vrt.testcases.UM2"/>
  <testcase name="ADMN107" time="6.801" classname="com.vrt.testcases.UM2"/>
  <testcase name="ADMN108" time="4.044" classname="com.vrt.testcases.UM2"/>
  <testcase name="ADMN109" time="6.762" classname="com.vrt.testcases.UM2"/>
  <testcase name="ADMN109A" time="6.808" classname="com.vrt.testcases.UM2"/>
  <testcase name="ADMN115" time="4.066" classname="com.vrt.testcases.UM2"/>
  <testcase name="ADMN116" time="8.285" classname="com.vrt.testcases.UM2"/>
  <testcase name="ADMN117A" time="5.372" classname="com.vrt.testcases.UM2"/>
  <testcase name="ADMN117B" time="8.05" classname="com.vrt.testcases.UM2"/>
  <testcase name="ADMN118" time="10.001" classname="com.vrt.testcases.UM2"/>
  <testcase name="ADMN119" time="16.47" classname="com.vrt.testcases.UM2"/>
  <testcase name="ADMN119A" time="18.142" classname="com.vrt.testcases.UM2"/>
  <testcase name="ADMN119B" time="18.071" classname="com.vrt.testcases.UM2"/>
  <testcase name="ADMN133" time="8.162" classname="com.vrt.testcases.UM2"/>
  <testcase name="ADMN058A" time="5.373" classname="com.vrt.testcases.UM3"/>
  <testcase name="ADMN058B" time="7.715" classname="com.vrt.testcases.UM3"/>
  <testcase name="ADMN060" time="7.781" classname="com.vrt.testcases.UM3"/>
  <testcase name="ADMN085A" time="4.708" classname="com.vrt.testcases.UM3"/>
  <testcase name="ADMN085B" time="7.774" classname="com.vrt.testcases.UM3"/>
  <testcase name="ADMN087" time="9.606" classname="com.vrt.testcases.UM3"/>
  <testcase name="ADMN111" time="4.665" classname="com.vrt.testcases.UM3"/>
  <testcase name="ADMN111A" time="25.78" classname="com.vrt.testcases.UM3"/>
  <testcase name="ADMN112" time="9.742" classname="com.vrt.testcases.UM3"/>
  <testcase name="CADMN1" time="9.978" classname="com.vrt.testcases.UM3"/>
  <testcase name="CADMN10" time="13.449" classname="com.vrt.testcases.UM3"/>
  <testcase name="CADMN11" time="9.553" classname="com.vrt.testcases.UM3"/>
  <testcase name="CADMN12" time="10.038" classname="com.vrt.testcases.UM3"/>
  <testcase name="CADMN14" time="9.061" classname="com.vrt.testcases.UM3"/>
  <testcase name="CADMN15" time="8.344" classname="com.vrt.testcases.UM3"/>
  <testcase name="CADMN16" time="10.479" classname="com.vrt.testcases.UM3"/>
  <testcase name="CADMN19" time="27.083" classname="com.vrt.testcases.UM3"/>
  <testcase name="CADMN2" time="7.615" classname="com.vrt.testcases.UM3"/>
  <testcase name="CADMN20" time="9.013" classname="com.vrt.testcases.UM3"/>
  <testcase name="CADMN21" time="11.828" classname="com.vrt.testcases.UM3"/>
  <testcase name="CADMN22" time="18.552" classname="com.vrt.testcases.UM3"/>
  <testcase name="CADMN23A" time="18.114" classname="com.vrt.testcases.UM3"/>
  <testcase name="CADMN23B" time="6.731" classname="com.vrt.testcases.UM3"/>
  <testcase name="CADMN24" time="6.778" classname="com.vrt.testcases.UM3"/>
  <testcase name="CADMN25" time="6.785" classname="com.vrt.testcases.UM3"/>
  <testcase name="CADMN26" time="4.01" classname="com.vrt.testcases.UM3"/>
  <testcase name="CADMN27" time="8.218" classname="com.vrt.testcases.UM3"/>
  <testcase name="CADMN28" time="10.656" classname="com.vrt.testcases.UM3"/>
  <testcase name="CADMN29" time="7.034" classname="com.vrt.testcases.UM3"/>
  <testcase name="CADMN30" time="13.882" classname="com.vrt.testcases.UM3"/>
  <testcase name="CADMN31" time="10.15" classname="com.vrt.testcases.UM3"/>
  <testcase name="CADMN32" time="18.51" classname="com.vrt.testcases.UM3"/>
  <testcase name="CADMN35" time="9.02" classname="com.vrt.testcases.UM3"/>
  <testcase name="CADMN36" time="6.825" classname="com.vrt.testcases.UM3"/>
  <testcase name="CADMN37" time="6.913" classname="com.vrt.testcases.UM3"/>
  <testcase name="CADMN38" time="6.891" classname="com.vrt.testcases.UM3"/>
  <testcase name="CADMN39" time="8.603" classname="com.vrt.testcases.UM3"/>
  <testcase name="CADMN40" time="4.031" classname="com.vrt.testcases.UM3"/>
  <testcase name="CADMN5" time="9.302" classname="com.vrt.testcases.UM3"/>
  <testcase name="CADMN6" time="6.821" classname="com.vrt.testcases.UM3"/>
  <testcase name="CADMN7" time="6.78" classname="com.vrt.testcases.UM3"/>
  <testcase name="CADMN8" time="6.776" classname="com.vrt.testcases.UM3"/>
  <testcase name="CADMN9" time="4.022" classname="com.vrt.testcases.UM3"/>
  <testcase name="ADMN051" time="13.084" classname="com.vrt.testcases.UM4"/>
  <testcase name="ADMN063" time="9.661" classname="com.vrt.testcases.UM4"/>
  <testcase name="ADMN065" time="29.025" classname="com.vrt.testcases.UM4">
    <skipped/>
  </testcase> <!-- ADMN065 -->
  <testcase name="ADMN065" time="27.801" classname="com.vrt.testcases.UM4">
    <skipped/>
  </testcase> <!-- ADMN065 -->
  <testcase name="ADMN065" time="28.96" classname="com.vrt.testcases.UM4">
    <failure type="org.openqa.selenium.NoSuchElementException" message="An element could not be located on the page using the given search parameters. (WARNING: The server did not provide any stacktrace information)
Command duration or timeout: 0 milliseconds
For documentation on this error, please visit: https://www.seleniumhq.org/exceptions/no_such_element.html
Build info: version: &amp;apos;3.141.59&amp;apos;, revision: &amp;apos;e82be7d358&amp;apos;, time: &amp;apos;2018-11-14T08:17:03&amp;apos;
System info: host: &amp;apos;AASHYD-4B6B2X2&amp;apos;, ip: &amp;apos;192.168.0.105&amp;apos;, os.name: &amp;apos;Windows 10&amp;apos;, os.arch: &amp;apos;amd64&amp;apos;, os.version: &amp;apos;10.0&amp;apos;, java.version: &amp;apos;1.8.0_181&amp;apos;
Driver info: io.appium.java_client.windows.WindowsDriver
Capabilities {app: Kaye.ValProbeRT_racmveb2qnw..., javascriptEnabled: true, platform: WINDOWS, platformName: WINDOWS}
Session ID: 9B8B7CED-0259-4F15-8CFA-48F3BB47BE4A
*** Element info: {Using=accessibility id, value=DeleteButton}">
      <![CDATA[org.openqa.selenium.NoSuchElementException: An element could not be located on the page using the given search parameters. (WARNING: The server did not provide any stacktrace information)
Command duration or timeout: 0 milliseconds
For documentation on this error, please visit: https://www.seleniumhq.org/exceptions/no_such_element.html
Build info: version: '3.141.59', revision: 'e82be7d358', time: '2018-11-14T08:17:03'
System info: host: 'AASHYD-4B6B2X2', ip: '192.168.0.105', os.name: 'Windows 10', os.arch: 'amd64', os.version: '10.0', java.version: '1.8.0_181'
Driver info: io.appium.java_client.windows.WindowsDriver
Capabilities {app: Kaye.ValProbeRT_racmveb2qnw..., javascriptEnabled: true, platform: WINDOWS, platformName: WINDOWS}
Session ID: 9B8B7CED-0259-4F15-8CFA-48F3BB47BE4A
*** Element info: {Using=accessibility id, value=DeleteButton}
at sun.reflect.NativeConstructorAccessorImpl.newInstance0(Native Method)
at sun.reflect.NativeConstructorAccessorImpl.newInstance(Unknown Source)
at sun.reflect.DelegatingConstructorAccessorImpl.newInstance(Unknown Source)
at java.lang.reflect.Constructor.newInstance(Unknown Source)
at org.openqa.selenium.remote.ErrorHandler.createThrowable(ErrorHandler.java:214)
at org.openqa.selenium.remote.ErrorHandler.throwIfResponseFailed(ErrorHandler.java:166)
at org.openqa.selenium.remote.http.JsonHttpResponseCodec.reconstructValue(JsonHttpResponseCodec.java:40)
at org.openqa.selenium.remote.http.AbstractHttpResponseCodec.decode(AbstractHttpResponseCodec.java:80)
at org.openqa.selenium.remote.http.AbstractHttpResponseCodec.decode(AbstractHttpResponseCodec.java:44)
at org.openqa.selenium.remote.HttpCommandExecutor.execute(HttpCommandExecutor.java:158)
at io.appium.java_client.remote.AppiumCommandExecutor.execute(AppiumCommandExecutor.java:239)
at org.openqa.selenium.remote.RemoteWebDriver.execute(RemoteWebDriver.java:552)
at io.appium.java_client.DefaultGenericMobileDriver.execute(DefaultGenericMobileDriver.java:42)
at io.appium.java_client.AppiumDriver.execute(AppiumDriver.java:1)
at io.appium.java_client.windows.WindowsDriver.execute(WindowsDriver.java:1)
at org.openqa.selenium.remote.RemoteWebDriver.findElement(RemoteWebDriver.java:323)
at io.appium.java_client.DefaultGenericMobileDriver.findElement(DefaultGenericMobileDriver.java:62)
at io.appium.java_client.AppiumDriver.findElement(AppiumDriver.java:1)
at io.appium.java_client.windows.WindowsDriver.findElement(WindowsDriver.java:1)
at io.appium.java_client.FindsByAccessibilityId.findElementByAccessibilityId(FindsByAccessibilityId.java:37)
at com.vrt.pages.assetDetailsPage.click_DeleteBtn(assetDetailsPage.java:365)
at com.vrt.testcases.UM4.ADMN065(UM4.java:294)
at sun.reflect.NativeMethodAccessorImpl.invoke0(Native Method)
at sun.reflect.NativeMethodAccessorImpl.invoke(Unknown Source)
at sun.reflect.DelegatingMethodAccessorImpl.invoke(Unknown Source)
at java.lang.reflect.Method.invoke(Unknown Source)
at org.testng.internal.MethodInvocationHelper.invokeMethod(MethodInvocationHelper.java:124)
at org.testng.internal.Invoker.invokeMethod(Invoker.java:583)
at org.testng.internal.Invoker.retryFailed(Invoker.java:839)
at org.testng.internal.Invoker.invokeTestMethods(Invoker.java:1010)
at org.testng.internal.TestMethodWorker.invokeTestMethods(TestMethodWorker.java:125)
at org.testng.internal.TestMethodWorker.run(TestMethodWorker.java:109)
at org.testng.TestRunner.privateRun(TestRunner.java:648)
at org.testng.TestRunner.run(TestRunner.java:505)
at org.testng.SuiteRunner.runTest(SuiteRunner.java:455)
at org.testng.SuiteRunner.runSequentially(SuiteRunner.java:450)
at org.testng.SuiteRunner.privateRun(SuiteRunner.java:415)
at org.testng.SuiteRunner.run(SuiteRunner.java:364)
at org.testng.SuiteRunnerWorker.runSuite(SuiteRunnerWorker.java:52)
at org.testng.SuiteRunnerWorker.run(SuiteRunnerWorker.java:84)
at org.testng.TestNG.runSuitesSequentially(TestNG.java:1208)
at org.testng.TestNG.runSuitesLocally(TestNG.java:1137)
at org.testng.TestNG.runSuites(TestNG.java:1049)
at org.testng.TestNG.run(TestNG.java:1017)
at org.testng.remote.AbstractRemoteTestNG.run(AbstractRemoteTestNG.java:115)
at org.testng.remote.RemoteTestNG.initAndRun(RemoteTestNG.java:251)
at org.testng.remote.RemoteTestNG.main(RemoteTestNG.java:77)
]]>
    </failure>
  </testcase> <!-- ADMN065 -->
  <testcase name="ADMN065A" time="9.518" classname="com.vrt.testcases.UM4"/>
  <testcase name="ADMN065B" time="9.573" classname="com.vrt.testcases.UM4"/>
  <testcase name="ADMN065C" time="10.115" classname="com.vrt.testcases.UM4"/>
  <testcase name="ADMN079" time="9.64" classname="com.vrt.testcases.UM4"/>
  <testcase name="ADMN081A" time="25.636" classname="com.vrt.testcases.UM4">
    <skipped/>
  </testcase> <!-- ADMN081A -->
  <testcase name="ADMN081A" time="24.999" classname="com.vrt.testcases.UM4">
    <skipped/>
  </testcase> <!-- ADMN081A -->
  <testcase name="ADMN081A" time="25.209" classname="com.vrt.testcases.UM4">
    <failure type="org.openqa.selenium.NoSuchElementException" message="An element could not be located on the page using the given search parameters. (WARNING: The server did not provide any stacktrace information)
Command duration or timeout: 0 milliseconds
For documentation on this error, please visit: https://www.seleniumhq.org/exceptions/no_such_element.html
Build info: version: &amp;apos;3.141.59&amp;apos;, revision: &amp;apos;e82be7d358&amp;apos;, time: &amp;apos;2018-11-14T08:17:03&amp;apos;
System info: host: &amp;apos;AASHYD-4B6B2X2&amp;apos;, ip: &amp;apos;192.168.0.105&amp;apos;, os.name: &amp;apos;Windows 10&amp;apos;, os.arch: &amp;apos;amd64&amp;apos;, os.version: &amp;apos;10.0&amp;apos;, java.version: &amp;apos;1.8.0_181&amp;apos;
Driver info: io.appium.java_client.windows.WindowsDriver
Capabilities {app: Kaye.ValProbeRT_racmveb2qnw..., javascriptEnabled: true, platform: WINDOWS, platformName: WINDOWS}
Session ID: E1374750-31C8-4E3E-B3C6-C8FD30FF7630
*** Element info: {Using=accessibility id, value=DeleteButton}">
      <![CDATA[org.openqa.selenium.NoSuchElementException: An element could not be located on the page using the given search parameters. (WARNING: The server did not provide any stacktrace information)
Command duration or timeout: 0 milliseconds
For documentation on this error, please visit: https://www.seleniumhq.org/exceptions/no_such_element.html
Build info: version: '3.141.59', revision: 'e82be7d358', time: '2018-11-14T08:17:03'
System info: host: 'AASHYD-4B6B2X2', ip: '192.168.0.105', os.name: 'Windows 10', os.arch: 'amd64', os.version: '10.0', java.version: '1.8.0_181'
Driver info: io.appium.java_client.windows.WindowsDriver
Capabilities {app: Kaye.ValProbeRT_racmveb2qnw..., javascriptEnabled: true, platform: WINDOWS, platformName: WINDOWS}
Session ID: E1374750-31C8-4E3E-B3C6-C8FD30FF7630
*** Element info: {Using=accessibility id, value=DeleteButton}
at sun.reflect.NativeConstructorAccessorImpl.newInstance0(Native Method)
at sun.reflect.NativeConstructorAccessorImpl.newInstance(Unknown Source)
at sun.reflect.DelegatingConstructorAccessorImpl.newInstance(Unknown Source)
at java.lang.reflect.Constructor.newInstance(Unknown Source)
at org.openqa.selenium.remote.ErrorHandler.createThrowable(ErrorHandler.java:214)
at org.openqa.selenium.remote.ErrorHandler.throwIfResponseFailed(ErrorHandler.java:166)
at org.openqa.selenium.remote.http.JsonHttpResponseCodec.reconstructValue(JsonHttpResponseCodec.java:40)
at org.openqa.selenium.remote.http.AbstractHttpResponseCodec.decode(AbstractHttpResponseCodec.java:80)
at org.openqa.selenium.remote.http.AbstractHttpResponseCodec.decode(AbstractHttpResponseCodec.java:44)
at org.openqa.selenium.remote.HttpCommandExecutor.execute(HttpCommandExecutor.java:158)
at io.appium.java_client.remote.AppiumCommandExecutor.execute(AppiumCommandExecutor.java:239)
at org.openqa.selenium.remote.RemoteWebDriver.execute(RemoteWebDriver.java:552)
at io.appium.java_client.DefaultGenericMobileDriver.execute(DefaultGenericMobileDriver.java:42)
at io.appium.java_client.AppiumDriver.execute(AppiumDriver.java:1)
at io.appium.java_client.windows.WindowsDriver.execute(WindowsDriver.java:1)
at org.openqa.selenium.remote.RemoteWebDriver.findElement(RemoteWebDriver.java:323)
at io.appium.java_client.DefaultGenericMobileDriver.findElement(DefaultGenericMobileDriver.java:62)
at io.appium.java_client.AppiumDriver.findElement(AppiumDriver.java:1)
at io.appium.java_client.windows.WindowsDriver.findElement(WindowsDriver.java:1)
at io.appium.java_client.FindsByAccessibilityId.findElementByAccessibilityId(FindsByAccessibilityId.java:37)
at com.vrt.pages.assetDetailsPage.click_DeleteBtn(assetDetailsPage.java:365)
at com.vrt.testcases.UM4.ADMN081A(UM4.java:391)
at sun.reflect.NativeMethodAccessorImpl.invoke0(Native Method)
at sun.reflect.NativeMethodAccessorImpl.invoke(Unknown Source)
at sun.reflect.DelegatingMethodAccessorImpl.invoke(Unknown Source)
at java.lang.reflect.Method.invoke(Unknown Source)
at org.testng.internal.MethodInvocationHelper.invokeMethod(MethodInvocationHelper.java:124)
at org.testng.internal.Invoker.invokeMethod(Invoker.java:583)
at org.testng.internal.Invoker.retryFailed(Invoker.java:839)
at org.testng.internal.Invoker.invokeTestMethods(Invoker.java:1010)
at org.testng.internal.TestMethodWorker.invokeTestMethods(TestMethodWorker.java:125)
at org.testng.internal.TestMethodWorker.run(TestMethodWorker.java:109)
at org.testng.TestRunner.privateRun(TestRunner.java:648)
at org.testng.TestRunner.run(TestRunner.java:505)
at org.testng.SuiteRunner.runTest(SuiteRunner.java:455)
at org.testng.SuiteRunner.runSequentially(SuiteRunner.java:450)
at org.testng.SuiteRunner.privateRun(SuiteRunner.java:415)
at org.testng.SuiteRunner.run(SuiteRunner.java:364)
at org.testng.SuiteRunnerWorker.runSuite(SuiteRunnerWorker.java:52)
at org.testng.SuiteRunnerWorker.run(SuiteRunnerWorker.java:84)
at org.testng.TestNG.runSuitesSequentially(TestNG.java:1208)
at org.testng.TestNG.runSuitesLocally(TestNG.java:1137)
at org.testng.TestNG.runSuites(TestNG.java:1049)
at org.testng.TestNG.run(TestNG.java:1017)
at org.testng.remote.AbstractRemoteTestNG.run(AbstractRemoteTestNG.java:115)
at org.testng.remote.RemoteTestNG.initAndRun(RemoteTestNG.java:251)
at org.testng.remote.RemoteTestNG.main(RemoteTestNG.java:77)
]]>
    </failure>
  </testcase> <!-- ADMN081A -->
  <testcase name="ADMN081B" time="9.521" classname="com.vrt.testcases.UM4"/>
  <testcase name="ADMN081C" time="9.637" classname="com.vrt.testcases.UM4"/>
  <testcase name="ADMN081D" time="9.481" classname="com.vrt.testcases.UM4"/>
  <testcase name="ADMN081E" time="10.226" classname="com.vrt.testcases.UM4"/>
  <testcase name="ADMN103" time="25.383" classname="com.vrt.testcases.UM4">
    <skipped/>
  </testcase> <!-- ADMN103 -->
  <testcase name="ADMN103" time="25.719" classname="com.vrt.testcases.UM4">
    <skipped/>
  </testcase> <!-- ADMN103 -->
  <testcase name="ADMN103" time="25.71" classname="com.vrt.testcases.UM4">
    <failure type="org.openqa.selenium.NoSuchElementException" message="An element could not be located on the page using the given search parameters. (WARNING: The server did not provide any stacktrace information)
Command duration or timeout: 0 milliseconds
For documentation on this error, please visit: https://www.seleniumhq.org/exceptions/no_such_element.html
Build info: version: &amp;apos;3.141.59&amp;apos;, revision: &amp;apos;e82be7d358&amp;apos;, time: &amp;apos;2018-11-14T08:17:03&amp;apos;
System info: host: &amp;apos;AASHYD-4B6B2X2&amp;apos;, ip: &amp;apos;192.168.0.105&amp;apos;, os.name: &amp;apos;Windows 10&amp;apos;, os.arch: &amp;apos;amd64&amp;apos;, os.version: &amp;apos;10.0&amp;apos;, java.version: &amp;apos;1.8.0_181&amp;apos;
Driver info: io.appium.java_client.windows.WindowsDriver
Capabilities {app: Kaye.ValProbeRT_racmveb2qnw..., javascriptEnabled: true, platform: WINDOWS, platformName: WINDOWS}
Session ID: 5AE5C829-7469-462C-BE28-A7BC12AD7C3E
*** Element info: {Using=accessibility id, value=DeleteButton}">
      <![CDATA[org.openqa.selenium.NoSuchElementException: An element could not be located on the page using the given search parameters. (WARNING: The server did not provide any stacktrace information)
Command duration or timeout: 0 milliseconds
For documentation on this error, please visit: https://www.seleniumhq.org/exceptions/no_such_element.html
Build info: version: '3.141.59', revision: 'e82be7d358', time: '2018-11-14T08:17:03'
System info: host: 'AASHYD-4B6B2X2', ip: '192.168.0.105', os.name: 'Windows 10', os.arch: 'amd64', os.version: '10.0', java.version: '1.8.0_181'
Driver info: io.appium.java_client.windows.WindowsDriver
Capabilities {app: Kaye.ValProbeRT_racmveb2qnw..., javascriptEnabled: true, platform: WINDOWS, platformName: WINDOWS}
Session ID: 5AE5C829-7469-462C-BE28-A7BC12AD7C3E
*** Element info: {Using=accessibility id, value=DeleteButton}
at sun.reflect.GeneratedConstructorAccessor63.newInstance(Unknown Source)
at sun.reflect.DelegatingConstructorAccessorImpl.newInstance(Unknown Source)
at java.lang.reflect.Constructor.newInstance(Unknown Source)
at org.openqa.selenium.remote.ErrorHandler.createThrowable(ErrorHandler.java:214)
at org.openqa.selenium.remote.ErrorHandler.throwIfResponseFailed(ErrorHandler.java:166)
at org.openqa.selenium.remote.http.JsonHttpResponseCodec.reconstructValue(JsonHttpResponseCodec.java:40)
at org.openqa.selenium.remote.http.AbstractHttpResponseCodec.decode(AbstractHttpResponseCodec.java:80)
at org.openqa.selenium.remote.http.AbstractHttpResponseCodec.decode(AbstractHttpResponseCodec.java:44)
at org.openqa.selenium.remote.HttpCommandExecutor.execute(HttpCommandExecutor.java:158)
at io.appium.java_client.remote.AppiumCommandExecutor.execute(AppiumCommandExecutor.java:239)
at org.openqa.selenium.remote.RemoteWebDriver.execute(RemoteWebDriver.java:552)
at io.appium.java_client.DefaultGenericMobileDriver.execute(DefaultGenericMobileDriver.java:42)
at io.appium.java_client.AppiumDriver.execute(AppiumDriver.java:1)
at io.appium.java_client.windows.WindowsDriver.execute(WindowsDriver.java:1)
at org.openqa.selenium.remote.RemoteWebDriver.findElement(RemoteWebDriver.java:323)
at io.appium.java_client.DefaultGenericMobileDriver.findElement(DefaultGenericMobileDriver.java:62)
at io.appium.java_client.AppiumDriver.findElement(AppiumDriver.java:1)
at io.appium.java_client.windows.WindowsDriver.findElement(WindowsDriver.java:1)
at io.appium.java_client.FindsByAccessibilityId.findElementByAccessibilityId(FindsByAccessibilityId.java:37)
at com.vrt.pages.assetDetailsPage.click_DeleteBtn(assetDetailsPage.java:365)
at com.vrt.testcases.UM4.ADMN103(UM4.java:489)
at sun.reflect.NativeMethodAccessorImpl.invoke0(Native Method)
at sun.reflect.NativeMethodAccessorImpl.invoke(Unknown Source)
at sun.reflect.DelegatingMethodAccessorImpl.invoke(Unknown Source)
at java.lang.reflect.Method.invoke(Unknown Source)
at org.testng.internal.MethodInvocationHelper.invokeMethod(MethodInvocationHelper.java:124)
at org.testng.internal.Invoker.invokeMethod(Invoker.java:583)
at org.testng.internal.Invoker.retryFailed(Invoker.java:839)
at org.testng.internal.Invoker.invokeTestMethods(Invoker.java:1010)
at org.testng.internal.TestMethodWorker.invokeTestMethods(TestMethodWorker.java:125)
at org.testng.internal.TestMethodWorker.run(TestMethodWorker.java:109)
at org.testng.TestRunner.privateRun(TestRunner.java:648)
at org.testng.TestRunner.run(TestRunner.java:505)
at org.testng.SuiteRunner.runTest(SuiteRunner.java:455)
at org.testng.SuiteRunner.runSequentially(SuiteRunner.java:450)
at org.testng.SuiteRunner.privateRun(SuiteRunner.java:415)
at org.testng.SuiteRunner.run(SuiteRunner.java:364)
at org.testng.SuiteRunnerWorker.runSuite(SuiteRunnerWorker.java:52)
at org.testng.SuiteRunnerWorker.run(SuiteRunnerWorker.java:84)
at org.testng.TestNG.runSuitesSequentially(TestNG.java:1208)
at org.testng.TestNG.runSuitesLocally(TestNG.java:1137)
at org.testng.TestNG.runSuites(TestNG.java:1049)
at org.testng.TestNG.run(TestNG.java:1017)
at org.testng.remote.AbstractRemoteTestNG.run(AbstractRemoteTestNG.java:115)
at org.testng.remote.RemoteTestNG.initAndRun(RemoteTestNG.java:251)
at org.testng.remote.RemoteTestNG.main(RemoteTestNG.java:77)
]]>
    </failure>
  </testcase> <!-- ADMN103 -->
  <testcase name="ADMN103A" time="9.538" classname="com.vrt.testcases.UM4"/>
  <testcase name="ADMN103B" time="9.576" classname="com.vrt.testcases.UM4"/>
  <testcase name="ADMN103C" time="10.192" classname="com.vrt.testcases.UM4"/>
  <testcase name="ADMN103D" time="9.492" classname="com.vrt.testcases.UM4"/>
  <testcase name="ADMN120" time="9.201" classname="com.vrt.testcases.UM4"/>
</testsuite> <!-- UMTestRegression -->
